********************************************************************************
Build Execution started
********************************************************************************
Tool Version : RTA-CAR 12.2.0 
Tool Build Id :20230905_1800
Date : Thu Feb 08 11:44:08 CET 2024
Project : Basic_Workflow
********************************************************************************

********************************************************************************
Project clean execution has started at 11:44:12:020 hh:mm:ss:ms 
********************************************************************************
Clean action: Bfx_Prepare 
Clean action: CanIf_GenerateId 
Clean action: ComMPreparator 
Clean action: Compiler_Generate 
Clean action: Det_validator 
Clean action: EcuC_Validate 
Clean action: EcuM_Forward 
Clean action: EcuM_Prepare 
Clean action: PduR_Forward 
Clean action: Platform_Prepare 
Clean action: Bfx_Validate 
Clean action: BswM_Validate 
Clean action: CanSM_Prepare 
Clean action: ComMForwarder 
Clean action: ComMValidator 
Clean action: Det_generator 
Clean action: EcuC_Generate 
Clean action: EcuM_PbDetermineForward 
Clean action: EcuM_RbMonitoringValidate 
Clean action: EcuM_Validate 
Clean action: Platform_Validate 
Clean action: Bfx_Generate 
Clean action: CanSM_Forward 
Clean action: CanSM_Validate 
Clean action: Com_Prepare 
Clean action: EcuM_Generate 
Clean action: EcuM_PbDetermineValidate 
Clean action: EcuM_RbMonitoringGenerate 
Clean action: EcuM_WarningReport 
Clean action: Platform_Generate 
Clean action: CanSM_Generate 
Clean action: ComMGenerator 
Clean action: Com_Validate 
Clean action: EcuM_PbDetermineGenerate 
Clean action: PduR_Prepare 
Clean action: BswM_Generate 
Clean action: CanIf_Forward 
Clean action: CanIf_Validate 
Clean action: ComValidator 
Clean action: Com_Forward 
Clean action: Com_Generate 
Clean action: Com_Generate_PB 
Clean action: PduR_Validate 
Clean action: CanIf_Generate 
Clean action: CanIf_Generate_PB 
Clean action: ComGenerator 
Clean action: Det_Forward 
Clean action: PduR_Generate 
Clean action: PduR_Generate_PB 
Clean action: rba_BswSrv_Generate 
Clean action: rba_ArxmlGen_Validate 
Clean action: rba_ArxmlGen_Generate 
********************************************************************************
Project clean execution has been completed
Time taken to run Project Clean :: 00:00:00:383 hh:mm:ss:ms 
********************************************************************************
********************************************************************************
Pre build execution has started at 11:44:12:646 hh:mm:ss:ms 
********************************************************************************
Pre build validation successfully completed
Execute action: 0_CheckLicenses 
********************************************************************************
Starting action: Verifying Licenses
License availabe for stack: Common: OK 
License availabe for stack: RTA-BASE: OK 
License availabe for stack: RTA-CAN: OK 
License availabe for stack: RTA-COM: OK 
License availabe for stack: RTA-DIAG: OK 
License availabe for stack: RTA-ETH: OK 
License availabe for stack: RTA-FRAY: OK 
License availabe for stack: RTA-HWD(Can): OK 
License availabe for stack: RTA-HWD(Eth): OK 
License availabe for stack: RTA-HWD(Fray): OK 
License availabe for stack: RTA-HWD(Lin): OK 
License availabe for stack: RTA-J1939: OK 
License availabe for stack: RTA-LIN: OK 
License availabe for stack: RTA-MEM: OK 
License availabe for stack: RTA-RipsPlugins: NO 
License availabe for stack: RTA-SAFE: OK 
License availabe for stack: RTA-SEC: OK 
License availabe for stack: RTA-SWCL: NO 
License availabe for stack: RTA-XCP: OK 
Finished action: Verifying Licenses
Execution of action 0_CheckLicenses successfully completed
********************************************************************************
Execute action: ApplicationRegisterer 
********************************************************************************
Starting action: Register the Application. Applicable only for Headless usage
Finished action: Register the Application. Applicable only for Headless usage
Registering Application not required - No support for headless
Execution of action ApplicationRegisterer skipped
********************************************************************************
Execute action: BswmdEcucValues_1_RemoveExistingBswmdEcucValues 
********************************************************************************
Starting action: Remove Bswmd Ecuc Values for ArxmlGen
Removing static BSWMD Ecuc Values.
Successfully removed static BSWMD Ecuc Values.
Finished action: Remove Bswmd Ecuc Values for ArxmlGen
Execution of action BswmdEcucValues_1_RemoveExistingBswmdEcucValues successfully completed
********************************************************************************
Execute action: BswmdEcucValues_2_CreateBswmdEcucValues 
********************************************************************************
Starting action: Create Bswmd Ecuc Values for ArxmlGen
Acquiring static BSWMD Ecuc Values.
Creating static BSWMD Ecuc Values files.
Creating file 'ComM_Prot_EcucValues.arxml'.
Creating file 'CanSM_Prot_EcucValues.arxml'.
Creating file 'PduR_Prot_EcucValues.arxml'.
Creating file 'Com_Prot_EcucValues.arxml'.
Creating file 'CanIf_Prot_EcucValues.arxml'.
Successfully created static BSWMD Ecuc Values.
Finished action: Create Bswmd Ecuc Values for ArxmlGen
Execution of action BswmdEcucValues_2_CreateBswmdEcucValues successfully completed
********************************************************************************
Execute action: ParamDefMissingChecker 
********************************************************************************
Starting action: Checks for empty definitons.
Finished action: Checks for empty definitons.
Execution of action ParamDefMissingChecker successfully completed
********************************************************************************
Execute action: ProjectStateValidator 
********************************************************************************
Starting action: Runs project validation.
Finished action: Runs project validation.
Execution of action ProjectStateValidator successfully completed
********************************************************************************
********************************************************************************
Main build execution has started at 11:44:17:785 hh:mm:ss:ms 
********************************************************************************
Execute action: Bfx_Prepare 
********************************************************************************
oAW: Prepare script: Bfx_Prepare.oaw
oAW: Run script: Bfx_Prepare.oaw
oAW: End of running script: Bfx_Prepare.oaw
Execution of action Bfx_Prepare successfully completed
********************************************************************************
Execute action: CanIf_GenerateId 
********************************************************************************
oAW: Prepare script: CanIf_GenerateId.oaw
oAW: Run script: CanIf_GenerateId.oaw
oAW: End of running script: CanIf_GenerateId.oaw
Execution of action CanIf_GenerateId successfully completed
********************************************************************************
Execute action: ComMPreparator 
********************************************************************************
[INFO]No BswM ComMUser created as ComMDirectUserMapping is disabled
Execution of action ComMPreparator successfully completed
********************************************************************************
Execute action: Compiler_Generate 
********************************************************************************
oAW: Prepare script: Compiler_Generate.oaw
oAW: Run script: Compiler_Generate.oaw
oAW: End of running script: Compiler_Generate.oaw
Execution of action Compiler_Generate successfully completed
********************************************************************************
Execute action: Det_validator 
********************************************************************************
oAW: Prepare script: Det_Validate.mwe
oAW: Run script: Det_Validate.mwe
oAW: End of running script: Det_Validate.mwe
Execution of action Det_validator successfully completed
********************************************************************************
Execute action: EcuC_Validate 
********************************************************************************
oAW: Prepare script: EcuC_Validate.oaw
oAW: Run script: EcuC_Validate.oaw
oAW: End of running script: EcuC_Validate.oaw
Execution of action EcuC_Validate successfully completed
********************************************************************************
Execute action: EcuM_Forward 
********************************************************************************
oAW: Prepare script: EcuM_Forward.mwe
oAW: Run script: EcuM_Forward.mwe
oAW: End of running script: EcuM_Forward.mwe
Execution of action EcuM_Forward successfully completed
********************************************************************************
Execute action: EcuM_Prepare 
********************************************************************************
oAW: Prepare script: EcuM_GenerateId.mwe
oAW: Run script: EcuM_GenerateId.mwe
oAW: End of running script: EcuM_GenerateId.mwe
Execution of action EcuM_Prepare successfully completed
********************************************************************************
Execute action: PduR_Forward 
********************************************************************************
oAW: Prepare script: PduR_Forward.oaw
oAW: Run script: PduR_Forward.oaw
oAW: End of running script: PduR_Forward.oaw
Execution of action PduR_Forward successfully completed
********************************************************************************
Execute action: Platform_Prepare 
********************************************************************************
oAW: Prepare script: Platform_Prepare.oaw
oAW: Run script: Platform_Prepare.oaw
oAW: End of running script: Platform_Prepare.oaw
Execution of action Platform_Prepare successfully completed
********************************************************************************
Execute action: Bfx_Validate 
********************************************************************************
oAW: Prepare script: Bfx_Validate.oaw
oAW: Run script: Bfx_Validate.oaw
oAW: End of running script: Bfx_Validate.oaw
Execution of action Bfx_Validate successfully completed
********************************************************************************
Execute action: BswM_Validate 
********************************************************************************
oAW: Prepare script: BswM_Validate.mwe
oAW: Run script: BswM_Validate.mwe
oAW: End of running script: BswM_Validate.mwe
Execution of action BswM_Validate successfully completed
********************************************************************************
Execute action: CanSM_Prepare 
********************************************************************************
oAW: Prepare script: CanSM_GenerateId.oaw
oAW: Run script: CanSM_GenerateId.oaw
oAW: End of running script: CanSM_GenerateId.oaw
Execution of action CanSM_Prepare successfully completed
********************************************************************************
Execute action: ComMForwarder 
********************************************************************************
[INFO]Forwarding User size Information into application data type of variable ComM_UserStruct
[INFO]Forwarding User size Information into implementation data type of variable ComM_UserStruct
[INFO]Forwarding channel size to application data type of variable ComM_ChannelStruct
[INFO]Forwarding channel size to implementation data type of variable ComM_ChannelStruct
[INFO]Forwarding callback information to Com
[INFO]Forwarding callback information to NvM
Execution of action ComMForwarder successfully completed
********************************************************************************
Execute action: ComMValidator 
********************************************************************************
[WARN]The ComMChannel Can_Network_Channel_Can_Network has ComMNmVariant configured as 'None'. Channel with 'None' will never go to NO_COMMUNICATION. Check if this is the intended behaviour.
Execution of action ComMValidator successfully completed
********************************************************************************
Execute action: Det_generator 
********************************************************************************
oAW: Prepare script: Det_Generate.mwe
oAW: Run script: Det_Generate.mwe
oAW: End of running script: Det_Generate.mwe
Execution of action Det_generator successfully completed
********************************************************************************
Execute action: EcuC_Generate 
********************************************************************************
oAW: Prepare script: EcuC_Generate.oaw
oAW: Run script: EcuC_Generate.oaw
oAW: End of running script: EcuC_Generate.oaw
Execution of action EcuC_Generate successfully completed
********************************************************************************
Execute action: EcuM_PbDetermineForward 
********************************************************************************
oAW: Prepare script: EcuM_PbDetermineForward.mwe
oAW: Run script: EcuM_PbDetermineForward.mwe
oAW: End of running script: EcuM_PbDetermineForward.mwe
Execution of action EcuM_PbDetermineForward successfully completed
********************************************************************************
Execute action: EcuM_RbMonitoringValidate 
********************************************************************************
oAW: Prepare script: EcuM_RbMonitoringValidate.mwe
oAW: Run script: EcuM_RbMonitoringValidate.mwe
oAW: End of running script: EcuM_RbMonitoringValidate.mwe
Execution of action EcuM_RbMonitoringValidate successfully completed
********************************************************************************
Execute action: EcuM_Validate 
********************************************************************************
oAW: Prepare script: EcuM_Validate.mwe
oAW: Run script: EcuM_Validate.mwe
oAW: End of running script: EcuM_Validate.mwe
Execution of action EcuM_Validate successfully completed
********************************************************************************
Execute action: Platform_Validate 
********************************************************************************
oAW: Prepare script: Platform_Validate.oaw
oAW: Run script: Platform_Validate.oaw
oAW: End of running script: Platform_Validate.oaw
Execution of action Platform_Validate successfully completed
********************************************************************************
Execute action: Bfx_Generate 
********************************************************************************
oAW: Prepare script: Bfx_Generate.oaw
oAW: Run script: Bfx_Generate.oaw
oAW: End of running script: Bfx_Generate.oaw
Execution of action Bfx_Generate successfully completed
********************************************************************************
Execute action: CanSM_Forward 
********************************************************************************
oAW: Prepare script: CanSM_Forward.oaw
oAW: Run script: CanSM_Forward.oaw
oAW: End of running script: CanSM_Forward.oaw
Execution of action CanSM_Forward successfully completed
********************************************************************************
Execute action: CanSM_Validate 
********************************************************************************
oAW: Prepare script: CanSM_Validate.oaw
oAW: Run script: CanSM_Validate.oaw
oAW: End of running script: CanSM_Validate.oaw
Execution of action CanSM_Validate successfully completed
********************************************************************************
Execute action: Com_Prepare 
********************************************************************************
oAW: Prepare script: Com_GenerateId.oaw
oAW: Run script: Com_GenerateId.oaw
oAW: End of running script: Com_GenerateId.oaw
Execution of action Com_Prepare successfully completed
********************************************************************************
Execute action: EcuM_Generate 
********************************************************************************
oAW: Prepare script: EcuM_Generate.mwe
oAW: Run script: EcuM_Generate.mwe
oAW: End of running script: EcuM_Generate.mwe
Execution of action EcuM_Generate successfully completed
********************************************************************************
Execute action: EcuM_PbDetermineValidate 
********************************************************************************
oAW: Prepare script: EcuM_PbDetermineValidate.mwe
oAW: Run script: EcuM_PbDetermineValidate.mwe
oAW: End of running script: EcuM_PbDetermineValidate.mwe
Execution of action EcuM_PbDetermineValidate successfully completed
********************************************************************************
Execute action: EcuM_RbMonitoringGenerate 
********************************************************************************
oAW: Prepare script: EcuM_RbMonitoringGenerate.mwe
oAW: Run script: EcuM_RbMonitoringGenerate.mwe
oAW: End of running script: EcuM_RbMonitoringGenerate.mwe
Execution of action EcuM_RbMonitoringGenerate successfully completed
********************************************************************************
Execute action: EcuM_WarningReport 
********************************************************************************
oAW: Prepare script: EcuM_WarningReport.mwe
oAW: Run script: EcuM_WarningReport.mwe
oAW: End of running script: EcuM_WarningReport.mwe
Execution of action EcuM_WarningReport successfully completed
********************************************************************************
Execute action: Platform_Generate 
********************************************************************************
oAW: Prepare script: Platform_Generate.oaw
oAW: Run script: Platform_Generate.oaw
oAW: End of running script: Platform_Generate.oaw
Execution of action Platform_Generate successfully completed
********************************************************************************
Execute action: CanSM_Generate 
********************************************************************************
oAW: Prepare script: CanSM_Generate.oaw
oAW: Run script: CanSM_Generate.oaw
oAW: End of running script: CanSM_Generate.oaw
Execution of action CanSM_Generate successfully completed
********************************************************************************
Execute action: ComMGenerator 
********************************************************************************
[INFO]Generation of the file ComM_EOC.arxml started
[INFO]Generation of the file ComM_EOC.arxml completed
[INFO]Generation of the file ComM_Cfg.h started
[INFO]Generation of the file ComM_Cfg.h completed
[INFO]Generation of the file ComM_Cfg.c started
[INFO]Generation of the file ComM_Cfg.c completed
[INFO]Generation of the file ComM_Cfg_Internal.h started
[INFO]Generation of the file ComM_Cfg_Internal.h completed
[INFO]Generation of the file ComM_PBcfg.h started
[INFO]Generation of the file ComM_PBcfg.h completed
[INFO]Generation of the file ComM_PBcfg.c started
[INFO]Generation of the file ComM_PBcfg.c completed
[INFO]Generation of the file ComM_Main.h started
[INFO]Generation of the file ComM_Main.h completed
[INFO]Generation of the file ComM_Main.c started
[INFO]Generation of the file ComM_Main.c completed
[INFO]Generation of the file ComM_Cfg_SWCD.arxml started
[INFO]Generation of the file ComM_Cfg_SWCD.arxml completed
[INFO]Generation of the file ComM_Cbk.h started
[INFO]Generation of the file ComM_Cbk.h completed
Execution of action ComMGenerator successfully completed
********************************************************************************
Execute action: Com_Validate 
********************************************************************************
oAW: Prepare script: Com_Validate.oaw
oAW: Run script: Com_Validate.oaw
oAW: End of running script: Com_Validate.oaw
Execution of action Com_Validate successfully completed
********************************************************************************
Execute action: EcuM_PbDetermineGenerate 
********************************************************************************
oAW: Prepare script: EcuM_PbDetermineGenerate.mwe
oAW: Run script: EcuM_PbDetermineGenerate.mwe
oAW: End of running script: EcuM_PbDetermineGenerate.mwe
Execution of action EcuM_PbDetermineGenerate successfully completed
********************************************************************************
Execute action: PduR_Prepare 
********************************************************************************
oAW: Prepare script: PduR_GenerateId.oaw
oAW: Run script: PduR_GenerateId.oaw
oAW: End of running script: PduR_GenerateId.oaw
Execution of action PduR_Prepare successfully completed
********************************************************************************
Execute action: BswM_Generate 
********************************************************************************
oAW: Prepare script: BswM_Generate.mwe
oAW: Run script: BswM_Generate.mwe
oAW: End of running script: BswM_Generate.mwe
Execution of action BswM_Generate successfully completed
********************************************************************************
Execute action: CanIf_Forward 
********************************************************************************
oAW: Prepare script: CanIf_Forward.oaw
oAW: Run script: CanIf_Forward.oaw
oAW: End of running script: CanIf_Forward.oaw
Execution of action CanIf_Forward successfully completed
********************************************************************************
Execute action: CanIf_Validate 
********************************************************************************
oAW: Prepare script: CanIf_Validate.oaw
oAW: Run script: CanIf_Validate.oaw
oAW: End of running script: CanIf_Validate.oaw
Execution of action CanIf_Validate successfully completed
********************************************************************************
Execute action: ComValidator 
********************************************************************************
Execution of action ComValidator successfully completed
********************************************************************************
Execute action: Com_Forward 
********************************************************************************
oAW: Prepare script: Com_Forward.oaw
oAW: Run script: Com_Forward.oaw
oAW: End of running script: Com_Forward.oaw
Execution of action Com_Forward successfully completed
********************************************************************************
Execute action: Com_Generate 
********************************************************************************
oAW: Prepare script: Com_Generate.oaw
oAW: Run script: Com_Generate.oaw
oAW: End of running script: Com_Generate.oaw
Execution of action Com_Generate successfully completed
********************************************************************************
Execute action: Com_Generate_PB 
********************************************************************************
oAW: Prepare script: Com_Generate_PB.oaw
oAW: Run script: Com_Generate_PB.oaw
oAW: End of running script: Com_Generate_PB.oaw
Execution of action Com_Generate_PB successfully completed
********************************************************************************
Execute action: PduR_Validate 
********************************************************************************
oAW: Prepare script: PduR_Validate.oaw
oAW: Run script: PduR_Validate.oaw
oAW: End of running script: PduR_Validate.oaw
Execution of action PduR_Validate successfully completed
********************************************************************************
Execute action: CanIf_Generate 
********************************************************************************
oAW: Prepare script: CanIf_Generate.oaw
oAW: Run script: CanIf_Generate.oaw
oAW: End of running script: CanIf_Generate.oaw
Execution of action CanIf_Generate successfully completed
********************************************************************************
Execute action: CanIf_Generate_PB 
********************************************************************************
oAW: Prepare script: CanIf_Generate_PB.oaw
oAW: Run script: CanIf_Generate_PB.oaw
oAW: End of running script: CanIf_Generate_PB.oaw
Execution of action CanIf_Generate_PB successfully completed
********************************************************************************
Execute action: ComGenerator 
********************************************************************************
Execution of action ComGenerator successfully completed
********************************************************************************
Execute action: Det_Forward 
********************************************************************************
oAW: Prepare script: Det_Forward.oaw
oAW: Run script: Det_Forward.oaw
oAW: End of running script: Det_Forward.oaw
Execution of action Det_Forward successfully completed
********************************************************************************
Execute action: PduR_Generate 
********************************************************************************
oAW: Prepare script: PduR_Generate.oaw
oAW: Run script: PduR_Generate.oaw
oAW: End of running script: PduR_Generate.oaw
Execution of action PduR_Generate successfully completed
********************************************************************************
Execute action: PduR_Generate_PB 
********************************************************************************
oAW: Prepare script: PduR_Generate_PB.oaw
oAW: Run script: PduR_Generate_PB.oaw
oAW: End of running script: PduR_Generate_PB.oaw
Execution of action PduR_Generate_PB successfully completed
********************************************************************************
Execute action: rba_BswSrv_Generate 
********************************************************************************
Execution of action rba_BswSrv_Generate successfully completed
********************************************************************************
Execute action: rba_ArxmlGen_Validate 
********************************************************************************
oAW: Prepare script: rba_ArxmlGen_Validate.oaw
oAW: Run script: rba_ArxmlGen_Validate.oaw
oAW: End of running script: rba_ArxmlGen_Validate.oaw
Execution of action rba_ArxmlGen_Validate successfully completed
********************************************************************************
Execute action: rba_ArxmlGen_Generate 
********************************************************************************
oAW: Prepare script: rba_ArxmlGen_Generate.oaw
oAW: Run script: rba_ArxmlGen_Generate.oaw
oAW: End of running script: rba_ArxmlGen_Generate.oaw
Execution of action rba_ArxmlGen_Generate successfully completed
********************************************************************************
********************************************************************************
Post build execution has started at 11:45:03:811 hh:mm:ss:ms 
********************************************************************************
Execute action: CopyOutput_1_CopyGeneratedCodeToOutput 
********************************************************************************
Starting action: Copy generated code to the output folder.
Finished action: Copy generated code to the output folder.
Execution of action CopyOutput_1_CopyGeneratedCodeToOutput successfully completed
********************************************************************************
Execute action: CopyOutput_2_CopyGeneratedArxmlToProject 
********************************************************************************
Starting action: Copy generated ARXML to the output folder.
Finished action: Copy generated ARXML to the output folder.
Execution of action CopyOutput_2_CopyGeneratedArxmlToProject successfully completed
********************************************************************************
Execute action: CopyOutput_3_CopyStaticIntegrationCodeToOutput 
********************************************************************************
Starting action: Copy integration code to the output folder.
Copied new integration code file 'SchM.h'.
Copied new integration code file 'ComStack_Types.h'.
Copied new integration code file 'Platform_Types_Cfg.h'.
Copied new integration code file 'SchM_Default.h'.
Copied new integration code file 'Bsw_MemMap.h'.
Copied new integration code file 'ComStack_Cfg.h'.
Copied new integration code file 'Platform_Types.h'.
Copied new integration code file 'Std_Types.h'.
Copied new integration code file 'Compiler_Cfg.h'.
Copied new integration code file 'ComAppl.c'.
Copied new integration code file 'Com_Cfg_SchM.h'.
Copied new integration code file 'Platform_Types_Cfg.h'.
Copied new integration code file 'ComMAppl.c'.
Copied new integration code file 'ComM_Cfg_SchM.h'.
Copied new integration code file 'CanIfAppl.c'.
Copied new integration code file 'CanIf_Integn.c'.
Copied new integration code file 'CanIf_Cfg_SchM.h'.
Copied new integration code file 'CanIf_Integn.h'.
Copied new integration code file 'Can_GeneralTypes.h'.
Copied new integration code file 'Can_GeneralTypes.arxml'.
Copied new integration code file 'Det_Cfg_SchM.h'.
Copied new integration code file 'CanSM_Cfg_SchM.h'.
Copied new integration code file 'EcuM_RunTime.h'.
Copied new integration code file 'EcuM_CompilerSpecific.h'.
Copied new integration code file 'EcuM_Callout_Stubs.c'.
Copied new integration code file 'EcuM_Cfg_SchM.h'.
Copied new integration code file 'PduR_Cfg_SchM.h'.
Copied new integration code file 'PduRAppl.c'.
Copied new integration code file 'BswM_Appl.c'.
Copied new integration code file 'BswM_Cfg_SchM.h'.
Finished action: Copy integration code to the output folder.
Execution of action CopyOutput_3_CopyStaticIntegrationCodeToOutput successfully completed
********************************************************************************
Execute action: CopyOutput_4_CopyStaticCodeToOutput 
********************************************************************************
Starting action: Copy static code to the output folder.
Finished action: Copy static code to the output folder.
Execution of action CopyOutput_4_CopyStaticCodeToOutput successfully completed
********************************************************************************
Execute action: CopyOutput_5_CopyStaticArxmlToProject 
********************************************************************************
Starting action: Copy static ARXML to the output folder.
Finished action: Copy static ARXML to the output folder.
Execution of action CopyOutput_5_CopyStaticArxmlToProject successfully completed
********************************************************************************
Execute action: CopyOutput_6_CopyGeneratedLogsToOutput 
********************************************************************************
Starting action: Copy generated logs to the output folder.
Finished action: Copy generated logs to the output folder.
Execution of action CopyOutput_6_CopyGeneratedLogsToOutput successfully completed
********************************************************************************
Execute action: CopyOutput_7_CleanupGeneratedCode 
********************************************************************************
Starting action: Cleanup generated code to the output folder.
Finished action: Cleanup generated code to the output folder.
Execution of action CopyOutput_7_CleanupGeneratedCode successfully completed
********************************************************************************
Execute action: GenerateCodeGenVersionHeader 
********************************************************************************
Starting action: Generate the CodeGen version and diagnostic header file.
Finished action: Generate the CodeGen version and diagnostic header file.
Execution of action GenerateCodeGenVersionHeader successfully completed
********************************************************************************
Execute action: MapServiceComponentsToECUExtract 
********************************************************************************
Starting action: Map Service Components to ECU_Extract
Finished action: Map Service Components to ECU_Extract
Execution of action MapServiceComponentsToECUExtract successfully completed
********************************************************************************

********************************************************************************
Pre Build Summary 
********************************************************************************
- 0_CheckLicenses --> Success (Executed for 00:00:00:231 hh:mm:ss:ms)
- ApplicationRegisterer --> Skipped (Executed for 00:00:00:035 hh:mm:ss:ms)
- BswmdEcucValues_1_RemoveExistingBswmdEcucValues --> Success (Executed for 00:00:00:046 hh:mm:ss:ms)
- BswmdEcucValues_2_CreateBswmdEcucValues --> Success (Executed for 00:00:00:112 hh:mm:ss:ms)
- ParamDefMissingChecker --> Success (Executed for 00:00:00:877 hh:mm:ss:ms)
- ProjectStateValidator --> Success (Executed for 00:00:00:020 hh:mm:ss:ms)
Build Summary 
********************************************************************************
- Bfx_Prepare --> Success (Executed for 00:00:04:442 hh:mm:ss:ms)
- CanIf_GenerateId --> Success (Executed for 00:00:00:196 hh:mm:ss:ms)
- ComMPreparator --> Success (Executed for 00:00:17:618 hh:mm:ss:ms)
- Compiler_Generate --> Success (Executed for 00:00:00:082 hh:mm:ss:ms)
- Det_validator --> Success (Executed for 00:00:00:110 hh:mm:ss:ms)
- EcuC_Validate --> Success (Executed for 00:00:00:049 hh:mm:ss:ms)
- EcuM_Forward --> Success (Executed for 00:00:00:028 hh:mm:ss:ms)
- EcuM_Prepare --> Success (Executed for 00:00:00:074 hh:mm:ss:ms)
- PduR_Forward --> Success (Executed for 00:00:00:120 hh:mm:ss:ms)
- Platform_Prepare --> Success (Executed for 00:00:00:041 hh:mm:ss:ms)
- Bfx_Validate --> Success (Executed for 00:00:00:047 hh:mm:ss:ms)
- BswM_Validate --> Success (Executed for 00:00:00:222 hh:mm:ss:ms)
- CanSM_Prepare --> Success (Executed for 00:00:00:052 hh:mm:ss:ms)
- ComMForwarder --> Success (Executed for 00:00:02:332 hh:mm:ss:ms)
- ComMValidator --> Success (Executed for 00:00:02:202 hh:mm:ss:ms)
- Det_generator --> Success (Executed for 00:00:00:142 hh:mm:ss:ms)
- EcuC_Generate --> Success (Executed for 00:00:00:033 hh:mm:ss:ms)
- EcuM_PbDetermineForward --> Success (Executed for 00:00:00:031 hh:mm:ss:ms)
- EcuM_RbMonitoringValidate --> Success (Executed for 00:00:00:044 hh:mm:ss:ms)
- EcuM_Validate --> Success (Executed for 00:00:00:067 hh:mm:ss:ms)
- Platform_Validate --> Success (Executed for 00:00:00:040 hh:mm:ss:ms)
- Bfx_Generate --> Success (Executed for 00:00:00:061 hh:mm:ss:ms)
- CanSM_Forward --> Success (Executed for 00:00:00:081 hh:mm:ss:ms)
- CanSM_Validate --> Success (Executed for 00:00:00:074 hh:mm:ss:ms)
- Com_Prepare --> Success (Executed for 00:00:00:183 hh:mm:ss:ms)
- EcuM_Generate --> Success (Executed for 00:00:00:260 hh:mm:ss:ms)
- EcuM_PbDetermineValidate --> Success (Executed for 00:00:00:037 hh:mm:ss:ms)
- EcuM_RbMonitoringGenerate --> Success (Executed for 00:00:00:056 hh:mm:ss:ms)
- EcuM_WarningReport --> Success (Executed for 00:00:00:043 hh:mm:ss:ms)
- Platform_Generate --> Success (Executed for 00:00:00:055 hh:mm:ss:ms)
- CanSM_Generate --> Success (Executed for 00:00:00:090 hh:mm:ss:ms)
- ComMGenerator --> Success (Executed for 00:00:03:144 hh:mm:ss:ms)
- Com_Validate --> Success (Executed for 00:00:00:358 hh:mm:ss:ms)
- EcuM_PbDetermineGenerate --> Success (Executed for 00:00:00:048 hh:mm:ss:ms)
- PduR_Prepare --> Success (Executed for 00:00:00:178 hh:mm:ss:ms)
- BswM_Generate --> Success (Executed for 00:00:01:931 hh:mm:ss:ms)
- CanIf_Forward --> Success (Executed for 00:00:00:118 hh:mm:ss:ms)
- CanIf_Validate --> Success (Executed for 00:00:00:129 hh:mm:ss:ms)
- ComValidator --> Success (Executed for 00:00:02:556 hh:mm:ss:ms)
- Com_Forward --> Success (Executed for 00:00:00:191 hh:mm:ss:ms)
- Com_Generate --> Success (Executed for 00:00:00:287 hh:mm:ss:ms)
- Com_Generate_PB --> Success (Executed for 00:00:00:462 hh:mm:ss:ms)
- PduR_Validate --> Success (Executed for 00:00:00:252 hh:mm:ss:ms)
- CanIf_Generate --> Success (Executed for 00:00:00:153 hh:mm:ss:ms)
- CanIf_Generate_PB --> Success (Executed for 00:00:00:156 hh:mm:ss:ms)
- ComGenerator --> Success (Executed for 00:00:02:515 hh:mm:ss:ms)
- Det_Forward --> Success (Executed for 00:00:00:040 hh:mm:ss:ms)
- PduR_Generate --> Success (Executed for 00:00:00:286 hh:mm:ss:ms)
- PduR_Generate_PB --> Success (Executed for 00:00:00:416 hh:mm:ss:ms)
- rba_BswSrv_Generate --> Success (Executed for 00:00:02:057 hh:mm:ss:ms)
- rba_ArxmlGen_Validate --> Success (Executed for 00:00:00:127 hh:mm:ss:ms)
- rba_ArxmlGen_Generate --> Success (Executed for 00:00:00:213 hh:mm:ss:ms)
********************************************************************************
Post Build Summary 
********************************************************************************
- CopyOutput_1_CopyGeneratedCodeToOutput --> Success (Executed for 00:00:00:170 hh:mm:ss:ms)
- CopyOutput_2_CopyGeneratedArxmlToProject --> Success (Executed for 00:00:00:974 hh:mm:ss:ms)
- CopyOutput_3_CopyStaticIntegrationCodeToOutput --> Success (Executed for 00:00:00:498 hh:mm:ss:ms)
- CopyOutput_4_CopyStaticCodeToOutput --> Success (Executed for 00:00:00:868 hh:mm:ss:ms)
- CopyOutput_5_CopyStaticArxmlToProject --> Success (Executed for 00:00:00:667 hh:mm:ss:ms)
- CopyOutput_6_CopyGeneratedLogsToOutput --> Success (Executed for 00:00:00:058 hh:mm:ss:ms)
- CopyOutput_7_CleanupGeneratedCode --> Success (Executed for 00:00:00:082 hh:mm:ss:ms)
- GenerateCodeGenVersionHeader --> Success (Executed for 00:00:00:053 hh:mm:ss:ms)
- MapServiceComponentsToECUExtract --> Success (Executed for 00:00:00:149 hh:mm:ss:ms)
Time taken for the complete build: 00:00:49:963
