; Input Files
 "C:/ETAS/RTA-CAR_12.2.0/RTA-CAR/workspace/NewProjectFromScratch/src/bsw/CanIf/integration/Can_GeneralTypes.arxml"
 "C:/ETAS/RTA-CAR_12.2.0/RTA-CAR/workspace/NewProjectFromScratch/ecu_config/bsw/gen/ApplicationECU_Project_EcucValues.arxml"
 "C:/ETAS/RTA-CAR_12.2.0/RTA-CAR/workspace/NewProjectFromScratch/ecu_config/bsw/gen/ComM_EOC.arxml"
 "C:/ETAS/RTA-CAR_12.2.0/RTA-CAR/workspace/NewProjectFromScratch/ecu_config/bsw/gen/Com_EOC.arxml"
 "C:/ETAS/RTA-CAR_12.2.0/RTA-CAR/workspace/NewProjectFromScratch/ecu_config/bsw/gen/_fwd/ecuc_configuration_values_fwd.arxml"
 "C:/ETAS/RTA-CAR_12.2.0/RTA-CAR/workspace/NewProjectFromScratch/ecu_config/bsw/gen/bswmd/Bfx_BSWMD.arxml"
 "C:/ETAS/RTA-CAR_12.2.0/RTA-CAR/workspace/NewProjectFromScratch/ecu_config/bsw/gen/bswmd/BswM_Cfg_BSWMD.arxml"
 "C:/ETAS/RTA-CAR_12.2.0/RTA-CAR/workspace/NewProjectFromScratch/ecu_config/bsw/gen/bswmd/CanIf_BSWMD.arxml"
 "C:/ETAS/RTA-CAR_12.2.0/RTA-CAR/workspace/NewProjectFromScratch/ecu_config/bsw/gen/bswmd/CanIf_Cfg_BSWMD.arxml"
 "C:/ETAS/RTA-CAR_12.2.0/RTA-CAR/workspace/NewProjectFromScratch/ecu_config/bsw/gen/bswmd/CanIf_EOC.arxml"
 "C:/ETAS/RTA-CAR_12.2.0/RTA-CAR/workspace/NewProjectFromScratch/ecu_config/bsw/gen/bswmd/CanSM_BSWMD.arxml"
 "C:/ETAS/RTA-CAR_12.2.0/RTA-CAR/workspace/NewProjectFromScratch/ecu_config/bsw/gen/bswmd/CanSM_Cfg_BSWMD.arxml"
 "C:/ETAS/RTA-CAR_12.2.0/RTA-CAR/workspace/NewProjectFromScratch/ecu_config/bsw/gen/bswmd/CanSM_EOC.arxml"
 "C:/ETAS/RTA-CAR_12.2.0/RTA-CAR/workspace/NewProjectFromScratch/ecu_config/bsw/gen/bswmd/ComM_Cfg_BSWMD.arxml"
 "C:/ETAS/RTA-CAR_12.2.0/RTA-CAR/workspace/NewProjectFromScratch/ecu_config/bsw/gen/bswmd/Com_Cfg_BSWMD.arxml"
 "C:/ETAS/RTA-CAR_12.2.0/RTA-CAR/workspace/NewProjectFromScratch/ecu_config/bsw/gen/bswmd/EcuM_BSWMD.arxml"
 "C:/ETAS/RTA-CAR_12.2.0/RTA-CAR/workspace/NewProjectFromScratch/ecu_config/bsw/gen/bswmd/EcuM_Cfg_BSWMD.arxml"
 "C:/ETAS/RTA-CAR_12.2.0/RTA-CAR/workspace/NewProjectFromScratch/ecu_config/bsw/gen/bswmd/Fls_Cfg_BSWMD.arxml"
 "C:/ETAS/RTA-CAR_12.2.0/RTA-CAR/workspace/NewProjectFromScratch/ecu_config/bsw/gen/bswmd/PduR_Cfg_BSWMD.arxml"
 "C:/ETAS/RTA-CAR_12.2.0/RTA-CAR/workspace/NewProjectFromScratch/ecu_config/bsw/gen/bswmd/PduR_EOC.arxml"
 "C:/ETAS/RTA-CAR_12.2.0/RTA-CAR/workspace/NewProjectFromScratch/ecu_config/bsw/gen/bswmd/rba_BswSrv_BSWMD.arxml"
 "C:/ETAS/RTA-CAR_12.2.0/RTA-CAR/workspace/NewProjectFromScratch/ecu_config/bsw/gen/bswmd/rba_DiagLib_Cfg_BSWMD.arxml"
 "C:/ETAS/RTA-CAR_12.2.0/RTA-CAR/workspace/NewProjectFromScratch/ecu_config/bsw/gen/swcd/BswM_Cfg_SWCD.arxml"
 "C:/ETAS/RTA-CAR_12.2.0/RTA-CAR/workspace/NewProjectFromScratch/ecu_config/bsw/gen/swcd/ComM_Cfg_SWCD.arxml"
 "C:/ETAS/RTA-CAR_12.2.0/RTA-CAR/workspace/NewProjectFromScratch/ecu_config/bsw/gen/swcd/ComM_SWCD.arxml"
 "C:/ETAS/RTA-CAR_12.2.0/RTA-CAR/workspace/NewProjectFromScratch/ecu_config/bsw/gen/swcd/EcuM_Cfg_SWCD.arxml"
 "C:/ETAS/RTA-CAR_12.2.0/RTA-CAR/workspace/NewProjectFromScratch/ecu_config/bsw/gen/swcd/rba_DiagLib_Cfg_SWCD.arxml"
 "C:/ETAS/RTA-CAR_12.2.0/RTA-CAR/workspace/NewProjectFromScratch/ecu_config/bsw/internal/bswmd_ecuc_values/CanIf_Prot_EcucValues.arxml"
 "C:/ETAS/RTA-CAR_12.2.0/RTA-CAR/workspace/NewProjectFromScratch/ecu_config/bsw/internal/bswmd_ecuc_values/CanSM_Prot_EcucValues.arxml"
 "C:/ETAS/RTA-CAR_12.2.0/RTA-CAR/workspace/NewProjectFromScratch/ecu_config/bsw/internal/bswmd_ecuc_values/ComM_Prot_EcucValues.arxml"
 "C:/ETAS/RTA-CAR_12.2.0/RTA-CAR/workspace/NewProjectFromScratch/ecu_config/bsw/internal/bswmd_ecuc_values/Com_Prot_EcucValues.arxml"
 "C:/ETAS/RTA-CAR_12.2.0/RTA-CAR/workspace/NewProjectFromScratch/ecu_config/bsw/internal/bswmd_ecuc_values/PduR_Prot_EcucValues.arxml"
 "C:/ETAS/RTA-CAR_12.2.0/RTA-CAR/workspace/NewProjectFromScratch/ApplicationECU_FlatMap.arxml"
 "C:/ETAS/RTA-CAR_12.2.0/RTA-CAR/workspace/NewProjectFromScratch/ApplicationECU_FlatView_SWCD.arxml"
 "C:/ETAS/RTA-CAR_12.2.0/RTA-CAR/workspace/NewProjectFromScratch/DBC_SysDesc.arxml"
 "C:/ETAS/RTA-CAR_12.2.0/RTA-CAR/workspace/NewProjectFromScratch/DataTypes.arxml"
 "C:/ETAS/RTA-CAR_12.2.0/RTA-CAR/workspace/NewProjectFromScratch/EcucValueCollection_Generated.arxml"
 "C:/ETAS/RTA-CAR_12.2.0/RTA-CAR/workspace/NewProjectFromScratch/ISOLAR_PlatformTypes.arxml"
 "C:/ETAS/RTA-CAR_12.2.0/RTA-CAR/workspace/NewProjectFromScratch/Interfaces.arxml"
 "C:/ETAS/RTA-CAR_12.2.0/RTA-CAR/workspace/NewProjectFromScratch/MyReceivingSWC.arxml"
 "C:/ETAS/RTA-CAR_12.2.0/RTA-CAR/workspace/NewProjectFromScratch/MyTransmittingSWC.arxml"
 "C:/ETAS/RTA-CAR_12.2.0/RTA-CAR/workspace/NewProjectFromScratch/System_EcuExtr.arxml"
 "C:/ETAS/RTA-CAR_12.2.0/RTA-CAR/workspace/NewProjectFromScratch/ecu_config/bsw/ecucvalues/BswM_EcucValues.arxml"
 "C:/ETAS/RTA-CAR_12.2.0/RTA-CAR/workspace/NewProjectFromScratch/ecu_config/bsw/ecucvalues/BswM_ModeMapping.arxml"
 "C:/ETAS/RTA-CAR_12.2.0/RTA-CAR/workspace/NewProjectFromScratch/ecu_config/bsw/ecucvalues/EcuM_EcucValues.arxml"
 "C:/ETAS/RTA-CAR_12.2.0/RTA-CAR/workspace/NewProjectFromScratch/ecu_config/bsw/integrationCfg/Can_BSWMD.arxml"
 "C:/ETAS/RTA-CAR_12.2.0/RTA-CAR/workspace/NewProjectFromScratch/ecu_config/bsw/integrationCfg/Compiler.arxml"
 "C:/ETAS/RTA-CAR_12.2.0/RTA-CAR/workspace/NewProjectFromScratch/ecu_config/bsw/integrationCfg/Fls_BSWMD.arxml"
 "C:/ETAS/RTA-CAR_12.2.0/RTA-CAR/workspace/NewProjectFromScratch/ecu_config/bsw/integrationCfg/Fls_BSWMD_EcucValues.arxml"
 "C:/ETAS/RTA-CAR_12.2.0/RTA-CAR/workspace/NewProjectFromScratch/ecu_config/bsw/integrationCfg/Platform.arxml"
 "C:/ETAS/RTA-CAR_12.2.0/RTA-CAR/workspace/NewProjectFromScratch/ecu_config/bsw/internal/rba_BswSrv_EcucValues.arxml"
 "C:/ETAS/RTA-CAR_12.2.0/RTA-CAR/workspace/NewProjectFromScratch/ecu_config/os/internal/Os_EcucValues.arxml"
 "C:/ETAS/RTA-CAR_12.2.0/RTA-CAR/workspace/NewProjectFromScratch/ecu_config/rte/internal/Rte_EcucValues.arxml"
 "C:/ETAS/RTA-CAR_12.2.0/RTA-CAR/workspace/NewProjectFromScratch/system_config/AISpecification_PhysicalDimension_SWCD.arxml"
 "C:/ETAS/RTA-CAR_12.2.0/RTA-CAR/workspace/NewProjectFromScratch/system_config/AISpecification_Unit_SWCD.arxml"
 "C:/ETAS/RTA-CAR_12.2.0/RTA-CAR/workspace/NewProjectFromScratch/system_config/ComStack_Types.arxml"
 "C:/ETAS/RTA-CAR_12.2.0/RTA-CAR/workspace/NewProjectFromScratch/system_config/Composition.arxml"
 "C:/ETAS/RTA-CAR_12.2.0/RTA-CAR/workspace/NewProjectFromScratch/system_config/MSI_ShutDown.arxml"
 "C:/ETAS/RTA-CAR_12.2.0/RTA-CAR/workspace/NewProjectFromScratch/system_config/PlatformBaseOld_Types.arxml"
 "C:/ETAS/RTA-CAR_12.2.0/RTA-CAR/workspace/NewProjectFromScratch/system_config/PlatformBase_Types.arxml"
 "C:/ETAS/RTA-CAR_12.2.0/RTA-CAR/workspace/NewProjectFromScratch/system_config/PlatformOld_Types.arxml"
 "C:/ETAS/RTA-CAR_12.2.0/RTA-CAR/workspace/NewProjectFromScratch/system_config/PlatformSwBasePatch_Types.arxml"
 "C:/ETAS/RTA-CAR_12.2.0/RTA-CAR/workspace/NewProjectFromScratch/system_config/Platform_Types.arxml"
 "C:/ETAS/RTA-CAR_12.2.0/RTA-CAR/workspace/NewProjectFromScratch/system_config/Standard_Types.arxml"
 "C:/ETAS/RTA-CAR_12.2.0/RTA-CAR/workspace/NewProjectFromScratch/system_config/rba_CUCELCompuMethods_BSWMD.arxml"
 "C:/ETAS/RTA-CAR_12.2.0/RTA-CAR/workspace/NewProjectFromScratch/system_config/rba_CUCELSwAddrMethodAddOn_BSWMD.arxml"
 "C:/ETAS/RTA-CAR_12.2.0/RTA-CAR/workspace/NewProjectFromScratch/system_config/rba_CUCELSwAddrMethod_BSWMD.arxml"
 "C:/ETAS/RTA-CAR_12.2.0/RTA-CAR/workspace/NewProjectFromScratch/ecu_config/bsw/gen/bswmd/Ea_BSWMD.arxml"
 "C:/ETAS/RTA-CAR_12.2.0/RTA-CAR/workspace/NewProjectFromScratch/ecu_config/bsw/gen/bswmd/Ea_Cfg_BSWMD.arxml"
 "C:/ETAS/RTA-CAR_12.2.0/RTA-CAR/workspace/NewProjectFromScratch/ecu_config/bsw/gen/bswmd/Fee_Cfg_BSWMD.arxml"
 "C:/ETAS/RTA-CAR_12.2.0/RTA-CAR/workspace/NewProjectFromScratch/ecu_config/bsw/gen/bswmd/MemIf_Cfg_BSWMD.arxml"
 "C:/ETAS/RTA-CAR_12.2.0/RTA-CAR/workspace/NewProjectFromScratch/ecu_config/bsw/gen/bswmd/NvM_Cfg_BSWMD.arxml"
 "C:/ETAS/RTA-CAR_12.2.0/RTA-CAR/workspace/NewProjectFromScratch/ecu_config/bsw/gen/bswmd/NvM_Static_Cfg_BSWMD.arxml"
 "C:/ETAS/RTA-CAR_12.2.0/RTA-CAR/workspace/NewProjectFromScratch/ecu_config/bsw/gen/bswmd/rba_FeeFs1x_Cfg_BSWMD.arxml"
 "C:/ETAS/RTA-CAR_12.2.0/RTA-CAR/workspace/NewProjectFromScratch/ecu_config/bsw/gen/bswmd/rba_MemLib_Cfg_BSWMD.arxml"
 "C:/ETAS/RTA-CAR_12.2.0/RTA-CAR/workspace/NewProjectFromScratch/ecu_config/bsw/gen/swcd/NvM_Cfg_SWCD.arxml"
