RTE Paramdef is deployed into the following location: ecu_config/paramdefs/Rte_EcucParamDef.arxml
RTE EcucValues file with default value is deployed into the following location: ecu_config/rte/internal/Rte_EcucValues.arxml
********************************************************************************
Build Execution started
********************************************************************************
Tool Version : RTA-CAR 12.2.0 
Tool Build Id :20230905_1800
Date : Thu Feb 29 14:20:51 CET 2024
Project : NewProjectFromScratch
********************************************************************************

********************************************************************************
Project clean execution has started at 14:20:52:349 hh:mm:ss:ms 
********************************************************************************
Clean action: RTA_RTE 
********************************************************************************
Project clean execution has been completed
Time taken to run Project Clean :: 00:00:00:088 hh:mm:ss:ms 
********************************************************************************
********************************************************************************
Pre build execution has started at 14:20:52:782 hh:mm:ss:ms 
********************************************************************************
Pre build validation successfully completed
Execute action: RtePreProcessor 
********************************************************************************
Execution of action RtePreProcessor successfully completed
********************************************************************************
********************************************************************************
Main build execution has started at 14:20:58:322 hh:mm:ss:ms 
********************************************************************************
Execute action: RTA_RTE 
********************************************************************************
Command line options: 
-q 1 -r /DBC_SysDesc_Can_Network/Pkg_Ecu/ApplicationECU -f C:/ETAS/RTA-CAR_12.2.0/RTA-CAR/workspace/NewProjectFromScratch/src/rte/rtegen_files.lst [ C:/Users/nhuliyap/AppData/Local/Temp/rta/rte/AR2111/ApplicationECU_FlatMap.arxml C:/Users/nhuliyap/AppData/Local/Temp/rta/rte/AR2111/ApplicationECU_FlatView_SWCD.arxml C:/Users/nhuliyap/AppData/Local/Temp/rta/rte/AR2111/ApplicationECU_Project_EcucValues.arxml C:/Users/nhuliyap/AppData/Local/Temp/rta/rte/AR2111/DBC_SysDesc.arxml C:/Users/nhuliyap/AppData/Local/Temp/rta/rte/AR2111/DataTypes.arxml C:/Users/nhuliyap/AppData/Local/Temp/rta/rte/AR2111/EcucValueCollection_Generated.arxml C:/Users/nhuliyap/AppData/Local/Temp/rta/rte/AR2111/ISOLAR_PlatformTypes.arxml C:/Users/nhuliyap/AppData/Local/Temp/rta/rte/AR2111/Interfaces.arxml C:/Users/nhuliyap/AppData/Local/Temp/rta/rte/AR2111/MyReceivingSWC.arxml C:/Users/nhuliyap/AppData/Local/Temp/rta/rte/AR2111/MyTransmittingSWC.arxml C:/Users/nhuliyap/AppData/Local/Temp/rta/rte/AR2111/System_EcuExtr.arxml C:/Users/nhuliyap/AppData/Local/Temp/rta/rte/AR2111/ecu_config/bsw/ecucvalues/BswM_EcucValues.arxml C:/Users/nhuliyap/AppData/Local/Temp/rta/rte/AR2111/ecu_config/bsw/ecucvalues/BswM_ModeMapping.arxml C:/Users/nhuliyap/AppData/Local/Temp/rta/rte/AR2111/ecu_config/bsw/ecucvalues/EcuM_EcucValues.arxml C:/Users/nhuliyap/AppData/Local/Temp/rta/rte/AR2111/ecu_config/bsw/gen/ComM_EOC.arxml C:/Users/nhuliyap/AppData/Local/Temp/rta/rte/AR2111/ecu_config/bsw/gen/Com_EOC.arxml C:/Users/nhuliyap/AppData/Local/Temp/rta/rte/AR2111/ecu_config/bsw/gen/_fwd/ecuc_configuration_values_fwd.arxml C:/Users/nhuliyap/AppData/Local/Temp/rta/rte/AR2111/ecu_config/bsw/gen/bswmd/Bfx_BSWMD.arxml C:/Users/nhuliyap/AppData/Local/Temp/rta/rte/AR2111/ecu_config/bsw/gen/bswmd/BswM_Cfg_BSWMD.arxml C:/Users/nhuliyap/AppData/Local/Temp/rta/rte/AR2111/ecu_config/bsw/gen/bswmd/CanIf_BSWMD.arxml C:/Users/nhuliyap/AppData/Local/Temp/rta/rte/AR2111/ecu_config/bsw/gen/bswmd/CanIf_Cfg_BSWMD.arxml C:/Users/nhuliyap/AppData/Local/Temp/rta/rte/AR2111/ecu_config/bsw/gen/bswmd/CanIf_EOC.arxml C:/Users/nhuliyap/AppData/Local/Temp/rta/rte/AR2111/ecu_config/bsw/gen/bswmd/CanSM_BSWMD.arxml C:/Users/nhuliyap/AppData/Local/Temp/rta/rte/AR2111/ecu_config/bsw/gen/bswmd/CanSM_Cfg_BSWMD.arxml C:/Users/nhuliyap/AppData/Local/Temp/rta/rte/AR2111/ecu_config/bsw/gen/bswmd/CanSM_EOC.arxml C:/Users/nhuliyap/AppData/Local/Temp/rta/rte/AR2111/ecu_config/bsw/gen/bswmd/ComM_Cfg_BSWMD.arxml C:/Users/nhuliyap/AppData/Local/Temp/rta/rte/AR2111/ecu_config/bsw/gen/bswmd/Com_Cfg_BSWMD.arxml C:/Users/nhuliyap/AppData/Local/Temp/rta/rte/AR2111/ecu_config/bsw/gen/bswmd/EcuM_BSWMD.arxml C:/Users/nhuliyap/AppData/Local/Temp/rta/rte/AR2111/ecu_config/bsw/gen/bswmd/EcuM_Cfg_BSWMD.arxml C:/Users/nhuliyap/AppData/Local/Temp/rta/rte/AR2111/ecu_config/bsw/gen/bswmd/Fls_Cfg_BSWMD.arxml C:/Users/nhuliyap/AppData/Local/Temp/rta/rte/AR2111/ecu_config/bsw/gen/bswmd/PduR_Cfg_BSWMD.arxml C:/Users/nhuliyap/AppData/Local/Temp/rta/rte/AR2111/ecu_config/bsw/gen/bswmd/PduR_EOC.arxml C:/Users/nhuliyap/AppData/Local/Temp/rta/rte/AR2111/ecu_config/bsw/gen/bswmd/rba_BswSrv_BSWMD.arxml C:/Users/nhuliyap/AppData/Local/Temp/rta/rte/AR2111/ecu_config/bsw/gen/bswmd/rba_DiagLib_Cfg_BSWMD.arxml C:/Users/nhuliyap/AppData/Local/Temp/rta/rte/AR2111/ecu_config/bsw/gen/swcd/BswM_Cfg_SWCD.arxml C:/Users/nhuliyap/AppData/Local/Temp/rta/rte/AR2111/ecu_config/bsw/gen/swcd/ComM_Cfg_SWCD.arxml C:/Users/nhuliyap/AppData/Local/Temp/rta/rte/AR2111/ecu_config/bsw/gen/swcd/ComM_SWCD.arxml C:/Users/nhuliyap/AppData/Local/Temp/rta/rte/AR2111/ecu_config/bsw/gen/swcd/EcuM_Cfg_SWCD.arxml C:/Users/nhuliyap/AppData/Local/Temp/rta/rte/AR2111/ecu_config/bsw/gen/swcd/rba_DiagLib_Cfg_SWCD.arxml C:/Users/nhuliyap/AppData/Local/Temp/rta/rte/AR2111/ecu_config/bsw/integrationCfg/Can_BSWMD.arxml C:/Users/nhuliyap/AppData/Local/Temp/rta/rte/AR2111/ecu_config/bsw/integrationCfg/Compiler.arxml C:/Users/nhuliyap/AppData/Local/Temp/rta/rte/AR2111/ecu_config/bsw/integrationCfg/Fls_BSWMD.arxml C:/Users/nhuliyap/AppData/Local/Temp/rta/rte/AR2111/ecu_config/bsw/integrationCfg/Fls_BSWMD_EcucValues.arxml C:/Users/nhuliyap/AppData/Local/Temp/rta/rte/AR2111/ecu_config/bsw/integrationCfg/Platform.arxml C:/Users/nhuliyap/AppData/Local/Temp/rta/rte/AR2111/ecu_config/bsw/internal/bswmd_ecuc_values/CanIf_Prot_EcucValues.arxml C:/Users/nhuliyap/AppData/Local/Temp/rta/rte/AR2111/ecu_config/bsw/internal/bswmd_ecuc_values/CanSM_Prot_EcucValues.arxml C:/Users/nhuliyap/AppData/Local/Temp/rta/rte/AR2111/ecu_config/bsw/internal/bswmd_ecuc_values/ComM_Prot_EcucValues.arxml C:/Users/nhuliyap/AppData/Local/Temp/rta/rte/AR2111/ecu_config/bsw/internal/bswmd_ecuc_values/Com_Prot_EcucValues.arxml C:/Users/nhuliyap/AppData/Local/Temp/rta/rte/AR2111/ecu_config/bsw/internal/bswmd_ecuc_values/PduR_Prot_EcucValues.arxml C:/Users/nhuliyap/AppData/Local/Temp/rta/rte/AR2111/ecu_config/bsw/internal/rba_BswSrv_EcucValues.arxml C:/Users/nhuliyap/AppData/Local/Temp/rta/rte/AR2111/ecu_config/os/internal/Os_EcucValues.arxml C:/Users/nhuliyap/AppData/Local/Temp/rta/rte/AR2111/ecu_config/rte/internal/Rte_EcucValues.arxml C:/Users/nhuliyap/AppData/Local/Temp/rta/rte/AR2111/src/bsw/CanIf/integration/Can_GeneralTypes.arxml C:/Users/nhuliyap/AppData/Local/Temp/rta/rte/AR2111/system_config/AISpecification_PhysicalDimension_SWCD.arxml C:/Users/nhuliyap/AppData/Local/Temp/rta/rte/AR2111/system_config/AISpecification_Unit_SWCD.arxml C:/Users/nhuliyap/AppData/Local/Temp/rta/rte/AR2111/system_config/ComStack_Types.arxml C:/Users/nhuliyap/AppData/Local/Temp/rta/rte/AR2111/system_config/Composition.arxml C:/Users/nhuliyap/AppData/Local/Temp/rta/rte/AR2111/system_config/MSI_ShutDown.arxml C:/Users/nhuliyap/AppData/Local/Temp/rta/rte/AR2111/system_config/PlatformBaseOld_Types.arxml C:/Users/nhuliyap/AppData/Local/Temp/rta/rte/AR2111/system_config/PlatformBase_Types.arxml C:/Users/nhuliyap/AppData/Local/Temp/rta/rte/AR2111/system_config/PlatformOld_Types.arxml C:/Users/nhuliyap/AppData/Local/Temp/rta/rte/AR2111/system_config/PlatformSwBasePatch_Types.arxml C:/Users/nhuliyap/AppData/Local/Temp/rta/rte/AR2111/system_config/Platform_Types.arxml C:/Users/nhuliyap/AppData/Local/Temp/rta/rte/AR2111/system_config/Standard_Types.arxml C:/Users/nhuliyap/AppData/Local/Temp/rta/rte/AR2111/system_config/rba_CUCELCompuMethods_BSWMD.arxml C:/Users/nhuliyap/AppData/Local/Temp/rta/rte/AR2111/system_config/rba_CUCELSwAddrMethodAddOn_BSWMD.arxml C:/Users/nhuliyap/AppData/Local/Temp/rta/rte/AR2111/system_config/rba_CUCELSwAddrMethod_BSWMD.arxml ] --strict-unconnected-rport-check=off --os-define-osenv=RTAOS40 --notimestamps --samples=memmap -o [*.*]C:/ETAS/RTA-CAR_12.2.0/RTA-CAR/workspace/NewProjectFromScratch/src/rte --error-report=xml
Product Version : RTA-RTE V12.2.0
Copyright (C) ETAS GmbH 2004-2023
Operating System : Windows
Pre-processor warning set to - pragma message
Phase is RTE (license verified)
>Validating XML...
>Validating Containers...
<Validating Containers... done
<Validating XML... done
>Building types database...
<Building types database... done
>Flattening Root Composition...
>Parsing RTE Configuration...
<Parsing RTE Configuration... done
<Flattening Root Composition... done
>Validating Input...
<Validating Input... done
>Finding modes...
<Finding modes... done
>Building skeleton reification tree...
<Building skeleton reification tree... done
>Building reification tree...
<Building reification tree... done
>Generating output files...
<Generating output files... done
>Processing templates...
<Processing templates... done
Messages written to C:/ETAS/RTA-CAR_12.2.0/RTA-CAR/workspace/NewProjectFromScratch/src/rte/RteErr.xml.
0 errors, 23 warnings and 8 info messages were generated.
The following files were generated:
	C:/ETAS/RTA-CAR_12.2.0/RTA-CAR/workspace/NewProjectFromScratch/src/rte/BswM_MemMap.h
	C:/ETAS/RTA-CAR_12.2.0/RTA-CAR/workspace/NewProjectFromScratch/src/rte/ComM_MemMap.h
	C:/ETAS/RTA-CAR_12.2.0/RTA-CAR/workspace/NewProjectFromScratch/src/rte/EcuM_MemMap.h
	C:/ETAS/RTA-CAR_12.2.0/RTA-CAR/workspace/NewProjectFromScratch/src/rte/MyReceivingSWC_MemMap.h
	C:/ETAS/RTA-CAR_12.2.0/RTA-CAR/workspace/NewProjectFromScratch/src/rte/MyTransmittingSWC_MemMap.h
	C:/ETAS/RTA-CAR_12.2.0/RTA-CAR/workspace/NewProjectFromScratch/src/rte/Rte.c
	C:/ETAS/RTA-CAR_12.2.0/RTA-CAR/workspace/NewProjectFromScratch/src/rte/Rte.h
	C:/ETAS/RTA-CAR_12.2.0/RTA-CAR/workspace/NewProjectFromScratch/src/rte/Rte_BSWMD.arxml
	C:/ETAS/RTA-CAR_12.2.0/RTA-CAR/workspace/NewProjectFromScratch/src/rte/Rte_BswM.h
	C:/ETAS/RTA-CAR_12.2.0/RTA-CAR/workspace/NewProjectFromScratch/src/rte/Rte_BswM_Type.h
	C:/ETAS/RTA-CAR_12.2.0/RTA-CAR/workspace/NewProjectFromScratch/src/rte/Rte_Catalog.xml
	C:/ETAS/RTA-CAR_12.2.0/RTA-CAR/workspace/NewProjectFromScratch/src/rte/Rte_Cbk.h
	C:/ETAS/RTA-CAR_12.2.0/RTA-CAR/workspace/NewProjectFromScratch/src/rte/Rte_Cfg.h
	C:/ETAS/RTA-CAR_12.2.0/RTA-CAR/workspace/NewProjectFromScratch/src/rte/Rte_ComM.h
	C:/ETAS/RTA-CAR_12.2.0/RTA-CAR/workspace/NewProjectFromScratch/src/rte/Rte_ComM_Type.h
	C:/ETAS/RTA-CAR_12.2.0/RTA-CAR/workspace/NewProjectFromScratch/src/rte/Rte_Const.h
	C:/ETAS/RTA-CAR_12.2.0/RTA-CAR/workspace/NewProjectFromScratch/src/rte/Rte_DataHandleType.h
	C:/ETAS/RTA-CAR_12.2.0/RTA-CAR/workspace/NewProjectFromScratch/src/rte/Rte_EcuM.h
	C:/ETAS/RTA-CAR_12.2.0/RTA-CAR/workspace/NewProjectFromScratch/src/rte/Rte_EcuM_Type.h
	C:/ETAS/RTA-CAR_12.2.0/RTA-CAR/workspace/NewProjectFromScratch/src/rte/Rte_Hook.h
	C:/ETAS/RTA-CAR_12.2.0/RTA-CAR/workspace/NewProjectFromScratch/src/rte/Rte_Intl.h
	C:/ETAS/RTA-CAR_12.2.0/RTA-CAR/workspace/NewProjectFromScratch/src/rte/Rte_Lib.c
	C:/ETAS/RTA-CAR_12.2.0/RTA-CAR/workspace/NewProjectFromScratch/src/rte/Rte_Main.h
	C:/ETAS/RTA-CAR_12.2.0/RTA-CAR/workspace/NewProjectFromScratch/src/rte/Rte_McSupportData.arxml
	C:/ETAS/RTA-CAR_12.2.0/RTA-CAR/workspace/NewProjectFromScratch/src/rte/Rte_MyReceivingSWC.h
	C:/ETAS/RTA-CAR_12.2.0/RTA-CAR/workspace/NewProjectFromScratch/src/rte/Rte_MyReceivingSWC_Type.h
	C:/ETAS/RTA-CAR_12.2.0/RTA-CAR/workspace/NewProjectFromScratch/src/rte/Rte_MyTransmittingSWC.h
	C:/ETAS/RTA-CAR_12.2.0/RTA-CAR/workspace/NewProjectFromScratch/src/rte/Rte_MyTransmittingSWC_Type.h
	C:/ETAS/RTA-CAR_12.2.0/RTA-CAR/workspace/NewProjectFromScratch/src/rte/Rte_Os_Type.h
	C:/ETAS/RTA-CAR_12.2.0/RTA-CAR/workspace/NewProjectFromScratch/src/rte/Rte_Type.h
	C:/ETAS/RTA-CAR_12.2.0/RTA-CAR/workspace/NewProjectFromScratch/src/rte/Rte_rba_DiagLib.h
	C:/ETAS/RTA-CAR_12.2.0/RTA-CAR/workspace/NewProjectFromScratch/src/rte/Rte_rba_DiagLib_Type.h
	C:/ETAS/RTA-CAR_12.2.0/RTA-CAR/workspace/NewProjectFromScratch/src/rte/SchM_BswM.h
	C:/ETAS/RTA-CAR_12.2.0/RTA-CAR/workspace/NewProjectFromScratch/src/rte/SchM_BswM_Type.h
	C:/ETAS/RTA-CAR_12.2.0/RTA-CAR/workspace/NewProjectFromScratch/src/rte/SchM_Can.h
	C:/ETAS/RTA-CAR_12.2.0/RTA-CAR/workspace/NewProjectFromScratch/src/rte/SchM_CanSM.h
	C:/ETAS/RTA-CAR_12.2.0/RTA-CAR/workspace/NewProjectFromScratch/src/rte/SchM_CanSM_Type.h
	C:/ETAS/RTA-CAR_12.2.0/RTA-CAR/workspace/NewProjectFromScratch/src/rte/SchM_Can_Type.h
	C:/ETAS/RTA-CAR_12.2.0/RTA-CAR/workspace/NewProjectFromScratch/src/rte/SchM_Com.h
	C:/ETAS/RTA-CAR_12.2.0/RTA-CAR/workspace/NewProjectFromScratch/src/rte/SchM_ComM.h
	C:/ETAS/RTA-CAR_12.2.0/RTA-CAR/workspace/NewProjectFromScratch/src/rte/SchM_ComM_Type.h
	C:/ETAS/RTA-CAR_12.2.0/RTA-CAR/workspace/NewProjectFromScratch/src/rte/SchM_Com_Type.h
	C:/ETAS/RTA-CAR_12.2.0/RTA-CAR/workspace/NewProjectFromScratch/src/rte/SchM_EcuM.h
	C:/ETAS/RTA-CAR_12.2.0/RTA-CAR/workspace/NewProjectFromScratch/src/rte/SchM_EcuM_Type.h
	C:/ETAS/RTA-CAR_12.2.0/RTA-CAR/workspace/NewProjectFromScratch/src/rte/osNeeds.arxml
	C:/ETAS/RTA-CAR_12.2.0/RTA-CAR/workspace/NewProjectFromScratch/src/rte/rba_DiagLib_MemMap.h
Command: [C:/ETAS/RTA-CAR_12.2.0/RTA-RTE_12.2.0/bin/RTEGen.exe, -q, 1, -r, /DBC_SysDesc_Can_Network/Pkg_Ecu/ApplicationECU, -f, C:/ETAS/RTA-CAR_12.2.0/RTA-CAR/workspace/NewProjectFromScratch/src/rte/rtegen_files.lst, --strict-unconnected-rport-check=off, --os-define-osenv=RTAOS40, --notimestamps, --samples=memmap, -o, [*.*]C:/ETAS/RTA-CAR_12.2.0/RTA-CAR/workspace/NewProjectFromScratch/src/rte, --error-report=xml]
Execution of action RTA_RTE successfully completed
********************************************************************************
********************************************************************************
Post build execution has started at 14:21:02:953 hh:mm:ss:ms 
********************************************************************************
Execute action: ProblemsLogEntryCreator 
********************************************************************************
Execution of action ProblemsLogEntryCreator successfully completed
********************************************************************************
Execute action: RtePostProcessor 
********************************************************************************
Execution of action RtePostProcessor successfully completed
********************************************************************************

********************************************************************************
Pre Build Summary 
********************************************************************************
- RtePreProcessor --> Success (Executed for 00:00:01:394 hh:mm:ss:ms)
Build Summary 
********************************************************************************
- RTA_RTE --> Success (Executed for 00:00:02:411 hh:mm:ss:ms)
********************************************************************************
Post Build Summary 
********************************************************************************
- ProblemsLogEntryCreator --> Success (Executed for 00:00:00:079 hh:mm:ss:ms)
- RtePostProcessor --> Success (Executed for 00:00:00:188 hh:mm:ss:ms)
Time taken for the complete build: 00:00:05:480
********************************************************************************
Build Execution started
********************************************************************************
Tool Version : RTA-CAR 12.2.0 
Tool Build Id :20230905_1800
Date : Thu Mar 14 07:43:42 CET 2024
Project : NewProjectFromScratch
********************************************************************************

********************************************************************************
Project clean execution has started at 07:43:43:916 hh:mm:ss:ms 
********************************************************************************
C:\ETAS\RTA-CAR_12.2.0\RTA-CAR\workspace\NewProjectFromScratch\src\rte directory cleaned
Clean action: RTA_RTE 
********************************************************************************
Project clean execution has been completed
Time taken to run Project Clean :: 00:00:00:033 hh:mm:ss:ms 
********************************************************************************
********************************************************************************
Pre build execution has started at 07:43:44:144 hh:mm:ss:ms 
********************************************************************************
Pre build validation successfully completed
Execute action: RtePreProcessor 
********************************************************************************
Execution of action RtePreProcessor successfully completed
********************************************************************************
********************************************************************************
Main build execution has started at 07:43:51:562 hh:mm:ss:ms 
********************************************************************************
Execute action: RTA_RTE 
********************************************************************************
Command line options: 
-q 1 -r /DBC_SysDesc_Can_Network/Pkg_Ecu/ApplicationECU -f C:/ETAS/RTA-CAR_12.2.0/RTA-CAR/workspace/NewProjectFromScratch/src/rte/rtegen_files.lst [ C:/Users/nhuliyap/AppData/Local/Temp/rta/rte/AR2111/src/bsw/CanIf/integration/Can_GeneralTypes.arxml C:/Users/nhuliyap/AppData/Local/Temp/rta/rte/AR2111/ecu_config/bsw/gen/ApplicationECU_Project_EcucValues.arxml C:/Users/nhuliyap/AppData/Local/Temp/rta/rte/AR2111/ecu_config/bsw/gen/ComM_EOC.arxml C:/Users/nhuliyap/AppData/Local/Temp/rta/rte/AR2111/ecu_config/bsw/gen/Com_EOC.arxml C:/Users/nhuliyap/AppData/Local/Temp/rta/rte/AR2111/ecu_config/bsw/gen/_fwd/ecuc_configuration_values_fwd.arxml C:/Users/nhuliyap/AppData/Local/Temp/rta/rte/AR2111/ecu_config/bsw/gen/bswmd/Bfx_BSWMD.arxml C:/Users/nhuliyap/AppData/Local/Temp/rta/rte/AR2111/ecu_config/bsw/gen/bswmd/BswM_Cfg_BSWMD.arxml C:/Users/nhuliyap/AppData/Local/Temp/rta/rte/AR2111/ecu_config/bsw/gen/bswmd/CanIf_BSWMD.arxml C:/Users/nhuliyap/AppData/Local/Temp/rta/rte/AR2111/ecu_config/bsw/gen/bswmd/CanIf_Cfg_BSWMD.arxml C:/Users/nhuliyap/AppData/Local/Temp/rta/rte/AR2111/ecu_config/bsw/gen/bswmd/CanIf_EOC.arxml C:/Users/nhuliyap/AppData/Local/Temp/rta/rte/AR2111/ecu_config/bsw/gen/bswmd/CanSM_BSWMD.arxml C:/Users/nhuliyap/AppData/Local/Temp/rta/rte/AR2111/ecu_config/bsw/gen/bswmd/CanSM_Cfg_BSWMD.arxml C:/Users/nhuliyap/AppData/Local/Temp/rta/rte/AR2111/ecu_config/bsw/gen/bswmd/CanSM_EOC.arxml C:/Users/nhuliyap/AppData/Local/Temp/rta/rte/AR2111/ecu_config/bsw/gen/bswmd/ComM_Cfg_BSWMD.arxml C:/Users/nhuliyap/AppData/Local/Temp/rta/rte/AR2111/ecu_config/bsw/gen/bswmd/Com_Cfg_BSWMD.arxml C:/Users/nhuliyap/AppData/Local/Temp/rta/rte/AR2111/ecu_config/bsw/gen/bswmd/EcuM_BSWMD.arxml C:/Users/nhuliyap/AppData/Local/Temp/rta/rte/AR2111/ecu_config/bsw/gen/bswmd/EcuM_Cfg_BSWMD.arxml C:/Users/nhuliyap/AppData/Local/Temp/rta/rte/AR2111/ecu_config/bsw/gen/bswmd/Fls_Cfg_BSWMD.arxml C:/Users/nhuliyap/AppData/Local/Temp/rta/rte/AR2111/ecu_config/bsw/gen/bswmd/PduR_Cfg_BSWMD.arxml C:/Users/nhuliyap/AppData/Local/Temp/rta/rte/AR2111/ecu_config/bsw/gen/bswmd/PduR_EOC.arxml C:/Users/nhuliyap/AppData/Local/Temp/rta/rte/AR2111/ecu_config/bsw/gen/bswmd/rba_BswSrv_BSWMD.arxml C:/Users/nhuliyap/AppData/Local/Temp/rta/rte/AR2111/ecu_config/bsw/gen/bswmd/rba_DiagLib_Cfg_BSWMD.arxml C:/Users/nhuliyap/AppData/Local/Temp/rta/rte/AR2111/ecu_config/bsw/gen/swcd/BswM_Cfg_SWCD.arxml C:/Users/nhuliyap/AppData/Local/Temp/rta/rte/AR2111/ecu_config/bsw/gen/swcd/ComM_Cfg_SWCD.arxml C:/Users/nhuliyap/AppData/Local/Temp/rta/rte/AR2111/ecu_config/bsw/gen/swcd/ComM_SWCD.arxml C:/Users/nhuliyap/AppData/Local/Temp/rta/rte/AR2111/ecu_config/bsw/gen/swcd/EcuM_Cfg_SWCD.arxml C:/Users/nhuliyap/AppData/Local/Temp/rta/rte/AR2111/ecu_config/bsw/gen/swcd/rba_DiagLib_Cfg_SWCD.arxml C:/Users/nhuliyap/AppData/Local/Temp/rta/rte/AR2111/ecu_config/bsw/internal/bswmd_ecuc_values/CanIf_Prot_EcucValues.arxml C:/Users/nhuliyap/AppData/Local/Temp/rta/rte/AR2111/ecu_config/bsw/internal/bswmd_ecuc_values/CanSM_Prot_EcucValues.arxml C:/Users/nhuliyap/AppData/Local/Temp/rta/rte/AR2111/ecu_config/bsw/internal/bswmd_ecuc_values/ComM_Prot_EcucValues.arxml C:/Users/nhuliyap/AppData/Local/Temp/rta/rte/AR2111/ecu_config/bsw/internal/bswmd_ecuc_values/Com_Prot_EcucValues.arxml C:/Users/nhuliyap/AppData/Local/Temp/rta/rte/AR2111/ecu_config/bsw/internal/bswmd_ecuc_values/PduR_Prot_EcucValues.arxml C:/Users/nhuliyap/AppData/Local/Temp/rta/rte/AR2111/ApplicationECU_FlatMap.arxml C:/Users/nhuliyap/AppData/Local/Temp/rta/rte/AR2111/ApplicationECU_FlatView_SWCD.arxml C:/Users/nhuliyap/AppData/Local/Temp/rta/rte/AR2111/DBC_SysDesc.arxml C:/Users/nhuliyap/AppData/Local/Temp/rta/rte/AR2111/DataTypes.arxml C:/Users/nhuliyap/AppData/Local/Temp/rta/rte/AR2111/EcucValueCollection_Generated.arxml C:/Users/nhuliyap/AppData/Local/Temp/rta/rte/AR2111/ISOLAR_PlatformTypes.arxml C:/Users/nhuliyap/AppData/Local/Temp/rta/rte/AR2111/Interfaces.arxml C:/Users/nhuliyap/AppData/Local/Temp/rta/rte/AR2111/MyReceivingSWC.arxml C:/Users/nhuliyap/AppData/Local/Temp/rta/rte/AR2111/MyTransmittingSWC.arxml C:/Users/nhuliyap/AppData/Local/Temp/rta/rte/AR2111/System_EcuExtr.arxml C:/Users/nhuliyap/AppData/Local/Temp/rta/rte/AR2111/ecu_config/bsw/ecucvalues/BswM_EcucValues.arxml C:/Users/nhuliyap/AppData/Local/Temp/rta/rte/AR2111/ecu_config/bsw/ecucvalues/BswM_ModeMapping.arxml C:/Users/nhuliyap/AppData/Local/Temp/rta/rte/AR2111/ecu_config/bsw/ecucvalues/EcuM_EcucValues.arxml C:/Users/nhuliyap/AppData/Local/Temp/rta/rte/AR2111/ecu_config/bsw/integrationCfg/Can_BSWMD.arxml C:/Users/nhuliyap/AppData/Local/Temp/rta/rte/AR2111/ecu_config/bsw/integrationCfg/Compiler.arxml C:/Users/nhuliyap/AppData/Local/Temp/rta/rte/AR2111/ecu_config/bsw/integrationCfg/Fls_BSWMD.arxml C:/Users/nhuliyap/AppData/Local/Temp/rta/rte/AR2111/ecu_config/bsw/integrationCfg/Fls_BSWMD_EcucValues.arxml C:/Users/nhuliyap/AppData/Local/Temp/rta/rte/AR2111/ecu_config/bsw/integrationCfg/Platform.arxml C:/Users/nhuliyap/AppData/Local/Temp/rta/rte/AR2111/ecu_config/bsw/internal/rba_BswSrv_EcucValues.arxml C:/Users/nhuliyap/AppData/Local/Temp/rta/rte/AR2111/ecu_config/os/internal/Os_EcucValues.arxml C:/Users/nhuliyap/AppData/Local/Temp/rta/rte/AR2111/ecu_config/rte/internal/Rte_EcucValues.arxml C:/Users/nhuliyap/AppData/Local/Temp/rta/rte/AR2111/system_config/AISpecification_PhysicalDimension_SWCD.arxml C:/Users/nhuliyap/AppData/Local/Temp/rta/rte/AR2111/system_config/AISpecification_Unit_SWCD.arxml C:/Users/nhuliyap/AppData/Local/Temp/rta/rte/AR2111/system_config/ComStack_Types.arxml C:/Users/nhuliyap/AppData/Local/Temp/rta/rte/AR2111/system_config/Composition.arxml C:/Users/nhuliyap/AppData/Local/Temp/rta/rte/AR2111/system_config/MSI_ShutDown.arxml C:/Users/nhuliyap/AppData/Local/Temp/rta/rte/AR2111/system_config/PlatformBaseOld_Types.arxml C:/Users/nhuliyap/AppData/Local/Temp/rta/rte/AR2111/system_config/PlatformBase_Types.arxml C:/Users/nhuliyap/AppData/Local/Temp/rta/rte/AR2111/system_config/PlatformOld_Types.arxml C:/Users/nhuliyap/AppData/Local/Temp/rta/rte/AR2111/system_config/PlatformSwBasePatch_Types.arxml C:/Users/nhuliyap/AppData/Local/Temp/rta/rte/AR2111/system_config/Platform_Types.arxml C:/Users/nhuliyap/AppData/Local/Temp/rta/rte/AR2111/system_config/Standard_Types.arxml C:/Users/nhuliyap/AppData/Local/Temp/rta/rte/AR2111/system_config/rba_CUCELCompuMethods_BSWMD.arxml C:/Users/nhuliyap/AppData/Local/Temp/rta/rte/AR2111/system_config/rba_CUCELSwAddrMethodAddOn_BSWMD.arxml C:/Users/nhuliyap/AppData/Local/Temp/rta/rte/AR2111/system_config/rba_CUCELSwAddrMethod_BSWMD.arxml C:/Users/nhuliyap/AppData/Local/Temp/rta/rte/AR2111/ecu_config/bsw/gen/bswmd/Ea_BSWMD.arxml C:/Users/nhuliyap/AppData/Local/Temp/rta/rte/AR2111/ecu_config/bsw/gen/bswmd/Ea_Cfg_BSWMD.arxml C:/Users/nhuliyap/AppData/Local/Temp/rta/rte/AR2111/ecu_config/bsw/gen/bswmd/Fee_Cfg_BSWMD.arxml C:/Users/nhuliyap/AppData/Local/Temp/rta/rte/AR2111/ecu_config/bsw/gen/bswmd/MemIf_Cfg_BSWMD.arxml C:/Users/nhuliyap/AppData/Local/Temp/rta/rte/AR2111/ecu_config/bsw/gen/bswmd/NvM_Cfg_BSWMD.arxml C:/Users/nhuliyap/AppData/Local/Temp/rta/rte/AR2111/ecu_config/bsw/gen/bswmd/NvM_Static_Cfg_BSWMD.arxml C:/Users/nhuliyap/AppData/Local/Temp/rta/rte/AR2111/ecu_config/bsw/gen/bswmd/rba_FeeFs1x_Cfg_BSWMD.arxml C:/Users/nhuliyap/AppData/Local/Temp/rta/rte/AR2111/ecu_config/bsw/gen/bswmd/rba_MemLib_Cfg_BSWMD.arxml C:/Users/nhuliyap/AppData/Local/Temp/rta/rte/AR2111/ecu_config/bsw/gen/swcd/NvM_Cfg_SWCD.arxml ] --strict-unconnected-rport-check=off --os-define-osenv=RTAOS40 --notimestamps --samples=memmap -o [*.*]C:/ETAS/RTA-CAR_12.2.0/RTA-CAR/workspace/NewProjectFromScratch/src/rte --error-report=xml
Product Version : RTA-RTE V12.2.0
Copyright (C) ETAS GmbH 2004-2023
Operating System : Windows
Pre-processor warning set to - pragma message
Phase is RTE (license verified)
>Validating XML...
>Validating Containers...
<Validating Containers... done
<Validating XML... done
>Building types database...
<Building types database... done
>Flattening Root Composition...
>Parsing RTE Configuration...
<Parsing RTE Configuration... done
<Flattening Root Composition... done
>Validating Input...
<Validating Input... done
Generation failed
Messages written to C:/ETAS/RTA-CAR_12.2.0/RTA-CAR/workspace/NewProjectFromScratch/src/rte/RteErr.xml.
No files had to be deleted.
2 errors, 5 warnings and 2 info messages were generated.
Command: [C:/ETAS/RTA-CAR_12.2.0/RTA-RTE_12.2.0/bin/RTEGen.exe, -q, 1, -r, /DBC_SysDesc_Can_Network/Pkg_Ecu/ApplicationECU, -f, C:/ETAS/RTA-CAR_12.2.0/RTA-CAR/workspace/NewProjectFromScratch/src/rte/rtegen_files.lst, --strict-unconnected-rport-check=off, --os-define-osenv=RTAOS40, --notimestamps, --samples=memmap, -o, [*.*]C:/ETAS/RTA-CAR_12.2.0/RTA-CAR/workspace/NewProjectFromScratch/src/rte, --error-report=xml]
Execution failed with error
Execution of action RTA_RTE failed
********************************************************************************
********************************************************************************
Post build execution has started at 07:43:56:912 hh:mm:ss:ms 
********************************************************************************
Execute action: ProblemsLogEntryCreator 
********************************************************************************
Execution of action ProblemsLogEntryCreator successfully completed
********************************************************************************
Execute action: RtePostProcessor 
********************************************************************************
The Rte_BSWMD.arxml does not exist thus the post processor step for that file is skipped
Execution of action RtePostProcessor skipped
********************************************************************************
Post handle is skipped due to previous errors

********************************************************************************
Pre Build Summary 
********************************************************************************
- RtePreProcessor --> Success (Executed for 00:00:02:007 hh:mm:ss:ms)
Build Summary 
********************************************************************************
- RTA_RTE --> Error (Executed for 00:00:02:766 hh:mm:ss:ms)
Execution failed with error
********************************************************************************
Post Build Summary 
********************************************************************************
- ProblemsLogEntryCreator --> Success (Executed for 00:00:00:050 hh:mm:ss:ms)
- RtePostProcessor --> Skipped (Executed for 00:00:00:025 hh:mm:ss:ms)
Time taken for the complete build: 00:00:06:584

================================================================================
Build validation is failed with following errors for RTA-RTE and execution is aborted: 
================================================================================
1. Target ARObject: <NvM_BlockIdType> Unable to identify an enumeration value for the text label 'NvMConf_NvMBlockDescriptor_NvM_NativeBlock_2' specified in a ValueSpecification as this did not match any CompuConst.vt, shortLabel or symbol of any CompuScale in any relevant CompuMethod. - Line: 4584. [Infos] <NvM_BlockIdType> : </AUTOSAR_NvM/ImplementationDataTypes/NvM_BlockIdType>
2. Target ARObject: <NvM_BlockIdType> Unable to identify an enumeration value for the text label 'NvMConf_NvMBlockDescriptor_NvM_NativeBlock_3' specified in a ValueSpecification as this did not match any CompuConst.vt, shortLabel or symbol of any CompuScale in any relevant CompuMethod. - Line: 4584. [Infos] <NvM_BlockIdType> : </AUTOSAR_NvM/ImplementationDataTypes/NvM_BlockIdType>
********************************************************************************
Build Execution started
********************************************************************************
Tool Version : RTA-CAR 12.2.0 
Tool Build Id :20230905_1800
Date : Thu Mar 14 08:12:18 CET 2024
Project : NewProjectFromScratch
********************************************************************************

********************************************************************************
Project clean execution has started at 08:12:20:175 hh:mm:ss:ms 
********************************************************************************
C:\ETAS\RTA-CAR_12.2.0\RTA-CAR\workspace\NewProjectFromScratch\src\rte directory cleaned
Clean action: RTA_RTE 
********************************************************************************
Project clean execution has been completed
Time taken to run Project Clean :: 00:00:00:118 hh:mm:ss:ms 
********************************************************************************
********************************************************************************
Pre build execution has started at 08:12:21:257 hh:mm:ss:ms 
********************************************************************************
Pre build validation successfully completed
Execute action: RtePreProcessor 
********************************************************************************
Execution of action RtePreProcessor successfully completed
********************************************************************************
********************************************************************************
Main build execution has started at 08:12:28:176 hh:mm:ss:ms 
********************************************************************************
Execute action: RTA_RTE 
********************************************************************************
Command line options: 
-q 1 -r /DBC_SysDesc_Can_Network/Pkg_Ecu/ApplicationECU -f C:/ETAS/RTA-CAR_12.2.0/RTA-CAR/workspace/NewProjectFromScratch/src/rte/rtegen_files.lst [ C:/Users/nhuliyap/AppData/Local/Temp/rta/rte/AR2111/src/bsw/CanIf/integration/Can_GeneralTypes.arxml C:/Users/nhuliyap/AppData/Local/Temp/rta/rte/AR2111/ecu_config/bsw/gen/ApplicationECU_Project_EcucValues.arxml C:/Users/nhuliyap/AppData/Local/Temp/rta/rte/AR2111/ecu_config/bsw/gen/ComM_EOC.arxml C:/Users/nhuliyap/AppData/Local/Temp/rta/rte/AR2111/ecu_config/bsw/gen/Com_EOC.arxml C:/Users/nhuliyap/AppData/Local/Temp/rta/rte/AR2111/ecu_config/bsw/gen/_fwd/ecuc_configuration_values_fwd.arxml C:/Users/nhuliyap/AppData/Local/Temp/rta/rte/AR2111/ecu_config/bsw/gen/bswmd/Bfx_BSWMD.arxml C:/Users/nhuliyap/AppData/Local/Temp/rta/rte/AR2111/ecu_config/bsw/gen/bswmd/BswM_Cfg_BSWMD.arxml C:/Users/nhuliyap/AppData/Local/Temp/rta/rte/AR2111/ecu_config/bsw/gen/bswmd/CanIf_BSWMD.arxml C:/Users/nhuliyap/AppData/Local/Temp/rta/rte/AR2111/ecu_config/bsw/gen/bswmd/CanIf_Cfg_BSWMD.arxml C:/Users/nhuliyap/AppData/Local/Temp/rta/rte/AR2111/ecu_config/bsw/gen/bswmd/CanIf_EOC.arxml C:/Users/nhuliyap/AppData/Local/Temp/rta/rte/AR2111/ecu_config/bsw/gen/bswmd/CanSM_BSWMD.arxml C:/Users/nhuliyap/AppData/Local/Temp/rta/rte/AR2111/ecu_config/bsw/gen/bswmd/CanSM_Cfg_BSWMD.arxml C:/Users/nhuliyap/AppData/Local/Temp/rta/rte/AR2111/ecu_config/bsw/gen/bswmd/CanSM_EOC.arxml C:/Users/nhuliyap/AppData/Local/Temp/rta/rte/AR2111/ecu_config/bsw/gen/bswmd/ComM_Cfg_BSWMD.arxml C:/Users/nhuliyap/AppData/Local/Temp/rta/rte/AR2111/ecu_config/bsw/gen/bswmd/Com_Cfg_BSWMD.arxml C:/Users/nhuliyap/AppData/Local/Temp/rta/rte/AR2111/ecu_config/bsw/gen/bswmd/EcuM_BSWMD.arxml C:/Users/nhuliyap/AppData/Local/Temp/rta/rte/AR2111/ecu_config/bsw/gen/bswmd/EcuM_Cfg_BSWMD.arxml C:/Users/nhuliyap/AppData/Local/Temp/rta/rte/AR2111/ecu_config/bsw/gen/bswmd/Fls_Cfg_BSWMD.arxml C:/Users/nhuliyap/AppData/Local/Temp/rta/rte/AR2111/ecu_config/bsw/gen/bswmd/PduR_Cfg_BSWMD.arxml C:/Users/nhuliyap/AppData/Local/Temp/rta/rte/AR2111/ecu_config/bsw/gen/bswmd/PduR_EOC.arxml C:/Users/nhuliyap/AppData/Local/Temp/rta/rte/AR2111/ecu_config/bsw/gen/bswmd/rba_BswSrv_BSWMD.arxml C:/Users/nhuliyap/AppData/Local/Temp/rta/rte/AR2111/ecu_config/bsw/gen/bswmd/rba_DiagLib_Cfg_BSWMD.arxml C:/Users/nhuliyap/AppData/Local/Temp/rta/rte/AR2111/ecu_config/bsw/gen/swcd/BswM_Cfg_SWCD.arxml C:/Users/nhuliyap/AppData/Local/Temp/rta/rte/AR2111/ecu_config/bsw/gen/swcd/ComM_Cfg_SWCD.arxml C:/Users/nhuliyap/AppData/Local/Temp/rta/rte/AR2111/ecu_config/bsw/gen/swcd/ComM_SWCD.arxml C:/Users/nhuliyap/AppData/Local/Temp/rta/rte/AR2111/ecu_config/bsw/gen/swcd/EcuM_Cfg_SWCD.arxml C:/Users/nhuliyap/AppData/Local/Temp/rta/rte/AR2111/ecu_config/bsw/gen/swcd/rba_DiagLib_Cfg_SWCD.arxml C:/Users/nhuliyap/AppData/Local/Temp/rta/rte/AR2111/ecu_config/bsw/internal/bswmd_ecuc_values/CanIf_Prot_EcucValues.arxml C:/Users/nhuliyap/AppData/Local/Temp/rta/rte/AR2111/ecu_config/bsw/internal/bswmd_ecuc_values/CanSM_Prot_EcucValues.arxml C:/Users/nhuliyap/AppData/Local/Temp/rta/rte/AR2111/ecu_config/bsw/internal/bswmd_ecuc_values/ComM_Prot_EcucValues.arxml C:/Users/nhuliyap/AppData/Local/Temp/rta/rte/AR2111/ecu_config/bsw/internal/bswmd_ecuc_values/Com_Prot_EcucValues.arxml C:/Users/nhuliyap/AppData/Local/Temp/rta/rte/AR2111/ecu_config/bsw/internal/bswmd_ecuc_values/PduR_Prot_EcucValues.arxml C:/Users/nhuliyap/AppData/Local/Temp/rta/rte/AR2111/ApplicationECU_FlatMap.arxml C:/Users/nhuliyap/AppData/Local/Temp/rta/rte/AR2111/ApplicationECU_FlatView_SWCD.arxml C:/Users/nhuliyap/AppData/Local/Temp/rta/rte/AR2111/DBC_SysDesc.arxml C:/Users/nhuliyap/AppData/Local/Temp/rta/rte/AR2111/DataTypes.arxml C:/Users/nhuliyap/AppData/Local/Temp/rta/rte/AR2111/EcucValueCollection_Generated.arxml C:/Users/nhuliyap/AppData/Local/Temp/rta/rte/AR2111/ISOLAR_PlatformTypes.arxml C:/Users/nhuliyap/AppData/Local/Temp/rta/rte/AR2111/Interfaces.arxml C:/Users/nhuliyap/AppData/Local/Temp/rta/rte/AR2111/MyReceivingSWC.arxml C:/Users/nhuliyap/AppData/Local/Temp/rta/rte/AR2111/MyTransmittingSWC.arxml C:/Users/nhuliyap/AppData/Local/Temp/rta/rte/AR2111/System_EcuExtr.arxml C:/Users/nhuliyap/AppData/Local/Temp/rta/rte/AR2111/ecu_config/bsw/ecucvalues/BswM_EcucValues.arxml C:/Users/nhuliyap/AppData/Local/Temp/rta/rte/AR2111/ecu_config/bsw/ecucvalues/BswM_ModeMapping.arxml C:/Users/nhuliyap/AppData/Local/Temp/rta/rte/AR2111/ecu_config/bsw/ecucvalues/EcuM_EcucValues.arxml C:/Users/nhuliyap/AppData/Local/Temp/rta/rte/AR2111/ecu_config/bsw/integrationCfg/Can_BSWMD.arxml C:/Users/nhuliyap/AppData/Local/Temp/rta/rte/AR2111/ecu_config/bsw/integrationCfg/Compiler.arxml C:/Users/nhuliyap/AppData/Local/Temp/rta/rte/AR2111/ecu_config/bsw/integrationCfg/Fls_BSWMD.arxml C:/Users/nhuliyap/AppData/Local/Temp/rta/rte/AR2111/ecu_config/bsw/integrationCfg/Fls_BSWMD_EcucValues.arxml C:/Users/nhuliyap/AppData/Local/Temp/rta/rte/AR2111/ecu_config/bsw/integrationCfg/Platform.arxml C:/Users/nhuliyap/AppData/Local/Temp/rta/rte/AR2111/ecu_config/bsw/internal/rba_BswSrv_EcucValues.arxml C:/Users/nhuliyap/AppData/Local/Temp/rta/rte/AR2111/ecu_config/os/internal/Os_EcucValues.arxml C:/Users/nhuliyap/AppData/Local/Temp/rta/rte/AR2111/ecu_config/rte/internal/Rte_EcucValues.arxml C:/Users/nhuliyap/AppData/Local/Temp/rta/rte/AR2111/system_config/AISpecification_PhysicalDimension_SWCD.arxml C:/Users/nhuliyap/AppData/Local/Temp/rta/rte/AR2111/system_config/AISpecification_Unit_SWCD.arxml C:/Users/nhuliyap/AppData/Local/Temp/rta/rte/AR2111/system_config/ComStack_Types.arxml C:/Users/nhuliyap/AppData/Local/Temp/rta/rte/AR2111/system_config/Composition.arxml C:/Users/nhuliyap/AppData/Local/Temp/rta/rte/AR2111/system_config/MSI_ShutDown.arxml C:/Users/nhuliyap/AppData/Local/Temp/rta/rte/AR2111/system_config/PlatformBaseOld_Types.arxml C:/Users/nhuliyap/AppData/Local/Temp/rta/rte/AR2111/system_config/PlatformBase_Types.arxml C:/Users/nhuliyap/AppData/Local/Temp/rta/rte/AR2111/system_config/PlatformOld_Types.arxml C:/Users/nhuliyap/AppData/Local/Temp/rta/rte/AR2111/system_config/PlatformSwBasePatch_Types.arxml C:/Users/nhuliyap/AppData/Local/Temp/rta/rte/AR2111/system_config/Platform_Types.arxml C:/Users/nhuliyap/AppData/Local/Temp/rta/rte/AR2111/system_config/Standard_Types.arxml C:/Users/nhuliyap/AppData/Local/Temp/rta/rte/AR2111/system_config/rba_CUCELCompuMethods_BSWMD.arxml C:/Users/nhuliyap/AppData/Local/Temp/rta/rte/AR2111/system_config/rba_CUCELSwAddrMethodAddOn_BSWMD.arxml C:/Users/nhuliyap/AppData/Local/Temp/rta/rte/AR2111/system_config/rba_CUCELSwAddrMethod_BSWMD.arxml C:/Users/nhuliyap/AppData/Local/Temp/rta/rte/AR2111/ecu_config/bsw/gen/bswmd/Ea_BSWMD.arxml C:/Users/nhuliyap/AppData/Local/Temp/rta/rte/AR2111/ecu_config/bsw/gen/bswmd/Ea_Cfg_BSWMD.arxml C:/Users/nhuliyap/AppData/Local/Temp/rta/rte/AR2111/ecu_config/bsw/gen/bswmd/Fee_Cfg_BSWMD.arxml C:/Users/nhuliyap/AppData/Local/Temp/rta/rte/AR2111/ecu_config/bsw/gen/bswmd/MemIf_Cfg_BSWMD.arxml C:/Users/nhuliyap/AppData/Local/Temp/rta/rte/AR2111/ecu_config/bsw/gen/bswmd/NvM_Cfg_BSWMD.arxml C:/Users/nhuliyap/AppData/Local/Temp/rta/rte/AR2111/ecu_config/bsw/gen/bswmd/NvM_Static_Cfg_BSWMD.arxml C:/Users/nhuliyap/AppData/Local/Temp/rta/rte/AR2111/ecu_config/bsw/gen/bswmd/rba_FeeFs1x_Cfg_BSWMD.arxml C:/Users/nhuliyap/AppData/Local/Temp/rta/rte/AR2111/ecu_config/bsw/gen/bswmd/rba_MemLib_Cfg_BSWMD.arxml C:/Users/nhuliyap/AppData/Local/Temp/rta/rte/AR2111/ecu_config/bsw/gen/swcd/NvM_Cfg_SWCD.arxml ] --strict-unconnected-rport-check=off --os-define-osenv=RTAOS40 --notimestamps --samples=memmap -o [*.*]C:/ETAS/RTA-CAR_12.2.0/RTA-CAR/workspace/NewProjectFromScratch/src/rte --error-report=xml
Product Version : RTA-RTE V12.2.0
Copyright (C) ETAS GmbH 2004-2023
Operating System : Windows
Pre-processor warning set to - pragma message
Phase is RTE (license verified)
>Validating XML...
>Validating Containers...
<Validating Containers... done
<Validating XML... done
>Building types database...
<Building types database... done
>Flattening Root Composition...
>Parsing RTE Configuration...
<Parsing RTE Configuration... done
<Flattening Root Composition... done
>Validating Input...
<Validating Input... done
Messages written to C:/ETAS/RTA-CAR_12.2.0/RTA-CAR/workspace/NewProjectFromScratch/src/rte/RteErr.xml.
Generation failed
No files had to be deleted.
2 errors, 5 warnings and 2 info messages were generated.
Command: [C:/ETAS/RTA-CAR_12.2.0/RTA-RTE_12.2.0/bin/RTEGen.exe, -q, 1, -r, /DBC_SysDesc_Can_Network/Pkg_Ecu/ApplicationECU, -f, C:/ETAS/RTA-CAR_12.2.0/RTA-CAR/workspace/NewProjectFromScratch/src/rte/rtegen_files.lst, --strict-unconnected-rport-check=off, --os-define-osenv=RTAOS40, --notimestamps, --samples=memmap, -o, [*.*]C:/ETAS/RTA-CAR_12.2.0/RTA-CAR/workspace/NewProjectFromScratch/src/rte, --error-report=xml]
Execution failed with error
Execution of action RTA_RTE failed
********************************************************************************
********************************************************************************
Post build execution has started at 08:12:33:617 hh:mm:ss:ms 
********************************************************************************
Execute action: ProblemsLogEntryCreator 
********************************************************************************
Execution of action ProblemsLogEntryCreator successfully completed
********************************************************************************
Execute action: RtePostProcessor 
********************************************************************************
The Rte_BSWMD.arxml does not exist thus the post processor step for that file is skipped
Execution of action RtePostProcessor skipped
********************************************************************************
Post handle is skipped due to previous errors

********************************************************************************
Pre Build Summary 
********************************************************************************
- RtePreProcessor --> Success (Executed for 00:00:01:704 hh:mm:ss:ms)
Build Summary 
********************************************************************************
- RTA_RTE --> Error (Executed for 00:00:02:133 hh:mm:ss:ms)
Execution failed with error
********************************************************************************
Post Build Summary 
********************************************************************************
- ProblemsLogEntryCreator --> Success (Executed for 00:00:00:074 hh:mm:ss:ms)
- RtePostProcessor --> Skipped (Executed for 00:00:00:023 hh:mm:ss:ms)
Time taken for the complete build: 00:00:06:041

================================================================================
Build validation is failed with following errors for RTA-RTE and execution is aborted: 
================================================================================
1. Target ARObject: <NvM_BlockIdType> Unable to identify an enumeration value for the text label 'NvMConf_NvMBlockDescriptor_NvM_NativeBlock_2' specified in a ValueSpecification as this did not match any CompuConst.vt, shortLabel or symbol of any CompuScale in any relevant CompuMethod. - Line: 4584. [Infos] <NvM_BlockIdType> : </AUTOSAR_NvM/ImplementationDataTypes/NvM_BlockIdType>
2. Target ARObject: <NvM_BlockIdType> Unable to identify an enumeration value for the text label 'NvMConf_NvMBlockDescriptor_NvM_NativeBlock_3' specified in a ValueSpecification as this did not match any CompuConst.vt, shortLabel or symbol of any CompuScale in any relevant CompuMethod. - Line: 4584. [Infos] <NvM_BlockIdType> : </AUTOSAR_NvM/ImplementationDataTypes/NvM_BlockIdType>
********************************************************************************
Build Execution started
********************************************************************************
Tool Version : RTA-CAR 12.2.0 
Tool Build Id :20230905_1800
Date : Thu Mar 14 09:50:11 CET 2024
Project : NewProjectFromScratch
********************************************************************************

********************************************************************************
Project clean execution has started at 09:50:12:714 hh:mm:ss:ms 
********************************************************************************
C:\ETAS\RTA-CAR_12.2.0\RTA-CAR\workspace\NewProjectFromScratch\src\rte directory cleaned
Clean action: RTA_RTE 
********************************************************************************
Project clean execution has been completed
Time taken to run Project Clean :: 00:00:00:115 hh:mm:ss:ms 
********************************************************************************
********************************************************************************
Pre build execution has started at 09:50:12:980 hh:mm:ss:ms 
********************************************************************************
Pre build validation successfully completed
Execute action: RtePreProcessor 
********************************************************************************
Execution of action RtePreProcessor successfully completed
********************************************************************************
********************************************************************************
Main build execution has started at 09:50:21:401 hh:mm:ss:ms 
********************************************************************************
Execute action: RTA_RTE 
********************************************************************************
Command line options: 
-q 1 -r /DBC_SysDesc_Can_Network/Pkg_Ecu/ApplicationECU -f C:/ETAS/RTA-CAR_12.2.0/RTA-CAR/workspace/NewProjectFromScratch/src/rte/rtegen_files.lst [ C:/Users/nhuliyap/AppData/Local/Temp/rta/rte/AR2111/src/bsw/CanIf/integration/Can_GeneralTypes.arxml C:/Users/nhuliyap/AppData/Local/Temp/rta/rte/AR2111/ecu_config/bsw/gen/ApplicationECU_Project_EcucValues.arxml C:/Users/nhuliyap/AppData/Local/Temp/rta/rte/AR2111/ecu_config/bsw/gen/ComM_EOC.arxml C:/Users/nhuliyap/AppData/Local/Temp/rta/rte/AR2111/ecu_config/bsw/gen/Com_EOC.arxml C:/Users/nhuliyap/AppData/Local/Temp/rta/rte/AR2111/ecu_config/bsw/gen/_fwd/ecuc_configuration_values_fwd.arxml C:/Users/nhuliyap/AppData/Local/Temp/rta/rte/AR2111/ecu_config/bsw/gen/bswmd/Bfx_BSWMD.arxml C:/Users/nhuliyap/AppData/Local/Temp/rta/rte/AR2111/ecu_config/bsw/gen/bswmd/BswM_Cfg_BSWMD.arxml C:/Users/nhuliyap/AppData/Local/Temp/rta/rte/AR2111/ecu_config/bsw/gen/bswmd/CanIf_BSWMD.arxml C:/Users/nhuliyap/AppData/Local/Temp/rta/rte/AR2111/ecu_config/bsw/gen/bswmd/CanIf_Cfg_BSWMD.arxml C:/Users/nhuliyap/AppData/Local/Temp/rta/rte/AR2111/ecu_config/bsw/gen/bswmd/CanIf_EOC.arxml C:/Users/nhuliyap/AppData/Local/Temp/rta/rte/AR2111/ecu_config/bsw/gen/bswmd/CanSM_BSWMD.arxml C:/Users/nhuliyap/AppData/Local/Temp/rta/rte/AR2111/ecu_config/bsw/gen/bswmd/CanSM_Cfg_BSWMD.arxml C:/Users/nhuliyap/AppData/Local/Temp/rta/rte/AR2111/ecu_config/bsw/gen/bswmd/CanSM_EOC.arxml C:/Users/nhuliyap/AppData/Local/Temp/rta/rte/AR2111/ecu_config/bsw/gen/bswmd/ComM_Cfg_BSWMD.arxml C:/Users/nhuliyap/AppData/Local/Temp/rta/rte/AR2111/ecu_config/bsw/gen/bswmd/Com_Cfg_BSWMD.arxml C:/Users/nhuliyap/AppData/Local/Temp/rta/rte/AR2111/ecu_config/bsw/gen/bswmd/EcuM_BSWMD.arxml C:/Users/nhuliyap/AppData/Local/Temp/rta/rte/AR2111/ecu_config/bsw/gen/bswmd/EcuM_Cfg_BSWMD.arxml C:/Users/nhuliyap/AppData/Local/Temp/rta/rte/AR2111/ecu_config/bsw/gen/bswmd/Fls_Cfg_BSWMD.arxml C:/Users/nhuliyap/AppData/Local/Temp/rta/rte/AR2111/ecu_config/bsw/gen/bswmd/PduR_Cfg_BSWMD.arxml C:/Users/nhuliyap/AppData/Local/Temp/rta/rte/AR2111/ecu_config/bsw/gen/bswmd/PduR_EOC.arxml C:/Users/nhuliyap/AppData/Local/Temp/rta/rte/AR2111/ecu_config/bsw/gen/bswmd/rba_BswSrv_BSWMD.arxml C:/Users/nhuliyap/AppData/Local/Temp/rta/rte/AR2111/ecu_config/bsw/gen/bswmd/rba_DiagLib_Cfg_BSWMD.arxml C:/Users/nhuliyap/AppData/Local/Temp/rta/rte/AR2111/ecu_config/bsw/gen/swcd/BswM_Cfg_SWCD.arxml C:/Users/nhuliyap/AppData/Local/Temp/rta/rte/AR2111/ecu_config/bsw/gen/swcd/ComM_Cfg_SWCD.arxml C:/Users/nhuliyap/AppData/Local/Temp/rta/rte/AR2111/ecu_config/bsw/gen/swcd/ComM_SWCD.arxml C:/Users/nhuliyap/AppData/Local/Temp/rta/rte/AR2111/ecu_config/bsw/gen/swcd/EcuM_Cfg_SWCD.arxml C:/Users/nhuliyap/AppData/Local/Temp/rta/rte/AR2111/ecu_config/bsw/gen/swcd/rba_DiagLib_Cfg_SWCD.arxml C:/Users/nhuliyap/AppData/Local/Temp/rta/rte/AR2111/ecu_config/bsw/internal/bswmd_ecuc_values/CanIf_Prot_EcucValues.arxml C:/Users/nhuliyap/AppData/Local/Temp/rta/rte/AR2111/ecu_config/bsw/internal/bswmd_ecuc_values/CanSM_Prot_EcucValues.arxml C:/Users/nhuliyap/AppData/Local/Temp/rta/rte/AR2111/ecu_config/bsw/internal/bswmd_ecuc_values/ComM_Prot_EcucValues.arxml C:/Users/nhuliyap/AppData/Local/Temp/rta/rte/AR2111/ecu_config/bsw/internal/bswmd_ecuc_values/Com_Prot_EcucValues.arxml C:/Users/nhuliyap/AppData/Local/Temp/rta/rte/AR2111/ecu_config/bsw/internal/bswmd_ecuc_values/PduR_Prot_EcucValues.arxml C:/Users/nhuliyap/AppData/Local/Temp/rta/rte/AR2111/ApplicationECU_FlatMap.arxml C:/Users/nhuliyap/AppData/Local/Temp/rta/rte/AR2111/ApplicationECU_FlatView_SWCD.arxml C:/Users/nhuliyap/AppData/Local/Temp/rta/rte/AR2111/DBC_SysDesc.arxml C:/Users/nhuliyap/AppData/Local/Temp/rta/rte/AR2111/DataTypes.arxml C:/Users/nhuliyap/AppData/Local/Temp/rta/rte/AR2111/EcucValueCollection_Generated.arxml C:/Users/nhuliyap/AppData/Local/Temp/rta/rte/AR2111/ISOLAR_PlatformTypes.arxml C:/Users/nhuliyap/AppData/Local/Temp/rta/rte/AR2111/Interfaces.arxml C:/Users/nhuliyap/AppData/Local/Temp/rta/rte/AR2111/MyReceivingSWC.arxml C:/Users/nhuliyap/AppData/Local/Temp/rta/rte/AR2111/MyTransmittingSWC.arxml C:/Users/nhuliyap/AppData/Local/Temp/rta/rte/AR2111/System_EcuExtr.arxml C:/Users/nhuliyap/AppData/Local/Temp/rta/rte/AR2111/ecu_config/bsw/ecucvalues/BswM_EcucValues.arxml C:/Users/nhuliyap/AppData/Local/Temp/rta/rte/AR2111/ecu_config/bsw/ecucvalues/BswM_ModeMapping.arxml C:/Users/nhuliyap/AppData/Local/Temp/rta/rte/AR2111/ecu_config/bsw/ecucvalues/EcuM_EcucValues.arxml C:/Users/nhuliyap/AppData/Local/Temp/rta/rte/AR2111/ecu_config/bsw/integrationCfg/Can_BSWMD.arxml C:/Users/nhuliyap/AppData/Local/Temp/rta/rte/AR2111/ecu_config/bsw/integrationCfg/Compiler.arxml C:/Users/nhuliyap/AppData/Local/Temp/rta/rte/AR2111/ecu_config/bsw/integrationCfg/Fls_BSWMD.arxml C:/Users/nhuliyap/AppData/Local/Temp/rta/rte/AR2111/ecu_config/bsw/integrationCfg/Fls_BSWMD_EcucValues.arxml C:/Users/nhuliyap/AppData/Local/Temp/rta/rte/AR2111/ecu_config/bsw/integrationCfg/Platform.arxml C:/Users/nhuliyap/AppData/Local/Temp/rta/rte/AR2111/ecu_config/bsw/internal/rba_BswSrv_EcucValues.arxml C:/Users/nhuliyap/AppData/Local/Temp/rta/rte/AR2111/ecu_config/os/internal/Os_EcucValues.arxml C:/Users/nhuliyap/AppData/Local/Temp/rta/rte/AR2111/ecu_config/rte/internal/Rte_EcucValues.arxml C:/Users/nhuliyap/AppData/Local/Temp/rta/rte/AR2111/system_config/AISpecification_PhysicalDimension_SWCD.arxml C:/Users/nhuliyap/AppData/Local/Temp/rta/rte/AR2111/system_config/AISpecification_Unit_SWCD.arxml C:/Users/nhuliyap/AppData/Local/Temp/rta/rte/AR2111/system_config/ComStack_Types.arxml C:/Users/nhuliyap/AppData/Local/Temp/rta/rte/AR2111/system_config/Composition.arxml C:/Users/nhuliyap/AppData/Local/Temp/rta/rte/AR2111/system_config/MSI_ShutDown.arxml C:/Users/nhuliyap/AppData/Local/Temp/rta/rte/AR2111/system_config/PlatformBaseOld_Types.arxml C:/Users/nhuliyap/AppData/Local/Temp/rta/rte/AR2111/system_config/PlatformBase_Types.arxml C:/Users/nhuliyap/AppData/Local/Temp/rta/rte/AR2111/system_config/PlatformOld_Types.arxml C:/Users/nhuliyap/AppData/Local/Temp/rta/rte/AR2111/system_config/PlatformSwBasePatch_Types.arxml C:/Users/nhuliyap/AppData/Local/Temp/rta/rte/AR2111/system_config/Platform_Types.arxml C:/Users/nhuliyap/AppData/Local/Temp/rta/rte/AR2111/system_config/Standard_Types.arxml C:/Users/nhuliyap/AppData/Local/Temp/rta/rte/AR2111/system_config/rba_CUCELCompuMethods_BSWMD.arxml C:/Users/nhuliyap/AppData/Local/Temp/rta/rte/AR2111/system_config/rba_CUCELSwAddrMethodAddOn_BSWMD.arxml C:/Users/nhuliyap/AppData/Local/Temp/rta/rte/AR2111/system_config/rba_CUCELSwAddrMethod_BSWMD.arxml C:/Users/nhuliyap/AppData/Local/Temp/rta/rte/AR2111/ecu_config/bsw/gen/bswmd/Ea_BSWMD.arxml C:/Users/nhuliyap/AppData/Local/Temp/rta/rte/AR2111/ecu_config/bsw/gen/bswmd/Ea_Cfg_BSWMD.arxml C:/Users/nhuliyap/AppData/Local/Temp/rta/rte/AR2111/ecu_config/bsw/gen/bswmd/Fee_Cfg_BSWMD.arxml C:/Users/nhuliyap/AppData/Local/Temp/rta/rte/AR2111/ecu_config/bsw/gen/bswmd/MemIf_Cfg_BSWMD.arxml C:/Users/nhuliyap/AppData/Local/Temp/rta/rte/AR2111/ecu_config/bsw/gen/bswmd/NvM_Cfg_BSWMD.arxml C:/Users/nhuliyap/AppData/Local/Temp/rta/rte/AR2111/ecu_config/bsw/gen/bswmd/NvM_Static_Cfg_BSWMD.arxml C:/Users/nhuliyap/AppData/Local/Temp/rta/rte/AR2111/ecu_config/bsw/gen/bswmd/rba_FeeFs1x_Cfg_BSWMD.arxml C:/Users/nhuliyap/AppData/Local/Temp/rta/rte/AR2111/ecu_config/bsw/gen/bswmd/rba_MemLib_Cfg_BSWMD.arxml C:/Users/nhuliyap/AppData/Local/Temp/rta/rte/AR2111/ecu_config/bsw/gen/swcd/NvM_Cfg_SWCD.arxml ] --strict-unconnected-rport-check=off --os-define-osenv=RTAOS40 --notimestamps --samples=memmap -o [*.*]C:/ETAS/RTA-CAR_12.2.0/RTA-CAR/workspace/NewProjectFromScratch/src/rte --error-report=xml
Product Version : RTA-RTE V12.2.0
Copyright (C) ETAS GmbH 2004-2023
Operating System : Windows
Pre-processor warning set to - pragma message
Phase is RTE (license verified)
>Validating XML...
>Validating Containers...
<Validating Containers... done
<Validating XML... done
>Building types database...
<Building types database... done
>Flattening Root Composition...
>Parsing RTE Configuration...
<Parsing RTE Configuration... done
<Flattening Root Composition... done
>Validating Input...
<Validating Input... done
>Finding modes...
<Finding modes... done
>Building skeleton reification tree...
<Building skeleton reification tree... done
>Building reification tree...
<Building reification tree... done
>Generating output files...
<Generating output files... done
>Processing templates...
<Processing templates... done
0 errors, 31 warnings and 12 info messages were generated.
Messages written to C:/ETAS/RTA-CAR_12.2.0/RTA-CAR/workspace/NewProjectFromScratch/src/rte/RteErr.xml.
The following files were generated:
	C:/ETAS/RTA-CAR_12.2.0/RTA-CAR/workspace/NewProjectFromScratch/src/rte/BswM_MemMap.h
	C:/ETAS/RTA-CAR_12.2.0/RTA-CAR/workspace/NewProjectFromScratch/src/rte/ComM_MemMap.h
	C:/ETAS/RTA-CAR_12.2.0/RTA-CAR/workspace/NewProjectFromScratch/src/rte/EcuM_MemMap.h
	C:/ETAS/RTA-CAR_12.2.0/RTA-CAR/workspace/NewProjectFromScratch/src/rte/MyReceivingSWC_MemMap.h
	C:/ETAS/RTA-CAR_12.2.0/RTA-CAR/workspace/NewProjectFromScratch/src/rte/MyTransmittingSWC_MemMap.h
	C:/ETAS/RTA-CAR_12.2.0/RTA-CAR/workspace/NewProjectFromScratch/src/rte/NvM_MemMap.h
	C:/ETAS/RTA-CAR_12.2.0/RTA-CAR/workspace/NewProjectFromScratch/src/rte/Rte.c
	C:/ETAS/RTA-CAR_12.2.0/RTA-CAR/workspace/NewProjectFromScratch/src/rte/Rte.h
	C:/ETAS/RTA-CAR_12.2.0/RTA-CAR/workspace/NewProjectFromScratch/src/rte/Rte_BSWMD.arxml
	C:/ETAS/RTA-CAR_12.2.0/RTA-CAR/workspace/NewProjectFromScratch/src/rte/Rte_BswM.h
	C:/ETAS/RTA-CAR_12.2.0/RTA-CAR/workspace/NewProjectFromScratch/src/rte/Rte_BswM_Type.h
	C:/ETAS/RTA-CAR_12.2.0/RTA-CAR/workspace/NewProjectFromScratch/src/rte/Rte_Catalog.xml
	C:/ETAS/RTA-CAR_12.2.0/RTA-CAR/workspace/NewProjectFromScratch/src/rte/Rte_Cbk.h
	C:/ETAS/RTA-CAR_12.2.0/RTA-CAR/workspace/NewProjectFromScratch/src/rte/Rte_Cfg.h
	C:/ETAS/RTA-CAR_12.2.0/RTA-CAR/workspace/NewProjectFromScratch/src/rte/Rte_ComM.h
	C:/ETAS/RTA-CAR_12.2.0/RTA-CAR/workspace/NewProjectFromScratch/src/rte/Rte_ComM_Type.h
	C:/ETAS/RTA-CAR_12.2.0/RTA-CAR/workspace/NewProjectFromScratch/src/rte/Rte_Const.h
	C:/ETAS/RTA-CAR_12.2.0/RTA-CAR/workspace/NewProjectFromScratch/src/rte/Rte_DataHandleType.h
	C:/ETAS/RTA-CAR_12.2.0/RTA-CAR/workspace/NewProjectFromScratch/src/rte/Rte_EcuM.h
	C:/ETAS/RTA-CAR_12.2.0/RTA-CAR/workspace/NewProjectFromScratch/src/rte/Rte_EcuM_Type.h
	C:/ETAS/RTA-CAR_12.2.0/RTA-CAR/workspace/NewProjectFromScratch/src/rte/Rte_Hook.h
	C:/ETAS/RTA-CAR_12.2.0/RTA-CAR/workspace/NewProjectFromScratch/src/rte/Rte_Intl.h
	C:/ETAS/RTA-CAR_12.2.0/RTA-CAR/workspace/NewProjectFromScratch/src/rte/Rte_Lib.c
	C:/ETAS/RTA-CAR_12.2.0/RTA-CAR/workspace/NewProjectFromScratch/src/rte/Rte_Main.h
	C:/ETAS/RTA-CAR_12.2.0/RTA-CAR/workspace/NewProjectFromScratch/src/rte/Rte_McSupportData.arxml
	C:/ETAS/RTA-CAR_12.2.0/RTA-CAR/workspace/NewProjectFromScratch/src/rte/Rte_MyReceivingSWC.h
	C:/ETAS/RTA-CAR_12.2.0/RTA-CAR/workspace/NewProjectFromScratch/src/rte/Rte_MyReceivingSWC_Type.h
	C:/ETAS/RTA-CAR_12.2.0/RTA-CAR/workspace/NewProjectFromScratch/src/rte/Rte_MyTransmittingSWC.h
	C:/ETAS/RTA-CAR_12.2.0/RTA-CAR/workspace/NewProjectFromScratch/src/rte/Rte_MyTransmittingSWC_Type.h
	C:/ETAS/RTA-CAR_12.2.0/RTA-CAR/workspace/NewProjectFromScratch/src/rte/Rte_NvM.h
	C:/ETAS/RTA-CAR_12.2.0/RTA-CAR/workspace/NewProjectFromScratch/src/rte/Rte_NvM_Type.h
	C:/ETAS/RTA-CAR_12.2.0/RTA-CAR/workspace/NewProjectFromScratch/src/rte/Rte_Os_Type.h
	C:/ETAS/RTA-CAR_12.2.0/RTA-CAR/workspace/NewProjectFromScratch/src/rte/Rte_Type.h
	C:/ETAS/RTA-CAR_12.2.0/RTA-CAR/workspace/NewProjectFromScratch/src/rte/Rte_rba_DiagLib.h
	C:/ETAS/RTA-CAR_12.2.0/RTA-CAR/workspace/NewProjectFromScratch/src/rte/Rte_rba_DiagLib_Type.h
	C:/ETAS/RTA-CAR_12.2.0/RTA-CAR/workspace/NewProjectFromScratch/src/rte/SchM_BswM.h
	C:/ETAS/RTA-CAR_12.2.0/RTA-CAR/workspace/NewProjectFromScratch/src/rte/SchM_BswM_Type.h
	C:/ETAS/RTA-CAR_12.2.0/RTA-CAR/workspace/NewProjectFromScratch/src/rte/SchM_Can.h
	C:/ETAS/RTA-CAR_12.2.0/RTA-CAR/workspace/NewProjectFromScratch/src/rte/SchM_CanSM.h
	C:/ETAS/RTA-CAR_12.2.0/RTA-CAR/workspace/NewProjectFromScratch/src/rte/SchM_CanSM_Type.h
	C:/ETAS/RTA-CAR_12.2.0/RTA-CAR/workspace/NewProjectFromScratch/src/rte/SchM_Can_Type.h
	C:/ETAS/RTA-CAR_12.2.0/RTA-CAR/workspace/NewProjectFromScratch/src/rte/SchM_Com.h
	C:/ETAS/RTA-CAR_12.2.0/RTA-CAR/workspace/NewProjectFromScratch/src/rte/SchM_ComM.h
	C:/ETAS/RTA-CAR_12.2.0/RTA-CAR/workspace/NewProjectFromScratch/src/rte/SchM_ComM_Type.h
	C:/ETAS/RTA-CAR_12.2.0/RTA-CAR/workspace/NewProjectFromScratch/src/rte/SchM_Com_Type.h
	C:/ETAS/RTA-CAR_12.2.0/RTA-CAR/workspace/NewProjectFromScratch/src/rte/SchM_EcuM.h
	C:/ETAS/RTA-CAR_12.2.0/RTA-CAR/workspace/NewProjectFromScratch/src/rte/SchM_EcuM_Type.h
	C:/ETAS/RTA-CAR_12.2.0/RTA-CAR/workspace/NewProjectFromScratch/src/rte/SchM_MemIf.h
	C:/ETAS/RTA-CAR_12.2.0/RTA-CAR/workspace/NewProjectFromScratch/src/rte/SchM_MemIf_Type.h
	C:/ETAS/RTA-CAR_12.2.0/RTA-CAR/workspace/NewProjectFromScratch/src/rte/SchM_NvM.h
	C:/ETAS/RTA-CAR_12.2.0/RTA-CAR/workspace/NewProjectFromScratch/src/rte/SchM_NvM_Type.h
	C:/ETAS/RTA-CAR_12.2.0/RTA-CAR/workspace/NewProjectFromScratch/src/rte/osNeeds.arxml
	C:/ETAS/RTA-CAR_12.2.0/RTA-CAR/workspace/NewProjectFromScratch/src/rte/rba_DiagLib_MemMap.h
Command: [C:/ETAS/RTA-CAR_12.2.0/RTA-RTE_12.2.0/bin/RTEGen.exe, -q, 1, -r, /DBC_SysDesc_Can_Network/Pkg_Ecu/ApplicationECU, -f, C:/ETAS/RTA-CAR_12.2.0/RTA-CAR/workspace/NewProjectFromScratch/src/rte/rtegen_files.lst, --strict-unconnected-rport-check=off, --os-define-osenv=RTAOS40, --notimestamps, --samples=memmap, -o, [*.*]C:/ETAS/RTA-CAR_12.2.0/RTA-CAR/workspace/NewProjectFromScratch/src/rte, --error-report=xml]
Execution of action RTA_RTE successfully completed
********************************************************************************
********************************************************************************
Post build execution has started at 09:50:26:909 hh:mm:ss:ms 
********************************************************************************
Execute action: ProblemsLogEntryCreator 
********************************************************************************
Execution of action ProblemsLogEntryCreator successfully completed
********************************************************************************
Execute action: RtePostProcessor 
********************************************************************************
Execution of action RtePostProcessor successfully completed
********************************************************************************

********************************************************************************
Pre Build Summary 
********************************************************************************
- RtePreProcessor --> Success (Executed for 00:00:02:775 hh:mm:ss:ms)
Build Summary 
********************************************************************************
- RTA_RTE --> Success (Executed for 00:00:02:783 hh:mm:ss:ms)
********************************************************************************
Post Build Summary 
********************************************************************************
- ProblemsLogEntryCreator --> Success (Executed for 00:00:00:110 hh:mm:ss:ms)
- RtePostProcessor --> Success (Executed for 00:00:00:213 hh:mm:ss:ms)
Time taken for the complete build: 00:00:07:707
