********************************************************************************
Build Execution started
********************************************************************************
Tool Version : RTA-CAR 12.2.0 
Tool Build Id :20230905_1800
Date : Fri Feb 16 10:49:53 CET 2024
Project : Basic_Workflow
********************************************************************************

********************************************************************************
Project clean execution has started at 10:49:54:579 hh:mm:ss:ms 
********************************************************************************
Clean action: RTA-MEMMAP 
********************************************************************************
Project clean execution has been completed
Time taken to run Project Clean :: 00:00:00:094 hh:mm:ss:ms 
********************************************************************************
********************************************************************************
Pre build execution has started at 10:49:54:861 hh:mm:ss:ms 
********************************************************************************
Pre build validation successfully completed
Execute action: RtaMemMapPreProcessor 
********************************************************************************
Execution of action RtaMemMapPreProcessor successfully completed
********************************************************************************
********************************************************************************
Main build execution has started at 10:49:59:379 hh:mm:ss:ms 
********************************************************************************
Execute action: RTA-MEMMAP 
********************************************************************************
INFORMATION: Start  --prj_root C:/ETAS/RTA-CAR_12.2.0/RTA-CAR/Workspace_ETAS_RTA_CAR_12.2.0/workspace/Basic_Workflow --optionsfile C:/ETAS/RTA-CAR_12.2.0/RTA-CAR/Workspace_ETAS_RTA_CAR_12.2.0/workspace/Basic_Workflow/src/memmap/memmap.opt 
INFORMATION: # ICE/ARMEMMAP: Starting 
INFORMATION: # ICE/ARMEMMAP: Arguments: {strict_validate_missing_pragmas=n, list_armemmap_h_files=./src/memmap/genfilelist.txt, prj_root=C:/ETAS/RTA-CAR_12.2.0/RTA-CAR/Workspace_ETAS_RTA_CAR_12.2.0/workspace/Basic_Workflow, pathTomemmapFileDir=./src/memmap, arxmlFilelist=./src/memmap/arxmlFileList.txt, platform_templates=./src/memmap/platformtemplates.txt, machine_family=MCU_RB_GENERIC, armemmap_tool_log=./_log//armemmap_tool.txt, armemmap_user_log=./_log//armemmap_user.txt, validate_start_stop_for_armemmap=n, list_armemmap_h_files_prev=./src/memmap/prevGenfilelist.txt} 
INFORMATION: # ICE/ARMEMMAP: Value for key <pver_name_db3> not found. 
INFORMATION: # ICE/ARMEMMAP: Value for key <armemmap_user_ulf> not found. 
INFORMATION: # ICE/ARMEMMAP: Value for key <Rte_BSWMD_schema_validation_check> not found. 
INFORMATION: # ICE/ARMEMMAP: RTE_BSWMD_ARXML_SCHEMA_VALIDATION_CHECK <false> 
INFORMATION: # ICE/ARMEMMAP: VALIDATE_PRAGMA_CONFIG <false> 
INFORMATION: # ICE/ARMEMMAP: Value for key <enabletimestampinlogs> not found. 
INFORMATION: # ICE/ARMEMMAP: TIMESTAMP_MODE <false> 
INFORMATION: # ICE/ARMEMMAP: Value for key <callstring> not found. 
INFORMATION: # ICE/ARMEMMAP: CALL_STRING <null> 
INFORMATION: # ICE/ARMEMMAP: Value for key <test> not found. 
INFORMATION: # ICE/ARMEMMAP: Value for key <customer_templates> not found. 
INFORMATION: # ICE/ARMEMMAP: Setting memmapPlatformPragmaTemplates <[.\src\memmap\Templates\MemMap_ArPragmaPf_Generic.xpt, .\src\memmap\Templates\MemMap_ArPragmaPf_IFX.xpt, .\src\memmap\Templates\MemMap_ArPragmaPf_IFX_Ghs.xpt, .\src\memmap\Templates\MemMap_ArPragmaPf_ST.xpt, .\src\memmap\Templates\MemMap_ArTemplate.xpt, .\src\memmap\Templates\MemMap_ArUtils.ext]> 
INFORMATION: # ICE/ARMEMMAP: Setting memmapCustomerPragmaTemplates <[]> 
MEMMAPGEN_SYSTEM: Starting MEMMAPGEN 
MEMMAPGEN_SYSTEM: Starting AR memmap file generation...
MEMMAPGEN_SYSTEM: Starting to load arxml files 
WARNING: An illegal reflective access operation has occurred
WARNING: Illegal reflective access by org.eclipse.sphinx.platform.util.ReflectUtil (file:/C:/ETAS/RTA-CAR_12.2.0/RTA-MEMMAP_12.2.0/eclipse/plugins/org.eclipse.sphinx.platform_0.13.0.202206021210.jar) to field com.sun.org.apache.xerces.internal.parsers.AbstractSAXParser$AttributesProxy.fAttributes
WARNING: Please consider reporting this to the maintainers of org.eclipse.sphinx.platform.util.ReflectUtil
WARNING: Use --illegal-access=warn to enable warnings of further illegal reflective access operations
WARNING: All illegal access operations will be denied in a future release
MEMMAPGEN_SYSTEM: Time taken for loading 25 files in : ms 8336(8s).
MEMMAPGEN Message ID: AR_MEMMAP_WARN_013, WARN: The <BSW-IMPLEMENTATION> element Rte in the file src\rte\Rte_McSupportData.arxml does not have <BEHAVIOR-REF> . Hence the src\rte\Rte_McSupportData.arxml will not be considered for MemMap generation.
MEMMAPGEN_SYSTEM: Total ICodeGenerationStrategies registered are : 1
MEMMAPGEN_SYSTEM: Generating code, template processing...
MEMMAPGEN Message ID: AR_MEMMAP_WARN_002, WARN: The file "ecu_config\mcal\Can_BSWMD.arxml" doesn't contain <MEMORY-SECTIONS> and addMemorySection() is not configured in CustomerTemplates, so the corresponding component memmap.h file is not generated
MEMMAPGEN Message ID: AR_MEMMAP_WARN_006, WARN: Pragma configuration couldn't be found for the <MEMORY-SECTION> 'COM_CODE' present in the arxml file ecu_config\bsw\gen\bswmd\Com_Cfg_BSWMD.arxml.
MEMMAPGEN Message ID: AR_MEMMAP_WARN_006, WARN: Pragma configuration couldn't be found for the <MEMORY-SECTION> 'COM_CODE' present in the arxml file ecu_config\bsw\gen\bswmd\Com_Cfg_BSWMD.arxml.
MEMMAPGEN Message ID: AR_MEMMAP_WARN_006, WARN: Pragma configuration couldn't be found for the <MEMORY-SECTION> 'COM_CONFIG_DATA_16' present in the arxml file ecu_config\bsw\gen\bswmd\Com_Cfg_BSWMD.arxml.
MEMMAPGEN Message ID: AR_MEMMAP_WARN_006, WARN: Pragma configuration couldn't be found for the <MEMORY-SECTION> 'COM_CONFIG_DATA_16' present in the arxml file ecu_config\bsw\gen\bswmd\Com_Cfg_BSWMD.arxml.
MEMMAPGEN Message ID: AR_MEMMAP_WARN_006, WARN: Pragma configuration couldn't be found for the <MEMORY-SECTION> 'COM_CONFIG_DATA_32' present in the arxml file ecu_config\bsw\gen\bswmd\Com_Cfg_BSWMD.arxml.
MEMMAPGEN Message ID: AR_MEMMAP_WARN_006, WARN: Pragma configuration couldn't be found for the <MEMORY-SECTION> 'COM_CONFIG_DATA_32' present in the arxml file ecu_config\bsw\gen\bswmd\Com_Cfg_BSWMD.arxml.
MEMMAPGEN Message ID: AR_MEMMAP_WARN_006, WARN: Pragma configuration couldn't be found for the <MEMORY-SECTION> 'COM_CONFIG_DATA_64' present in the arxml file ecu_config\bsw\gen\bswmd\Com_Cfg_BSWMD.arxml.
MEMMAPGEN Message ID: AR_MEMMAP_WARN_006, WARN: Pragma configuration couldn't be found for the <MEMORY-SECTION> 'COM_CONFIG_DATA_64' present in the arxml file ecu_config\bsw\gen\bswmd\Com_Cfg_BSWMD.arxml.
MEMMAPGEN Message ID: AR_MEMMAP_WARN_006, WARN: Pragma configuration couldn't be found for the <MEMORY-SECTION> 'COM_CONFIG_DATA_8' present in the arxml file ecu_config\bsw\gen\bswmd\Com_Cfg_BSWMD.arxml.
MEMMAPGEN Message ID: AR_MEMMAP_WARN_006, WARN: Pragma configuration couldn't be found for the <MEMORY-SECTION> 'COM_CONFIG_DATA_8' present in the arxml file ecu_config\bsw\gen\bswmd\Com_Cfg_BSWMD.arxml.
MEMMAPGEN Message ID: AR_MEMMAP_WARN_006, WARN: Pragma configuration couldn't be found for the <MEMORY-SECTION> 'COM_CONFIG_DATA_UNSPECIFIED' present in the arxml file ecu_config\bsw\gen\bswmd\Com_Cfg_BSWMD.arxml.
MEMMAPGEN Message ID: AR_MEMMAP_WARN_006, WARN: Pragma configuration couldn't be found for the <MEMORY-SECTION> 'COM_CONFIG_DATA_UNSPECIFIED' present in the arxml file ecu_config\bsw\gen\bswmd\Com_Cfg_BSWMD.arxml.
MEMMAPGEN Message ID: AR_MEMMAP_WARN_006, WARN: Pragma configuration couldn't be found for the <MEMORY-SECTION> 'COM_CONST_UNSPECIFIED' present in the arxml file ecu_config\bsw\gen\bswmd\Com_Cfg_BSWMD.arxml.
MEMMAPGEN Message ID: AR_MEMMAP_WARN_006, WARN: Pragma configuration couldn't be found for the <MEMORY-SECTION> 'COM_CONST_UNSPECIFIED' present in the arxml file ecu_config\bsw\gen\bswmd\Com_Cfg_BSWMD.arxml.
MEMMAPGEN Message ID: AR_MEMMAP_WARN_006, WARN: Pragma configuration couldn't be found for the <MEMORY-SECTION> 'COM_VAR_CLEARED_16' present in the arxml file ecu_config\bsw\gen\bswmd\Com_Cfg_BSWMD.arxml.
MEMMAPGEN Message ID: AR_MEMMAP_WARN_006, WARN: Pragma configuration couldn't be found for the <MEMORY-SECTION> 'COM_VAR_CLEARED_16' present in the arxml file ecu_config\bsw\gen\bswmd\Com_Cfg_BSWMD.arxml.
MEMMAPGEN Message ID: AR_MEMMAP_WARN_006, WARN: Pragma configuration couldn't be found for the <MEMORY-SECTION> 'COM_VAR_CLEARED_32' present in the arxml file ecu_config\bsw\gen\bswmd\Com_Cfg_BSWMD.arxml.
MEMMAPGEN Message ID: AR_MEMMAP_WARN_006, WARN: Pragma configuration couldn't be found for the <MEMORY-SECTION> 'COM_VAR_CLEARED_32' present in the arxml file ecu_config\bsw\gen\bswmd\Com_Cfg_BSWMD.arxml.
MEMMAPGEN Message ID: AR_MEMMAP_WARN_006, WARN: Pragma configuration couldn't be found for the <MEMORY-SECTION> 'COM_VAR_CLEARED_64' present in the arxml file ecu_config\bsw\gen\bswmd\Com_Cfg_BSWMD.arxml.
MEMMAPGEN Message ID: AR_MEMMAP_WARN_006, WARN: Pragma configuration couldn't be found for the <MEMORY-SECTION> 'COM_VAR_CLEARED_64' present in the arxml file ecu_config\bsw\gen\bswmd\Com_Cfg_BSWMD.arxml.
MEMMAPGEN Message ID: AR_MEMMAP_WARN_006, WARN: Pragma configuration couldn't be found for the <MEMORY-SECTION> 'COM_VAR_CLEARED_8' present in the arxml file ecu_config\bsw\gen\bswmd\Com_Cfg_BSWMD.arxml.
MEMMAPGEN Message ID: AR_MEMMAP_WARN_006, WARN: Pragma configuration couldn't be found for the <MEMORY-SECTION> 'COM_VAR_CLEARED_8' present in the arxml file ecu_config\bsw\gen\bswmd\Com_Cfg_BSWMD.arxml.
MEMMAPGEN Message ID: AR_MEMMAP_WARN_006, WARN: Pragma configuration couldn't be found for the <MEMORY-SECTION> 'COM_VAR_CLEARED_UNSPECIFIED' present in the arxml file ecu_config\bsw\gen\bswmd\Com_Cfg_BSWMD.arxml.
MEMMAPGEN Message ID: AR_MEMMAP_WARN_006, WARN: Pragma configuration couldn't be found for the <MEMORY-SECTION> 'COM_VAR_CLEARED_UNSPECIFIED' present in the arxml file ecu_config\bsw\gen\bswmd\Com_Cfg_BSWMD.arxml.
MEMMAPGEN Message ID: AR_MEMMAP_WARN_006, WARN: Pragma configuration couldn't be found for the <MEMORY-SECTION> 'Com_CODE' present in the arxml file ecu_config\bsw\gen\bswmd\Com_Cfg_BSWMD.arxml.
MEMMAPGEN Message ID: AR_MEMMAP_WARN_006, WARN: Pragma configuration couldn't be found for the <MEMORY-SECTION> 'Com_CODE' present in the arxml file ecu_config\bsw\gen\bswmd\Com_Cfg_BSWMD.arxml.
MEMMAPGEN Message ID: AR_MEMMAP_WARN_006, WARN: Pragma configuration couldn't be found for the <MEMORY-SECTION> 'PDUR_CODE' present in the arxml file ecu_config\bsw\gen\bswmd\PduR_Cfg_BSWMD.arxml.
MEMMAPGEN Message ID: AR_MEMMAP_WARN_006, WARN: Pragma configuration couldn't be found for the <MEMORY-SECTION> 'PDUR_CODE' present in the arxml file ecu_config\bsw\gen\bswmd\PduR_Cfg_BSWMD.arxml.
MEMMAPGEN Message ID: AR_MEMMAP_WARN_006, WARN: Pragma configuration couldn't be found for the <MEMORY-SECTION> 'PDUR_CONFIG_DATA_8' present in the arxml file ecu_config\bsw\gen\bswmd\PduR_Cfg_BSWMD.arxml.
MEMMAPGEN Message ID: AR_MEMMAP_WARN_006, WARN: Pragma configuration couldn't be found for the <MEMORY-SECTION> 'PDUR_CONFIG_DATA_8' present in the arxml file ecu_config\bsw\gen\bswmd\PduR_Cfg_BSWMD.arxml.
MEMMAPGEN Message ID: AR_MEMMAP_WARN_006, WARN: Pragma configuration couldn't be found for the <MEMORY-SECTION> 'PDUR_CONFIG_DATA_UNSPECIFIED' present in the arxml file ecu_config\bsw\gen\bswmd\PduR_Cfg_BSWMD.arxml.
MEMMAPGEN Message ID: AR_MEMMAP_WARN_006, WARN: Pragma configuration couldn't be found for the <MEMORY-SECTION> 'PDUR_CONFIG_DATA_UNSPECIFIED' present in the arxml file ecu_config\bsw\gen\bswmd\PduR_Cfg_BSWMD.arxml.
MEMMAPGEN Message ID: AR_MEMMAP_WARN_006, WARN: Pragma configuration couldn't be found for the <MEMORY-SECTION> 'PDUR_CONST_32' present in the arxml file ecu_config\bsw\gen\bswmd\PduR_Cfg_BSWMD.arxml.
MEMMAPGEN Message ID: AR_MEMMAP_WARN_006, WARN: Pragma configuration couldn't be found for the <MEMORY-SECTION> 'PDUR_CONST_32' present in the arxml file ecu_config\bsw\gen\bswmd\PduR_Cfg_BSWMD.arxml.
MEMMAPGEN Message ID: AR_MEMMAP_WARN_006, WARN: Pragma configuration couldn't be found for the <MEMORY-SECTION> 'PDUR_CONST_8' present in the arxml file ecu_config\bsw\gen\bswmd\PduR_Cfg_BSWMD.arxml.
MEMMAPGEN Message ID: AR_MEMMAP_WARN_006, WARN: Pragma configuration couldn't be found for the <MEMORY-SECTION> 'PDUR_CONST_8' present in the arxml file ecu_config\bsw\gen\bswmd\PduR_Cfg_BSWMD.arxml.
MEMMAPGEN Message ID: AR_MEMMAP_WARN_006, WARN: Pragma configuration couldn't be found for the <MEMORY-SECTION> 'PDUR_CONST_UNSPECIFIED' present in the arxml file ecu_config\bsw\gen\bswmd\PduR_Cfg_BSWMD.arxml.
MEMMAPGEN Message ID: AR_MEMMAP_WARN_006, WARN: Pragma configuration couldn't be found for the <MEMORY-SECTION> 'PDUR_CONST_UNSPECIFIED' present in the arxml file ecu_config\bsw\gen\bswmd\PduR_Cfg_BSWMD.arxml.
MEMMAPGEN Message ID: AR_MEMMAP_WARN_006, WARN: Pragma configuration couldn't be found for the <MEMORY-SECTION> 'PDUR_VAR_CLEARED_16' present in the arxml file ecu_config\bsw\gen\bswmd\PduR_Cfg_BSWMD.arxml.
MEMMAPGEN Message ID: AR_MEMMAP_WARN_006, WARN: Pragma configuration couldn't be found for the <MEMORY-SECTION> 'PDUR_VAR_CLEARED_16' present in the arxml file ecu_config\bsw\gen\bswmd\PduR_Cfg_BSWMD.arxml.
MEMMAPGEN Message ID: AR_MEMMAP_WARN_006, WARN: Pragma configuration couldn't be found for the <MEMORY-SECTION> 'PDUR_VAR_CLEARED_8' present in the arxml file ecu_config\bsw\gen\bswmd\PduR_Cfg_BSWMD.arxml.
MEMMAPGEN Message ID: AR_MEMMAP_WARN_006, WARN: Pragma configuration couldn't be found for the <MEMORY-SECTION> 'PDUR_VAR_CLEARED_8' present in the arxml file ecu_config\bsw\gen\bswmd\PduR_Cfg_BSWMD.arxml.
MEMMAPGEN Message ID: AR_MEMMAP_WARN_006, WARN: Pragma configuration couldn't be found for the <MEMORY-SECTION> 'PDUR_VAR_CLEARED_UNSPECIFIED' present in the arxml file ecu_config\bsw\gen\bswmd\PduR_Cfg_BSWMD.arxml.
MEMMAPGEN Message ID: AR_MEMMAP_WARN_006, WARN: Pragma configuration couldn't be found for the <MEMORY-SECTION> 'PDUR_VAR_CLEARED_UNSPECIFIED' present in the arxml file ecu_config\bsw\gen\bswmd\PduR_Cfg_BSWMD.arxml.
MEMMAPGEN Message ID: AR_MEMMAP_WARN_006, WARN: Pragma configuration couldn't be found for the <MEMORY-SECTION> 'PDUR_VAR_INIT_UNSPECIFIED' present in the arxml file ecu_config\bsw\gen\bswmd\PduR_Cfg_BSWMD.arxml.
MEMMAPGEN Message ID: AR_MEMMAP_WARN_006, WARN: Pragma configuration couldn't be found for the <MEMORY-SECTION> 'PDUR_VAR_INIT_UNSPECIFIED' present in the arxml file ecu_config\bsw\gen\bswmd\PduR_Cfg_BSWMD.arxml.
MEMMAPGEN Message ID: AR_MEMMAP_WARN_006, WARN: Pragma configuration couldn't be found for the <MEMORY-SECTION> 'PduR_CODE' present in the arxml file ecu_config\bsw\gen\bswmd\PduR_Cfg_BSWMD.arxml.
MEMMAPGEN Message ID: AR_MEMMAP_WARN_006, WARN: Pragma configuration couldn't be found for the <MEMORY-SECTION> 'PduR_CODE' present in the arxml file ecu_config\bsw\gen\bswmd\PduR_Cfg_BSWMD.arxml.
MEMMAPGEN Message ID: AR_MEMMAP_WARN_006, WARN: Pragma configuration couldn't be found for the <MEMORY-SECTION> 'DET_CODE' present in the arxml file ecu_config\bsw\gen\swcd\Det_Cfg_SWCD.arxml.
MEMMAPGEN Message ID: AR_MEMMAP_WARN_006, WARN: Pragma configuration couldn't be found for the <MEMORY-SECTION> 'DET_CODE' present in the arxml file ecu_config\bsw\gen\swcd\Det_Cfg_SWCD.arxml.
MEMMAPGEN Message ID: AR_MEMMAP_WARN_006, WARN: Pragma configuration couldn't be found for the <MEMORY-SECTION> 'DET_CONST_UNSPECIFIED' present in the arxml file ecu_config\bsw\gen\swcd\Det_Cfg_SWCD.arxml.
MEMMAPGEN Message ID: AR_MEMMAP_WARN_006, WARN: Pragma configuration couldn't be found for the <MEMORY-SECTION> 'DET_CONST_UNSPECIFIED' present in the arxml file ecu_config\bsw\gen\swcd\Det_Cfg_SWCD.arxml.
MEMMAPGEN Message ID: AR_MEMMAP_WARN_006, WARN: Pragma configuration couldn't be found for the <MEMORY-SECTION> 'DET_VAR_CLEARED_UNSPECIFIED' present in the arxml file ecu_config\bsw\gen\swcd\Det_Cfg_SWCD.arxml.
MEMMAPGEN Message ID: AR_MEMMAP_WARN_006, WARN: Pragma configuration couldn't be found for the <MEMORY-SECTION> 'DET_VAR_CLEARED_UNSPECIFIED' present in the arxml file ecu_config\bsw\gen\swcd\Det_Cfg_SWCD.arxml.
MEMMAPGEN Message ID: AR_MEMMAP_WARN_006, WARN: Pragma configuration couldn't be found for the <MEMORY-SECTION> 'DET_VAR_INIT_UNSPECIFIED' present in the arxml file ecu_config\bsw\gen\swcd\Det_Cfg_SWCD.arxml.
MEMMAPGEN Message ID: AR_MEMMAP_WARN_006, WARN: Pragma configuration couldn't be found for the <MEMORY-SECTION> 'DET_VAR_INIT_UNSPECIFIED' present in the arxml file ecu_config\bsw\gen\swcd\Det_Cfg_SWCD.arxml.
MEMMAPGEN Message ID: AR_MEMMAP_WARN_006, WARN: Pragma configuration couldn't be found for the <MEMORY-SECTION> 'Det_CODE' present in the arxml file ecu_config\bsw\gen\swcd\Det_Cfg_SWCD.arxml.
MEMMAPGEN Message ID: AR_MEMMAP_WARN_006, WARN: Pragma configuration couldn't be found for the <MEMORY-SECTION> 'Det_CODE' present in the arxml file ecu_config\bsw\gen\swcd\Det_Cfg_SWCD.arxml.
MEMMAPGEN Message ID: AR_MEMMAP_WARN_006, WARN: Pragma configuration couldn't be found for the <MEMORY-SECTION> 'CONST_UNSPECIFIED' present in the arxml file src\rte\Rte_BSWMD.arxml.
MEMMAPGEN Message ID: AR_MEMMAP_WARN_006, WARN: Pragma configuration couldn't be found for the <MEMORY-SECTION> 'CONST_UNSPECIFIED' present in the arxml file src\rte\Rte_BSWMD.arxml.
MEMMAPGEN Message ID: AR_MEMMAP_WARN_006, WARN: Pragma configuration couldn't be found for the <MEMORY-SECTION> 'RTE_BSWM_CODE' present in the arxml file src\rte\Rte_BSWMD.arxml.
MEMMAPGEN Message ID: AR_MEMMAP_WARN_006, WARN: Pragma configuration couldn't be found for the <MEMORY-SECTION> 'RTE_BSWM_CODE' present in the arxml file src\rte\Rte_BSWMD.arxml.
MEMMAPGEN Message ID: AR_MEMMAP_WARN_006, WARN: Pragma configuration couldn't be found for the <MEMORY-SECTION> 'RTE_EXT_CODE' present in the arxml file src\rte\Rte_BSWMD.arxml.
MEMMAPGEN Message ID: AR_MEMMAP_WARN_006, WARN: Pragma configuration couldn't be found for the <MEMORY-SECTION> 'RTE_EXT_CODE' present in the arxml file src\rte\Rte_BSWMD.arxml.
MEMMAPGEN Message ID: AR_MEMMAP_WARN_006, WARN: Pragma configuration couldn't be found for the <MEMORY-SECTION> 'RTE_LIB_CODE' present in the arxml file src\rte\Rte_BSWMD.arxml.
MEMMAPGEN Message ID: AR_MEMMAP_WARN_006, WARN: Pragma configuration couldn't be found for the <MEMORY-SECTION> 'RTE_LIB_CODE' present in the arxml file src\rte\Rte_BSWMD.arxml.
MEMMAPGEN Message ID: AR_MEMMAP_WARN_006, WARN: Pragma configuration couldn't be found for the <MEMORY-SECTION> 'RTE_MAIN_CODE' present in the arxml file src\rte\Rte_BSWMD.arxml.
MEMMAPGEN Message ID: AR_MEMMAP_WARN_006, WARN: Pragma configuration couldn't be found for the <MEMORY-SECTION> 'RTE_MAIN_CODE' present in the arxml file src\rte\Rte_BSWMD.arxml.
MEMMAPGEN Message ID: AR_MEMMAP_WARN_006, WARN: Pragma configuration couldn't be found for the <MEMORY-SECTION> 'RTE_MYSWC_CODE' present in the arxml file src\rte\Rte_BSWMD.arxml.
MEMMAPGEN Message ID: AR_MEMMAP_WARN_006, WARN: Pragma configuration couldn't be found for the <MEMORY-SECTION> 'RTE_MYSWC_CODE' present in the arxml file src\rte\Rte_BSWMD.arxml.
MEMMAPGEN Message ID: AR_MEMMAP_WARN_006, WARN: Pragma configuration couldn't be found for the <MEMORY-SECTION> 'RTE_OSTASK_BSW_VAR_CLEARED_8' present in the arxml file src\rte\Rte_BSWMD.arxml.
MEMMAPGEN Message ID: AR_MEMMAP_WARN_006, WARN: Pragma configuration couldn't be found for the <MEMORY-SECTION> 'RTE_OSTASK_BSW_VAR_CLEARED_8' present in the arxml file src\rte\Rte_BSWMD.arxml.
MEMMAPGEN Message ID: AR_MEMMAP_WARN_006, WARN: Pragma configuration couldn't be found for the <MEMORY-SECTION> 'RTE_SIG_S_TESTECU_TO_APPLICATIONECU_DATA_CAN_NETWORK_CHANNEL_CAN_RX_CODE' present in the arxml file src\rte\Rte_BSWMD.arxml.
MEMMAPGEN Message ID: AR_MEMMAP_WARN_006, WARN: Pragma configuration couldn't be found for the <MEMORY-SECTION> 'RTE_SIG_S_TESTECU_TO_APPLICATIONECU_DATA_CAN_NETWORK_CHANNEL_CAN_RX_CODE' present in the arxml file src\rte\Rte_BSWMD.arxml.
MEMMAPGEN Message ID: AR_MEMMAP_WARN_006, WARN: Pragma configuration couldn't be found for the <MEMORY-SECTION> 'RTE_SYS_CODE' present in the arxml file src\rte\Rte_BSWMD.arxml.
MEMMAPGEN Message ID: AR_MEMMAP_WARN_006, WARN: Pragma configuration couldn't be found for the <MEMORY-SECTION> 'RTE_SYS_CODE' present in the arxml file src\rte\Rte_BSWMD.arxml.
MEMMAPGEN Message ID: AR_MEMMAP_WARN_006, WARN: Pragma configuration couldn't be found for the <MEMORY-SECTION> 'RTE_SYS_VAR_CLEARED_32' present in the arxml file src\rte\Rte_BSWMD.arxml.
MEMMAPGEN Message ID: AR_MEMMAP_WARN_006, WARN: Pragma configuration couldn't be found for the <MEMORY-SECTION> 'RTE_SYS_VAR_CLEARED_32' present in the arxml file src\rte\Rte_BSWMD.arxml.
MEMMAPGEN Message ID: AR_MEMMAP_WARN_006, WARN: Pragma configuration couldn't be found for the <MEMORY-SECTION> 'VAR_CLEARED_16' present in the arxml file src\rte\Rte_BSWMD.arxml.
MEMMAPGEN Message ID: AR_MEMMAP_WARN_006, WARN: Pragma configuration couldn't be found for the <MEMORY-SECTION> 'VAR_CLEARED_16' present in the arxml file src\rte\Rte_BSWMD.arxml.
MEMMAPGEN Message ID: AR_MEMMAP_WARN_006, WARN: Pragma configuration couldn't be found for the <MEMORY-SECTION> 'VAR_CLEARED_8' present in the arxml file src\rte\Rte_BSWMD.arxml.
MEMMAPGEN Message ID: AR_MEMMAP_WARN_006, WARN: Pragma configuration couldn't be found for the <MEMORY-SECTION> 'VAR_CLEARED_8' present in the arxml file src\rte\Rte_BSWMD.arxml.
MEMMAPGEN Message ID: AR_MEMMAP_WARN_006, WARN: Pragma configuration couldn't be found for the <MEMORY-SECTION> 'VAR_CLEARED_BOOLEAN' present in the arxml file src\rte\Rte_BSWMD.arxml.
MEMMAPGEN Message ID: AR_MEMMAP_WARN_006, WARN: Pragma configuration couldn't be found for the <MEMORY-SECTION> 'VAR_CLEARED_BOOLEAN' present in the arxml file src\rte\Rte_BSWMD.arxml.
MEMMAPGEN Message ID: AR_MEMMAP_WARN_006, WARN: Pragma configuration couldn't be found for the <MEMORY-SECTION> 'VAR_INIT_8' present in the arxml file src\rte\Rte_BSWMD.arxml.
MEMMAPGEN Message ID: AR_MEMMAP_WARN_006, WARN: Pragma configuration couldn't be found for the <MEMORY-SECTION> 'VAR_INIT_8' present in the arxml file src\rte\Rte_BSWMD.arxml.
MEMMAPGEN Message ID: AR_MEMMAP_WARN_006, WARN: Pragma configuration couldn't be found for the <MEMORY-SECTION> 'BFX_CODE' present in the arxml file ecu_config\bsw\gen\bswmd\Bfx_BSWMD.arxml.
MEMMAPGEN Message ID: AR_MEMMAP_WARN_006, WARN: Pragma configuration couldn't be found for the <MEMORY-SECTION> 'BFX_CODE' present in the arxml file ecu_config\bsw\gen\bswmd\Bfx_BSWMD.arxml.
MEMMAPGEN Message ID: AR_MEMMAP_WARN_006, WARN: Pragma configuration couldn't be found for the <MEMORY-SECTION> 'BFX_CODE_FAST' present in the arxml file ecu_config\bsw\gen\bswmd\Bfx_BSWMD.arxml.
MEMMAPGEN Message ID: AR_MEMMAP_WARN_006, WARN: Pragma configuration couldn't be found for the <MEMORY-SECTION> 'BFX_CODE_FAST' present in the arxml file ecu_config\bsw\gen\bswmd\Bfx_BSWMD.arxml.
MEMMAPGEN Message ID: AR_MEMMAP_WARN_006, WARN: Pragma configuration couldn't be found for the <MEMORY-SECTION> 'BFX_CODE_SLOW' present in the arxml file ecu_config\bsw\gen\bswmd\Bfx_BSWMD.arxml.
MEMMAPGEN Message ID: AR_MEMMAP_WARN_006, WARN: Pragma configuration couldn't be found for the <MEMORY-SECTION> 'BFX_CODE_SLOW' present in the arxml file ecu_config\bsw\gen\bswmd\Bfx_BSWMD.arxml.
MEMMAPGEN Message ID: AR_MEMMAP_WARN_006, WARN: Pragma configuration couldn't be found for the <MEMORY-SECTION> 'ECUM_CALLOUT_CODE' present in the arxml file ecu_config\bsw\gen\swcd\EcuM_Cfg_SWCD.arxml.
MEMMAPGEN Message ID: AR_MEMMAP_WARN_006, WARN: Pragma configuration couldn't be found for the <MEMORY-SECTION> 'ECUM_CALLOUT_CODE' present in the arxml file ecu_config\bsw\gen\swcd\EcuM_Cfg_SWCD.arxml.
MEMMAPGEN Message ID: AR_MEMMAP_WARN_006, WARN: Pragma configuration couldn't be found for the <MEMORY-SECTION> 'ECUM_CODE' present in the arxml file ecu_config\bsw\gen\swcd\EcuM_Cfg_SWCD.arxml.
MEMMAPGEN Message ID: AR_MEMMAP_WARN_006, WARN: Pragma configuration couldn't be found for the <MEMORY-SECTION> 'ECUM_CODE' present in the arxml file ecu_config\bsw\gen\swcd\EcuM_Cfg_SWCD.arxml.
MEMMAPGEN Message ID: AR_MEMMAP_WARN_006, WARN: Pragma configuration couldn't be found for the <MEMORY-SECTION> 'ECUM_CONFIG_DATA_8' present in the arxml file ecu_config\bsw\gen\swcd\EcuM_Cfg_SWCD.arxml.
MEMMAPGEN Message ID: AR_MEMMAP_WARN_006, WARN: Pragma configuration couldn't be found for the <MEMORY-SECTION> 'ECUM_CONFIG_DATA_8' present in the arxml file ecu_config\bsw\gen\swcd\EcuM_Cfg_SWCD.arxml.
MEMMAPGEN Message ID: AR_MEMMAP_WARN_006, WARN: Pragma configuration couldn't be found for the <MEMORY-SECTION> 'ECUM_CONFIG_DATA_POSTBUILD_UNSPECIFIED' present in the arxml file ecu_config\bsw\gen\swcd\EcuM_Cfg_SWCD.arxml.
MEMMAPGEN Message ID: AR_MEMMAP_WARN_006, WARN: Pragma configuration couldn't be found for the <MEMORY-SECTION> 'ECUM_CONFIG_DATA_POSTBUILD_UNSPECIFIED' present in the arxml file ecu_config\bsw\gen\swcd\EcuM_Cfg_SWCD.arxml.
MEMMAPGEN Message ID: AR_MEMMAP_WARN_006, WARN: Pragma configuration couldn't be found for the <MEMORY-SECTION> 'ECUM_CONST_16' present in the arxml file ecu_config\bsw\gen\swcd\EcuM_Cfg_SWCD.arxml.
MEMMAPGEN Message ID: AR_MEMMAP_WARN_006, WARN: Pragma configuration couldn't be found for the <MEMORY-SECTION> 'ECUM_CONST_16' present in the arxml file ecu_config\bsw\gen\swcd\EcuM_Cfg_SWCD.arxml.
MEMMAPGEN Message ID: AR_MEMMAP_WARN_006, WARN: Pragma configuration couldn't be found for the <MEMORY-SECTION> 'ECUM_CONST_32' present in the arxml file ecu_config\bsw\gen\swcd\EcuM_Cfg_SWCD.arxml.
MEMMAPGEN Message ID: AR_MEMMAP_WARN_006, WARN: Pragma configuration couldn't be found for the <MEMORY-SECTION> 'ECUM_CONST_32' present in the arxml file ecu_config\bsw\gen\swcd\EcuM_Cfg_SWCD.arxml.
MEMMAPGEN Message ID: AR_MEMMAP_WARN_006, WARN: Pragma configuration couldn't be found for the <MEMORY-SECTION> 'ECUM_CONST_8' present in the arxml file ecu_config\bsw\gen\swcd\EcuM_Cfg_SWCD.arxml.
MEMMAPGEN Message ID: AR_MEMMAP_WARN_006, WARN: Pragma configuration couldn't be found for the <MEMORY-SECTION> 'ECUM_CONST_8' present in the arxml file ecu_config\bsw\gen\swcd\EcuM_Cfg_SWCD.arxml.
MEMMAPGEN Message ID: AR_MEMMAP_WARN_006, WARN: Pragma configuration couldn't be found for the <MEMORY-SECTION> 'ECUM_CONST_UNSPECIFIED' present in the arxml file ecu_config\bsw\gen\swcd\EcuM_Cfg_SWCD.arxml.
MEMMAPGEN Message ID: AR_MEMMAP_WARN_006, WARN: Pragma configuration couldn't be found for the <MEMORY-SECTION> 'ECUM_CONST_UNSPECIFIED' present in the arxml file ecu_config\bsw\gen\swcd\EcuM_Cfg_SWCD.arxml.
MEMMAPGEN Message ID: AR_MEMMAP_WARN_006, WARN: Pragma configuration couldn't be found for the <MEMORY-SECTION> 'ECUM_VAR_CLEARED_16' present in the arxml file ecu_config\bsw\gen\swcd\EcuM_Cfg_SWCD.arxml.
MEMMAPGEN Message ID: AR_MEMMAP_WARN_006, WARN: Pragma configuration couldn't be found for the <MEMORY-SECTION> 'ECUM_VAR_CLEARED_16' present in the arxml file ecu_config\bsw\gen\swcd\EcuM_Cfg_SWCD.arxml.
MEMMAPGEN Message ID: AR_MEMMAP_WARN_006, WARN: Pragma configuration couldn't be found for the <MEMORY-SECTION> 'ECUM_VAR_CLEARED_32' present in the arxml file ecu_config\bsw\gen\swcd\EcuM_Cfg_SWCD.arxml.
MEMMAPGEN Message ID: AR_MEMMAP_WARN_006, WARN: Pragma configuration couldn't be found for the <MEMORY-SECTION> 'ECUM_VAR_CLEARED_32' present in the arxml file ecu_config\bsw\gen\swcd\EcuM_Cfg_SWCD.arxml.
MEMMAPGEN Message ID: AR_MEMMAP_WARN_006, WARN: Pragma configuration couldn't be found for the <MEMORY-SECTION> 'ECUM_VAR_CLEARED_8' present in the arxml file ecu_config\bsw\gen\swcd\EcuM_Cfg_SWCD.arxml.
MEMMAPGEN Message ID: AR_MEMMAP_WARN_006, WARN: Pragma configuration couldn't be found for the <MEMORY-SECTION> 'ECUM_VAR_CLEARED_8' present in the arxml file ecu_config\bsw\gen\swcd\EcuM_Cfg_SWCD.arxml.
MEMMAPGEN Message ID: AR_MEMMAP_WARN_006, WARN: Pragma configuration couldn't be found for the <MEMORY-SECTION> 'ECUM_VAR_CLEARED_BOOLEAN' present in the arxml file ecu_config\bsw\gen\swcd\EcuM_Cfg_SWCD.arxml.
MEMMAPGEN Message ID: AR_MEMMAP_WARN_006, WARN: Pragma configuration couldn't be found for the <MEMORY-SECTION> 'ECUM_VAR_CLEARED_BOOLEAN' present in the arxml file ecu_config\bsw\gen\swcd\EcuM_Cfg_SWCD.arxml.
MEMMAPGEN Message ID: AR_MEMMAP_WARN_006, WARN: Pragma configuration couldn't be found for the <MEMORY-SECTION> 'ECUM_VAR_CLEARED_UNSPECIFIED' present in the arxml file ecu_config\bsw\gen\swcd\EcuM_Cfg_SWCD.arxml.
MEMMAPGEN Message ID: AR_MEMMAP_WARN_006, WARN: Pragma configuration couldn't be found for the <MEMORY-SECTION> 'ECUM_VAR_CLEARED_UNSPECIFIED' present in the arxml file ecu_config\bsw\gen\swcd\EcuM_Cfg_SWCD.arxml.
MEMMAPGEN Message ID: AR_MEMMAP_WARN_006, WARN: Pragma configuration couldn't be found for the <MEMORY-SECTION> 'ECUM_VAR_INIT_16' present in the arxml file ecu_config\bsw\gen\swcd\EcuM_Cfg_SWCD.arxml.
MEMMAPGEN Message ID: AR_MEMMAP_WARN_006, WARN: Pragma configuration couldn't be found for the <MEMORY-SECTION> 'ECUM_VAR_INIT_16' present in the arxml file ecu_config\bsw\gen\swcd\EcuM_Cfg_SWCD.arxml.
MEMMAPGEN Message ID: AR_MEMMAP_WARN_006, WARN: Pragma configuration couldn't be found for the <MEMORY-SECTION> 'ECUM_VAR_INIT_8' present in the arxml file ecu_config\bsw\gen\swcd\EcuM_Cfg_SWCD.arxml.
MEMMAPGEN Message ID: AR_MEMMAP_WARN_006, WARN: Pragma configuration couldn't be found for the <MEMORY-SECTION> 'ECUM_VAR_INIT_8' present in the arxml file ecu_config\bsw\gen\swcd\EcuM_Cfg_SWCD.arxml.
MEMMAPGEN Message ID: AR_MEMMAP_WARN_006, WARN: Pragma configuration couldn't be found for the <MEMORY-SECTION> 'ECUM_VAR_INIT_BOOLEAN' present in the arxml file ecu_config\bsw\gen\swcd\EcuM_Cfg_SWCD.arxml.
MEMMAPGEN Message ID: AR_MEMMAP_WARN_006, WARN: Pragma configuration couldn't be found for the <MEMORY-SECTION> 'ECUM_VAR_INIT_BOOLEAN' present in the arxml file ecu_config\bsw\gen\swcd\EcuM_Cfg_SWCD.arxml.
MEMMAPGEN Message ID: AR_MEMMAP_WARN_006, WARN: Pragma configuration couldn't be found for the <MEMORY-SECTION> 'ECUM_VAR_INIT_UNSPECIFIED' present in the arxml file ecu_config\bsw\gen\swcd\EcuM_Cfg_SWCD.arxml.
MEMMAPGEN Message ID: AR_MEMMAP_WARN_006, WARN: Pragma configuration couldn't be found for the <MEMORY-SECTION> 'ECUM_VAR_INIT_UNSPECIFIED' present in the arxml file ecu_config\bsw\gen\swcd\EcuM_Cfg_SWCD.arxml.
MEMMAPGEN Message ID: AR_MEMMAP_WARN_006, WARN: Pragma configuration couldn't be found for the <MEMORY-SECTION> 'ECUM_VAR_POWER_ON_CLEARED_32' present in the arxml file ecu_config\bsw\gen\swcd\EcuM_Cfg_SWCD.arxml.
MEMMAPGEN Message ID: AR_MEMMAP_WARN_006, WARN: Pragma configuration couldn't be found for the <MEMORY-SECTION> 'ECUM_VAR_POWER_ON_CLEARED_32' present in the arxml file ecu_config\bsw\gen\swcd\EcuM_Cfg_SWCD.arxml.
MEMMAPGEN Message ID: AR_MEMMAP_WARN_006, WARN: Pragma configuration couldn't be found for the <MEMORY-SECTION> 'ECUM_VAR_POWER_ON_CLEARED_8' present in the arxml file ecu_config\bsw\gen\swcd\EcuM_Cfg_SWCD.arxml.
MEMMAPGEN Message ID: AR_MEMMAP_WARN_006, WARN: Pragma configuration couldn't be found for the <MEMORY-SECTION> 'ECUM_VAR_POWER_ON_CLEARED_8' present in the arxml file ecu_config\bsw\gen\swcd\EcuM_Cfg_SWCD.arxml.
MEMMAPGEN Message ID: AR_MEMMAP_WARN_006, WARN: Pragma configuration couldn't be found for the <MEMORY-SECTION> 'ECUM_VAR_POWER_ON_CLEARED_UNSPECIFIED' present in the arxml file ecu_config\bsw\gen\swcd\EcuM_Cfg_SWCD.arxml.
MEMMAPGEN Message ID: AR_MEMMAP_WARN_006, WARN: Pragma configuration couldn't be found for the <MEMORY-SECTION> 'ECUM_VAR_POWER_ON_CLEARED_UNSPECIFIED' present in the arxml file ecu_config\bsw\gen\swcd\EcuM_Cfg_SWCD.arxml.
MEMMAPGEN Message ID: AR_MEMMAP_WARN_006, WARN: Pragma configuration couldn't be found for the <MEMORY-SECTION> 'ECUM_VAR_SAVED_ZONE_BOOLEAN' present in the arxml file ecu_config\bsw\gen\swcd\EcuM_Cfg_SWCD.arxml.
MEMMAPGEN Message ID: AR_MEMMAP_WARN_006, WARN: Pragma configuration couldn't be found for the <MEMORY-SECTION> 'ECUM_VAR_SAVED_ZONE_BOOLEAN' present in the arxml file ecu_config\bsw\gen\swcd\EcuM_Cfg_SWCD.arxml.
MEMMAPGEN Message ID: AR_MEMMAP_WARN_006, WARN: Pragma configuration couldn't be found for the <MEMORY-SECTION> 'ECUM_VAR_SAVED_ZONE_UNSPECIFIED' present in the arxml file ecu_config\bsw\gen\swcd\EcuM_Cfg_SWCD.arxml.
MEMMAPGEN Message ID: AR_MEMMAP_WARN_006, WARN: Pragma configuration couldn't be found for the <MEMORY-SECTION> 'ECUM_VAR_SAVED_ZONE_UNSPECIFIED' present in the arxml file ecu_config\bsw\gen\swcd\EcuM_Cfg_SWCD.arxml.
MEMMAPGEN Message ID: AR_MEMMAP_WARN_006, WARN: Pragma configuration couldn't be found for the <MEMORY-SECTION> 'EcuM_CODE' present in the arxml file ecu_config\bsw\gen\swcd\EcuM_Cfg_SWCD.arxml.
MEMMAPGEN Message ID: AR_MEMMAP_WARN_006, WARN: Pragma configuration couldn't be found for the <MEMORY-SECTION> 'EcuM_CODE' present in the arxml file ecu_config\bsw\gen\swcd\EcuM_Cfg_SWCD.arxml.
MEMMAPGEN Message ID: AR_MEMMAP_WARN_006, WARN: Pragma configuration couldn't be found for the <MEMORY-SECTION> 'BSWM_CODE' present in the arxml file ecu_config\bsw\gen\swcd\BswM_Cfg_SWCD.arxml.
MEMMAPGEN Message ID: AR_MEMMAP_WARN_006, WARN: Pragma configuration couldn't be found for the <MEMORY-SECTION> 'BSWM_CODE' present in the arxml file ecu_config\bsw\gen\swcd\BswM_Cfg_SWCD.arxml.
MEMMAPGEN Message ID: AR_MEMMAP_WARN_006, WARN: Pragma configuration couldn't be found for the <MEMORY-SECTION> 'BSWM_CONFIG_DATA_POSTBUILD_32' present in the arxml file ecu_config\bsw\gen\swcd\BswM_Cfg_SWCD.arxml.
MEMMAPGEN Message ID: AR_MEMMAP_WARN_006, WARN: Pragma configuration couldn't be found for the <MEMORY-SECTION> 'BSWM_CONFIG_DATA_POSTBUILD_32' present in the arxml file ecu_config\bsw\gen\swcd\BswM_Cfg_SWCD.arxml.
MEMMAPGEN Message ID: AR_MEMMAP_WARN_006, WARN: Pragma configuration couldn't be found for the <MEMORY-SECTION> 'BSWM_CONFIG_DATA_POSTBUILD_UNSPECIFIED' present in the arxml file ecu_config\bsw\gen\swcd\BswM_Cfg_SWCD.arxml.
MEMMAPGEN Message ID: AR_MEMMAP_WARN_006, WARN: Pragma configuration couldn't be found for the <MEMORY-SECTION> 'BSWM_CONFIG_DATA_POSTBUILD_UNSPECIFIED' present in the arxml file ecu_config\bsw\gen\swcd\BswM_Cfg_SWCD.arxml.
MEMMAPGEN Message ID: AR_MEMMAP_WARN_006, WARN: Pragma configuration couldn't be found for the <MEMORY-SECTION> 'BSWM_CONST_16' present in the arxml file ecu_config\bsw\gen\swcd\BswM_Cfg_SWCD.arxml.
MEMMAPGEN Message ID: AR_MEMMAP_WARN_006, WARN: Pragma configuration couldn't be found for the <MEMORY-SECTION> 'BSWM_CONST_16' present in the arxml file ecu_config\bsw\gen\swcd\BswM_Cfg_SWCD.arxml.
MEMMAPGEN Message ID: AR_MEMMAP_WARN_006, WARN: Pragma configuration couldn't be found for the <MEMORY-SECTION> 'BSWM_CONST_8' present in the arxml file ecu_config\bsw\gen\swcd\BswM_Cfg_SWCD.arxml.
MEMMAPGEN Message ID: AR_MEMMAP_WARN_006, WARN: Pragma configuration couldn't be found for the <MEMORY-SECTION> 'BSWM_CONST_8' present in the arxml file ecu_config\bsw\gen\swcd\BswM_Cfg_SWCD.arxml.
MEMMAPGEN Message ID: AR_MEMMAP_WARN_006, WARN: Pragma configuration couldn't be found for the <MEMORY-SECTION> 'BSWM_CONST_UNSPECIFIED' present in the arxml file ecu_config\bsw\gen\swcd\BswM_Cfg_SWCD.arxml.
MEMMAPGEN Message ID: AR_MEMMAP_WARN_006, WARN: Pragma configuration couldn't be found for the <MEMORY-SECTION> 'BSWM_CONST_UNSPECIFIED' present in the arxml file ecu_config\bsw\gen\swcd\BswM_Cfg_SWCD.arxml.
MEMMAPGEN Message ID: AR_MEMMAP_WARN_006, WARN: Pragma configuration couldn't be found for the <MEMORY-SECTION> 'BSWM_VAR_CLEARED_32' present in the arxml file ecu_config\bsw\gen\swcd\BswM_Cfg_SWCD.arxml.
MEMMAPGEN Message ID: AR_MEMMAP_WARN_006, WARN: Pragma configuration couldn't be found for the <MEMORY-SECTION> 'BSWM_VAR_CLEARED_32' present in the arxml file ecu_config\bsw\gen\swcd\BswM_Cfg_SWCD.arxml.
MEMMAPGEN Message ID: AR_MEMMAP_WARN_006, WARN: Pragma configuration couldn't be found for the <MEMORY-SECTION> 'BSWM_VAR_CLEARED_8' present in the arxml file ecu_config\bsw\gen\swcd\BswM_Cfg_SWCD.arxml.
MEMMAPGEN Message ID: AR_MEMMAP_WARN_006, WARN: Pragma configuration couldn't be found for the <MEMORY-SECTION> 'BSWM_VAR_CLEARED_8' present in the arxml file ecu_config\bsw\gen\swcd\BswM_Cfg_SWCD.arxml.
MEMMAPGEN Message ID: AR_MEMMAP_WARN_006, WARN: Pragma configuration couldn't be found for the <MEMORY-SECTION> 'BSWM_VAR_CLEARED_BOOLEAN' present in the arxml file ecu_config\bsw\gen\swcd\BswM_Cfg_SWCD.arxml.
MEMMAPGEN Message ID: AR_MEMMAP_WARN_006, WARN: Pragma configuration couldn't be found for the <MEMORY-SECTION> 'BSWM_VAR_CLEARED_BOOLEAN' present in the arxml file ecu_config\bsw\gen\swcd\BswM_Cfg_SWCD.arxml.
MEMMAPGEN Message ID: AR_MEMMAP_WARN_006, WARN: Pragma configuration couldn't be found for the <MEMORY-SECTION> 'BSWM_VAR_CLEARED_UNSPECIFIED' present in the arxml file ecu_config\bsw\gen\swcd\BswM_Cfg_SWCD.arxml.
MEMMAPGEN Message ID: AR_MEMMAP_WARN_006, WARN: Pragma configuration couldn't be found for the <MEMORY-SECTION> 'BSWM_VAR_CLEARED_UNSPECIFIED' present in the arxml file ecu_config\bsw\gen\swcd\BswM_Cfg_SWCD.arxml.
MEMMAPGEN Message ID: AR_MEMMAP_WARN_006, WARN: Pragma configuration couldn't be found for the <MEMORY-SECTION> 'BSWM_VAR_INIT_16' present in the arxml file ecu_config\bsw\gen\swcd\BswM_Cfg_SWCD.arxml.
MEMMAPGEN Message ID: AR_MEMMAP_WARN_006, WARN: Pragma configuration couldn't be found for the <MEMORY-SECTION> 'BSWM_VAR_INIT_16' present in the arxml file ecu_config\bsw\gen\swcd\BswM_Cfg_SWCD.arxml.
MEMMAPGEN Message ID: AR_MEMMAP_WARN_006, WARN: Pragma configuration couldn't be found for the <MEMORY-SECTION> 'BSWM_VAR_INIT_8' present in the arxml file ecu_config\bsw\gen\swcd\BswM_Cfg_SWCD.arxml.
MEMMAPGEN Message ID: AR_MEMMAP_WARN_006, WARN: Pragma configuration couldn't be found for the <MEMORY-SECTION> 'BSWM_VAR_INIT_8' present in the arxml file ecu_config\bsw\gen\swcd\BswM_Cfg_SWCD.arxml.
MEMMAPGEN Message ID: AR_MEMMAP_WARN_006, WARN: Pragma configuration couldn't be found for the <MEMORY-SECTION> 'BSWM_VAR_INIT_BOOLEAN' present in the arxml file ecu_config\bsw\gen\swcd\BswM_Cfg_SWCD.arxml.
MEMMAPGEN Message ID: AR_MEMMAP_WARN_006, WARN: Pragma configuration couldn't be found for the <MEMORY-SECTION> 'BSWM_VAR_INIT_BOOLEAN' present in the arxml file ecu_config\bsw\gen\swcd\BswM_Cfg_SWCD.arxml.
MEMMAPGEN Message ID: AR_MEMMAP_WARN_006, WARN: Pragma configuration couldn't be found for the <MEMORY-SECTION> 'BSWM_VAR_INIT_UNSPECIFIED' present in the arxml file ecu_config\bsw\gen\swcd\BswM_Cfg_SWCD.arxml.
MEMMAPGEN Message ID: AR_MEMMAP_WARN_006, WARN: Pragma configuration couldn't be found for the <MEMORY-SECTION> 'BSWM_VAR_INIT_UNSPECIFIED' present in the arxml file ecu_config\bsw\gen\swcd\BswM_Cfg_SWCD.arxml.
MEMMAPGEN Message ID: AR_MEMMAP_WARN_006, WARN: Pragma configuration couldn't be found for the <MEMORY-SECTION> 'BSWM_VAR_SAVED_ZONE_UNSPECIFIED' present in the arxml file ecu_config\bsw\gen\swcd\BswM_Cfg_SWCD.arxml.
MEMMAPGEN Message ID: AR_MEMMAP_WARN_006, WARN: Pragma configuration couldn't be found for the <MEMORY-SECTION> 'BSWM_VAR_SAVED_ZONE_UNSPECIFIED' present in the arxml file ecu_config\bsw\gen\swcd\BswM_Cfg_SWCD.arxml.
MEMMAPGEN Message ID: AR_MEMMAP_WARN_006, WARN: Pragma configuration couldn't be found for the <MEMORY-SECTION> 'BswM_CODE' present in the arxml file ecu_config\bsw\gen\swcd\BswM_Cfg_SWCD.arxml.
MEMMAPGEN Message ID: AR_MEMMAP_WARN_006, WARN: Pragma configuration couldn't be found for the <MEMORY-SECTION> 'BswM_CODE' present in the arxml file ecu_config\bsw\gen\swcd\BswM_Cfg_SWCD.arxml.
MEMMAPGEN Message ID: AR_MEMMAP_WARN_006, WARN: Pragma configuration couldn't be found for the <MEMORY-SECTION> 'CANSM_CODE' present in the arxml file ecu_config\bsw\gen\bswmd\CanSM_Cfg_BSWMD.arxml.
MEMMAPGEN Message ID: AR_MEMMAP_WARN_006, WARN: Pragma configuration couldn't be found for the <MEMORY-SECTION> 'CANSM_CODE' present in the arxml file ecu_config\bsw\gen\bswmd\CanSM_Cfg_BSWMD.arxml.
MEMMAPGEN Message ID: AR_MEMMAP_WARN_006, WARN: Pragma configuration couldn't be found for the <MEMORY-SECTION> 'CANSM_CONFIG_DATA_POSTBUILD_16' present in the arxml file ecu_config\bsw\gen\bswmd\CanSM_Cfg_BSWMD.arxml.
MEMMAPGEN Message ID: AR_MEMMAP_WARN_006, WARN: Pragma configuration couldn't be found for the <MEMORY-SECTION> 'CANSM_CONFIG_DATA_POSTBUILD_16' present in the arxml file ecu_config\bsw\gen\bswmd\CanSM_Cfg_BSWMD.arxml.
MEMMAPGEN Message ID: AR_MEMMAP_WARN_006, WARN: Pragma configuration couldn't be found for the <MEMORY-SECTION> 'CANSM_CONFIG_DATA_POSTBUILD_32' present in the arxml file ecu_config\bsw\gen\bswmd\CanSM_Cfg_BSWMD.arxml.
MEMMAPGEN Message ID: AR_MEMMAP_WARN_006, WARN: Pragma configuration couldn't be found for the <MEMORY-SECTION> 'CANSM_CONFIG_DATA_POSTBUILD_32' present in the arxml file ecu_config\bsw\gen\bswmd\CanSM_Cfg_BSWMD.arxml.
MEMMAPGEN Message ID: AR_MEMMAP_WARN_006, WARN: Pragma configuration couldn't be found for the <MEMORY-SECTION> 'CANSM_CONFIG_DATA_POSTBUILD_8' present in the arxml file ecu_config\bsw\gen\bswmd\CanSM_Cfg_BSWMD.arxml.
MEMMAPGEN Message ID: AR_MEMMAP_WARN_006, WARN: Pragma configuration couldn't be found for the <MEMORY-SECTION> 'CANSM_CONFIG_DATA_POSTBUILD_8' present in the arxml file ecu_config\bsw\gen\bswmd\CanSM_Cfg_BSWMD.arxml.
MEMMAPGEN Message ID: AR_MEMMAP_WARN_006, WARN: Pragma configuration couldn't be found for the <MEMORY-SECTION> 'CANSM_CONFIG_DATA_POSTBUILD_UNSPECIFIED' present in the arxml file ecu_config\bsw\gen\bswmd\CanSM_Cfg_BSWMD.arxml.
MEMMAPGEN Message ID: AR_MEMMAP_WARN_006, WARN: Pragma configuration couldn't be found for the <MEMORY-SECTION> 'CANSM_CONFIG_DATA_POSTBUILD_UNSPECIFIED' present in the arxml file ecu_config\bsw\gen\bswmd\CanSM_Cfg_BSWMD.arxml.
MEMMAPGEN Message ID: AR_MEMMAP_WARN_006, WARN: Pragma configuration couldn't be found for the <MEMORY-SECTION> 'CANSM_CONFIG_DATA_UNSPECIFIED' present in the arxml file ecu_config\bsw\gen\bswmd\CanSM_Cfg_BSWMD.arxml.
MEMMAPGEN Message ID: AR_MEMMAP_WARN_006, WARN: Pragma configuration couldn't be found for the <MEMORY-SECTION> 'CANSM_CONFIG_DATA_UNSPECIFIED' present in the arxml file ecu_config\bsw\gen\bswmd\CanSM_Cfg_BSWMD.arxml.
MEMMAPGEN Message ID: AR_MEMMAP_WARN_006, WARN: Pragma configuration couldn't be found for the <MEMORY-SECTION> 'CANSM_CONST_16' present in the arxml file ecu_config\bsw\gen\bswmd\CanSM_Cfg_BSWMD.arxml.
MEMMAPGEN Message ID: AR_MEMMAP_WARN_006, WARN: Pragma configuration couldn't be found for the <MEMORY-SECTION> 'CANSM_CONST_16' present in the arxml file ecu_config\bsw\gen\bswmd\CanSM_Cfg_BSWMD.arxml.
MEMMAPGEN Message ID: AR_MEMMAP_WARN_006, WARN: Pragma configuration couldn't be found for the <MEMORY-SECTION> 'CANSM_CONST_32' present in the arxml file ecu_config\bsw\gen\bswmd\CanSM_Cfg_BSWMD.arxml.
MEMMAPGEN Message ID: AR_MEMMAP_WARN_006, WARN: Pragma configuration couldn't be found for the <MEMORY-SECTION> 'CANSM_CONST_32' present in the arxml file ecu_config\bsw\gen\bswmd\CanSM_Cfg_BSWMD.arxml.
MEMMAPGEN Message ID: AR_MEMMAP_WARN_006, WARN: Pragma configuration couldn't be found for the <MEMORY-SECTION> 'CANSM_CONST_8' present in the arxml file ecu_config\bsw\gen\bswmd\CanSM_Cfg_BSWMD.arxml.
MEMMAPGEN Message ID: AR_MEMMAP_WARN_006, WARN: Pragma configuration couldn't be found for the <MEMORY-SECTION> 'CANSM_CONST_8' present in the arxml file ecu_config\bsw\gen\bswmd\CanSM_Cfg_BSWMD.arxml.
MEMMAPGEN Message ID: AR_MEMMAP_WARN_006, WARN: Pragma configuration couldn't be found for the <MEMORY-SECTION> 'CANSM_CONST_UNSPECIFIED' present in the arxml file ecu_config\bsw\gen\bswmd\CanSM_Cfg_BSWMD.arxml.
MEMMAPGEN Message ID: AR_MEMMAP_WARN_006, WARN: Pragma configuration couldn't be found for the <MEMORY-SECTION> 'CANSM_CONST_UNSPECIFIED' present in the arxml file ecu_config\bsw\gen\bswmd\CanSM_Cfg_BSWMD.arxml.
MEMMAPGEN Message ID: AR_MEMMAP_WARN_006, WARN: Pragma configuration couldn't be found for the <MEMORY-SECTION> 'CANSM_VAR_CLEARED_16' present in the arxml file ecu_config\bsw\gen\bswmd\CanSM_Cfg_BSWMD.arxml.
MEMMAPGEN Message ID: AR_MEMMAP_WARN_006, WARN: Pragma configuration couldn't be found for the <MEMORY-SECTION> 'CANSM_VAR_CLEARED_16' present in the arxml file ecu_config\bsw\gen\bswmd\CanSM_Cfg_BSWMD.arxml.
MEMMAPGEN Message ID: AR_MEMMAP_WARN_006, WARN: Pragma configuration couldn't be found for the <MEMORY-SECTION> 'CANSM_VAR_CLEARED_32' present in the arxml file ecu_config\bsw\gen\bswmd\CanSM_Cfg_BSWMD.arxml.
MEMMAPGEN Message ID: AR_MEMMAP_WARN_006, WARN: Pragma configuration couldn't be found for the <MEMORY-SECTION> 'CANSM_VAR_CLEARED_32' present in the arxml file ecu_config\bsw\gen\bswmd\CanSM_Cfg_BSWMD.arxml.
MEMMAPGEN Message ID: AR_MEMMAP_WARN_006, WARN: Pragma configuration couldn't be found for the <MEMORY-SECTION> 'CANSM_VAR_CLEARED_8' present in the arxml file ecu_config\bsw\gen\bswmd\CanSM_Cfg_BSWMD.arxml.
MEMMAPGEN Message ID: AR_MEMMAP_WARN_006, WARN: Pragma configuration couldn't be found for the <MEMORY-SECTION> 'CANSM_VAR_CLEARED_8' present in the arxml file ecu_config\bsw\gen\bswmd\CanSM_Cfg_BSWMD.arxml.
MEMMAPGEN Message ID: AR_MEMMAP_WARN_006, WARN: Pragma configuration couldn't be found for the <MEMORY-SECTION> 'CANSM_VAR_CLEARED_UNSPECIFIED' present in the arxml file ecu_config\bsw\gen\bswmd\CanSM_Cfg_BSWMD.arxml.
MEMMAPGEN Message ID: AR_MEMMAP_WARN_006, WARN: Pragma configuration couldn't be found for the <MEMORY-SECTION> 'CANSM_VAR_CLEARED_UNSPECIFIED' present in the arxml file ecu_config\bsw\gen\bswmd\CanSM_Cfg_BSWMD.arxml.
MEMMAPGEN Message ID: AR_MEMMAP_WARN_006, WARN: Pragma configuration couldn't be found for the <MEMORY-SECTION> 'CANSM_VAR_INIT_UNSPECIFIED' present in the arxml file ecu_config\bsw\gen\bswmd\CanSM_Cfg_BSWMD.arxml.
MEMMAPGEN Message ID: AR_MEMMAP_WARN_006, WARN: Pragma configuration couldn't be found for the <MEMORY-SECTION> 'CANSM_VAR_INIT_UNSPECIFIED' present in the arxml file ecu_config\bsw\gen\bswmd\CanSM_Cfg_BSWMD.arxml.
MEMMAPGEN Message ID: AR_MEMMAP_WARN_006, WARN: Pragma configuration couldn't be found for the <MEMORY-SECTION> 'CanSM_CODE' present in the arxml file ecu_config\bsw\gen\bswmd\CanSM_Cfg_BSWMD.arxml.
MEMMAPGEN Message ID: AR_MEMMAP_WARN_006, WARN: Pragma configuration couldn't be found for the <MEMORY-SECTION> 'CanSM_CODE' present in the arxml file ecu_config\bsw\gen\bswmd\CanSM_Cfg_BSWMD.arxml.
MEMMAPGEN Message ID: AR_MEMMAP_WARN_006, WARN: Pragma configuration couldn't be found for the <MEMORY-SECTION> 'COMM_CODE' present in the arxml file ecu_config\bsw\gen\swcd\ComM_Cfg_SWCD.arxml.
MEMMAPGEN Message ID: AR_MEMMAP_WARN_006, WARN: Pragma configuration couldn't be found for the <MEMORY-SECTION> 'COMM_CODE' present in the arxml file ecu_config\bsw\gen\swcd\ComM_Cfg_SWCD.arxml.
MEMMAPGEN Message ID: AR_MEMMAP_WARN_006, WARN: Pragma configuration couldn't be found for the <MEMORY-SECTION> 'COMM_CONFIG_DATA_16' present in the arxml file ecu_config\bsw\gen\swcd\ComM_Cfg_SWCD.arxml.
MEMMAPGEN Message ID: AR_MEMMAP_WARN_006, WARN: Pragma configuration couldn't be found for the <MEMORY-SECTION> 'COMM_CONFIG_DATA_16' present in the arxml file ecu_config\bsw\gen\swcd\ComM_Cfg_SWCD.arxml.
MEMMAPGEN Message ID: AR_MEMMAP_WARN_006, WARN: Pragma configuration couldn't be found for the <MEMORY-SECTION> 'COMM_CONFIG_DATA_8' present in the arxml file ecu_config\bsw\gen\swcd\ComM_Cfg_SWCD.arxml.
MEMMAPGEN Message ID: AR_MEMMAP_WARN_006, WARN: Pragma configuration couldn't be found for the <MEMORY-SECTION> 'COMM_CONFIG_DATA_8' present in the arxml file ecu_config\bsw\gen\swcd\ComM_Cfg_SWCD.arxml.
MEMMAPGEN Message ID: AR_MEMMAP_WARN_006, WARN: Pragma configuration couldn't be found for the <MEMORY-SECTION> 'COMM_CONFIG_DATA_UNSPECIFIED' present in the arxml file ecu_config\bsw\gen\swcd\ComM_Cfg_SWCD.arxml.
MEMMAPGEN Message ID: AR_MEMMAP_WARN_006, WARN: Pragma configuration couldn't be found for the <MEMORY-SECTION> 'COMM_CONFIG_DATA_UNSPECIFIED' present in the arxml file ecu_config\bsw\gen\swcd\ComM_Cfg_SWCD.arxml.
MEMMAPGEN Message ID: AR_MEMMAP_WARN_006, WARN: Pragma configuration couldn't be found for the <MEMORY-SECTION> 'COMM_CONST_8' present in the arxml file ecu_config\bsw\gen\swcd\ComM_Cfg_SWCD.arxml.
MEMMAPGEN Message ID: AR_MEMMAP_WARN_006, WARN: Pragma configuration couldn't be found for the <MEMORY-SECTION> 'COMM_CONST_8' present in the arxml file ecu_config\bsw\gen\swcd\ComM_Cfg_SWCD.arxml.
MEMMAPGEN Message ID: AR_MEMMAP_WARN_006, WARN: Pragma configuration couldn't be found for the <MEMORY-SECTION> 'COMM_CONST_UNSPECIFIED' present in the arxml file ecu_config\bsw\gen\swcd\ComM_Cfg_SWCD.arxml.
MEMMAPGEN Message ID: AR_MEMMAP_WARN_006, WARN: Pragma configuration couldn't be found for the <MEMORY-SECTION> 'COMM_CONST_UNSPECIFIED' present in the arxml file ecu_config\bsw\gen\swcd\ComM_Cfg_SWCD.arxml.
MEMMAPGEN Message ID: AR_MEMMAP_WARN_006, WARN: Pragma configuration couldn't be found for the <MEMORY-SECTION> 'COMM_VAR_CLEARED_16' present in the arxml file ecu_config\bsw\gen\swcd\ComM_Cfg_SWCD.arxml.
MEMMAPGEN Message ID: AR_MEMMAP_WARN_006, WARN: Pragma configuration couldn't be found for the <MEMORY-SECTION> 'COMM_VAR_CLEARED_16' present in the arxml file ecu_config\bsw\gen\swcd\ComM_Cfg_SWCD.arxml.
MEMMAPGEN Message ID: AR_MEMMAP_WARN_006, WARN: Pragma configuration couldn't be found for the <MEMORY-SECTION> 'COMM_VAR_CLEARED_8' present in the arxml file ecu_config\bsw\gen\swcd\ComM_Cfg_SWCD.arxml.
MEMMAPGEN Message ID: AR_MEMMAP_WARN_006, WARN: Pragma configuration couldn't be found for the <MEMORY-SECTION> 'COMM_VAR_CLEARED_8' present in the arxml file ecu_config\bsw\gen\swcd\ComM_Cfg_SWCD.arxml.
MEMMAPGEN Message ID: AR_MEMMAP_WARN_006, WARN: Pragma configuration couldn't be found for the <MEMORY-SECTION> 'COMM_VAR_CLEARED_UNSPECIFIED' present in the arxml file ecu_config\bsw\gen\swcd\ComM_Cfg_SWCD.arxml.
MEMMAPGEN Message ID: AR_MEMMAP_WARN_006, WARN: Pragma configuration couldn't be found for the <MEMORY-SECTION> 'COMM_VAR_CLEARED_UNSPECIFIED' present in the arxml file ecu_config\bsw\gen\swcd\ComM_Cfg_SWCD.arxml.
MEMMAPGEN Message ID: AR_MEMMAP_WARN_006, WARN: Pragma configuration couldn't be found for the <MEMORY-SECTION> 'ComM_CODE' present in the arxml file ecu_config\bsw\gen\swcd\ComM_Cfg_SWCD.arxml.
MEMMAPGEN Message ID: AR_MEMMAP_WARN_006, WARN: Pragma configuration couldn't be found for the <MEMORY-SECTION> 'ComM_CODE' present in the arxml file ecu_config\bsw\gen\swcd\ComM_Cfg_SWCD.arxml.
MEMMAPGEN Message ID: AR_MEMMAP_WARN_006, WARN: Pragma configuration couldn't be found for the <MEMORY-SECTION> 'RBA_DIAGLIB_CODE' present in the arxml file ecu_config\bsw\gen\swcd\rba_DiagLib_Cfg_SWCD.arxml.
MEMMAPGEN Message ID: AR_MEMMAP_WARN_006, WARN: Pragma configuration couldn't be found for the <MEMORY-SECTION> 'RBA_DIAGLIB_CODE' present in the arxml file ecu_config\bsw\gen\swcd\rba_DiagLib_Cfg_SWCD.arxml.
MEMMAPGEN Message ID: AR_MEMMAP_WARN_006, WARN: Pragma configuration couldn't be found for the <MEMORY-SECTION> 'rba_DiagLib_CODE' present in the arxml file ecu_config\bsw\gen\swcd\rba_DiagLib_Cfg_SWCD.arxml.
MEMMAPGEN Message ID: AR_MEMMAP_WARN_006, WARN: Pragma configuration couldn't be found for the <MEMORY-SECTION> 'rba_DiagLib_CODE' present in the arxml file ecu_config\bsw\gen\swcd\rba_DiagLib_Cfg_SWCD.arxml.
MEMMAPGEN Message ID: AR_MEMMAP_WARN_006, WARN: Pragma configuration couldn't be found for the <MEMORY-SECTION> 'CANIF_CODE' present in the arxml file ecu_config\bsw\gen\bswmd\CanIf_Cfg_BSWMD.arxml.
MEMMAPGEN Message ID: AR_MEMMAP_WARN_006, WARN: Pragma configuration couldn't be found for the <MEMORY-SECTION> 'CANIF_CODE' present in the arxml file ecu_config\bsw\gen\bswmd\CanIf_Cfg_BSWMD.arxml.
MEMMAPGEN Message ID: AR_MEMMAP_WARN_006, WARN: Pragma configuration couldn't be found for the <MEMORY-SECTION> 'CANIF_CODE_FAST' present in the arxml file ecu_config\bsw\gen\bswmd\CanIf_Cfg_BSWMD.arxml.
MEMMAPGEN Message ID: AR_MEMMAP_WARN_006, WARN: Pragma configuration couldn't be found for the <MEMORY-SECTION> 'CANIF_CODE_FAST' present in the arxml file ecu_config\bsw\gen\bswmd\CanIf_Cfg_BSWMD.arxml.
MEMMAPGEN Message ID: AR_MEMMAP_WARN_006, WARN: Pragma configuration couldn't be found for the <MEMORY-SECTION> 'CANIF_CONFIG_DATA_POSTBUILD_32' present in the arxml file ecu_config\bsw\gen\bswmd\CanIf_Cfg_BSWMD.arxml.
MEMMAPGEN Message ID: AR_MEMMAP_WARN_006, WARN: Pragma configuration couldn't be found for the <MEMORY-SECTION> 'CANIF_CONFIG_DATA_POSTBUILD_32' present in the arxml file ecu_config\bsw\gen\bswmd\CanIf_Cfg_BSWMD.arxml.
MEMMAPGEN Message ID: AR_MEMMAP_WARN_006, WARN: Pragma configuration couldn't be found for the <MEMORY-SECTION> 'CANIF_CONFIG_DATA_POSTBUILD_UNSPECIFIED' present in the arxml file ecu_config\bsw\gen\bswmd\CanIf_Cfg_BSWMD.arxml.
MEMMAPGEN Message ID: AR_MEMMAP_WARN_006, WARN: Pragma configuration couldn't be found for the <MEMORY-SECTION> 'CANIF_CONFIG_DATA_POSTBUILD_UNSPECIFIED' present in the arxml file ecu_config\bsw\gen\bswmd\CanIf_Cfg_BSWMD.arxml.
MEMMAPGEN Message ID: AR_MEMMAP_WARN_006, WARN: Pragma configuration couldn't be found for the <MEMORY-SECTION> 'CANIF_CONFIG_DATA_UNSPECIFIED' present in the arxml file ecu_config\bsw\gen\bswmd\CanIf_Cfg_BSWMD.arxml.
MEMMAPGEN Message ID: AR_MEMMAP_WARN_006, WARN: Pragma configuration couldn't be found for the <MEMORY-SECTION> 'CANIF_CONFIG_DATA_UNSPECIFIED' present in the arxml file ecu_config\bsw\gen\bswmd\CanIf_Cfg_BSWMD.arxml.
MEMMAPGEN Message ID: AR_MEMMAP_WARN_006, WARN: Pragma configuration couldn't be found for the <MEMORY-SECTION> 'CANIF_CONST_16' present in the arxml file ecu_config\bsw\gen\bswmd\CanIf_Cfg_BSWMD.arxml.
MEMMAPGEN Message ID: AR_MEMMAP_WARN_006, WARN: Pragma configuration couldn't be found for the <MEMORY-SECTION> 'CANIF_CONST_16' present in the arxml file ecu_config\bsw\gen\bswmd\CanIf_Cfg_BSWMD.arxml.
MEMMAPGEN Message ID: AR_MEMMAP_WARN_006, WARN: Pragma configuration couldn't be found for the <MEMORY-SECTION> 'CANIF_CONST_32' present in the arxml file ecu_config\bsw\gen\bswmd\CanIf_Cfg_BSWMD.arxml.
MEMMAPGEN Message ID: AR_MEMMAP_WARN_006, WARN: Pragma configuration couldn't be found for the <MEMORY-SECTION> 'CANIF_CONST_32' present in the arxml file ecu_config\bsw\gen\bswmd\CanIf_Cfg_BSWMD.arxml.
MEMMAPGEN Message ID: AR_MEMMAP_WARN_006, WARN: Pragma configuration couldn't be found for the <MEMORY-SECTION> 'CANIF_CONST_8' present in the arxml file ecu_config\bsw\gen\bswmd\CanIf_Cfg_BSWMD.arxml.
MEMMAPGEN Message ID: AR_MEMMAP_WARN_006, WARN: Pragma configuration couldn't be found for the <MEMORY-SECTION> 'CANIF_CONST_8' present in the arxml file ecu_config\bsw\gen\bswmd\CanIf_Cfg_BSWMD.arxml.
MEMMAPGEN Message ID: AR_MEMMAP_WARN_006, WARN: Pragma configuration couldn't be found for the <MEMORY-SECTION> 'CANIF_CONST_UNSPECIFIED' present in the arxml file ecu_config\bsw\gen\bswmd\CanIf_Cfg_BSWMD.arxml.
MEMMAPGEN Message ID: AR_MEMMAP_WARN_006, WARN: Pragma configuration couldn't be found for the <MEMORY-SECTION> 'CANIF_CONST_UNSPECIFIED' present in the arxml file ecu_config\bsw\gen\bswmd\CanIf_Cfg_BSWMD.arxml.
MEMMAPGEN Message ID: AR_MEMMAP_WARN_006, WARN: Pragma configuration couldn't be found for the <MEMORY-SECTION> 'CANIF_VAR_CLEARED_16' present in the arxml file ecu_config\bsw\gen\bswmd\CanIf_Cfg_BSWMD.arxml.
MEMMAPGEN Message ID: AR_MEMMAP_WARN_006, WARN: Pragma configuration couldn't be found for the <MEMORY-SECTION> 'CANIF_VAR_CLEARED_16' present in the arxml file ecu_config\bsw\gen\bswmd\CanIf_Cfg_BSWMD.arxml.
MEMMAPGEN Message ID: AR_MEMMAP_WARN_006, WARN: Pragma configuration couldn't be found for the <MEMORY-SECTION> 'CANIF_VAR_CLEARED_32' present in the arxml file ecu_config\bsw\gen\bswmd\CanIf_Cfg_BSWMD.arxml.
MEMMAPGEN Message ID: AR_MEMMAP_WARN_006, WARN: Pragma configuration couldn't be found for the <MEMORY-SECTION> 'CANIF_VAR_CLEARED_32' present in the arxml file ecu_config\bsw\gen\bswmd\CanIf_Cfg_BSWMD.arxml.
MEMMAPGEN Message ID: AR_MEMMAP_WARN_006, WARN: Pragma configuration couldn't be found for the <MEMORY-SECTION> 'CANIF_VAR_CLEARED_8' present in the arxml file ecu_config\bsw\gen\bswmd\CanIf_Cfg_BSWMD.arxml.
MEMMAPGEN Message ID: AR_MEMMAP_WARN_006, WARN: Pragma configuration couldn't be found for the <MEMORY-SECTION> 'CANIF_VAR_CLEARED_8' present in the arxml file ecu_config\bsw\gen\bswmd\CanIf_Cfg_BSWMD.arxml.
MEMMAPGEN Message ID: AR_MEMMAP_WARN_006, WARN: Pragma configuration couldn't be found for the <MEMORY-SECTION> 'CANIF_VAR_CLEARED_UNSPECIFIED' present in the arxml file ecu_config\bsw\gen\bswmd\CanIf_Cfg_BSWMD.arxml.
MEMMAPGEN Message ID: AR_MEMMAP_WARN_006, WARN: Pragma configuration couldn't be found for the <MEMORY-SECTION> 'CANIF_VAR_CLEARED_UNSPECIFIED' present in the arxml file ecu_config\bsw\gen\bswmd\CanIf_Cfg_BSWMD.arxml.
MEMMAPGEN Message ID: AR_MEMMAP_WARN_006, WARN: Pragma configuration couldn't be found for the <MEMORY-SECTION> 'CANIF_VAR_FAST_CLEARED_32' present in the arxml file ecu_config\bsw\gen\bswmd\CanIf_Cfg_BSWMD.arxml.
MEMMAPGEN Message ID: AR_MEMMAP_WARN_006, WARN: Pragma configuration couldn't be found for the <MEMORY-SECTION> 'CANIF_VAR_FAST_CLEARED_32' present in the arxml file ecu_config\bsw\gen\bswmd\CanIf_Cfg_BSWMD.arxml.
MEMMAPGEN Message ID: AR_MEMMAP_WARN_006, WARN: Pragma configuration couldn't be found for the <MEMORY-SECTION> 'CANIF_VAR_FAST_CLEARED_8' present in the arxml file ecu_config\bsw\gen\bswmd\CanIf_Cfg_BSWMD.arxml.
MEMMAPGEN Message ID: AR_MEMMAP_WARN_006, WARN: Pragma configuration couldn't be found for the <MEMORY-SECTION> 'CANIF_VAR_FAST_CLEARED_8' present in the arxml file ecu_config\bsw\gen\bswmd\CanIf_Cfg_BSWMD.arxml.
MEMMAPGEN Message ID: AR_MEMMAP_WARN_006, WARN: Pragma configuration couldn't be found for the <MEMORY-SECTION> 'CANIF_VAR_FAST_CLEARED_UNSPECIFIED' present in the arxml file ecu_config\bsw\gen\bswmd\CanIf_Cfg_BSWMD.arxml.
MEMMAPGEN Message ID: AR_MEMMAP_WARN_006, WARN: Pragma configuration couldn't be found for the <MEMORY-SECTION> 'CANIF_VAR_FAST_CLEARED_UNSPECIFIED' present in the arxml file ecu_config\bsw\gen\bswmd\CanIf_Cfg_BSWMD.arxml.
MEMMAPGEN Message ID: AR_MEMMAP_WARN_006, WARN: Pragma configuration couldn't be found for the <MEMORY-SECTION> 'CanIf_CODE' present in the arxml file ecu_config\bsw\gen\bswmd\CanIf_Cfg_BSWMD.arxml.
MEMMAPGEN Message ID: AR_MEMMAP_WARN_006, WARN: Pragma configuration couldn't be found for the <MEMORY-SECTION> 'CanIf_CODE' present in the arxml file ecu_config\bsw\gen\bswmd\CanIf_Cfg_BSWMD.arxml.
MEMMAPGEN Message ID: AR_MEMMAP_WARN_006, WARN: Pragma configuration couldn't be found for the <MEMORY-SECTION> 'RBA_BSWSRV_CODE' present in the arxml file ecu_config\bsw\gen\bswmd\rba_BswSrv_BSWMD.arxml.
MEMMAPGEN Message ID: AR_MEMMAP_WARN_006, WARN: Pragma configuration couldn't be found for the <MEMORY-SECTION> 'RBA_BSWSRV_CODE' present in the arxml file ecu_config\bsw\gen\bswmd\rba_BswSrv_BSWMD.arxml.
MEMMAPGEN Message ID: AR_MEMMAP_WARN_006, WARN: Pragma configuration couldn't be found for the <MEMORY-SECTION> 'RBA_BSWSRV_CONFIG_DATA_UNSPECIFIED' present in the arxml file ecu_config\bsw\gen\bswmd\rba_BswSrv_BSWMD.arxml.
MEMMAPGEN Message ID: AR_MEMMAP_WARN_006, WARN: Pragma configuration couldn't be found for the <MEMORY-SECTION> 'RBA_BSWSRV_CONFIG_DATA_UNSPECIFIED' present in the arxml file ecu_config\bsw\gen\bswmd\rba_BswSrv_BSWMD.arxml.
MEMMAPGEN Message ID: AR_MEMMAP_WARN_006, WARN: Pragma configuration couldn't be found for the <MEMORY-SECTION> 'RBA_BSWSRV_VAR_CLEARED_32' present in the arxml file ecu_config\bsw\gen\bswmd\rba_BswSrv_BSWMD.arxml.
MEMMAPGEN Message ID: AR_MEMMAP_WARN_006, WARN: Pragma configuration couldn't be found for the <MEMORY-SECTION> 'RBA_BSWSRV_VAR_CLEARED_32' present in the arxml file ecu_config\bsw\gen\bswmd\rba_BswSrv_BSWMD.arxml.
MEMMAPGEN Message ID: AR_MEMMAP_WARN_006, WARN: Pragma configuration couldn't be found for the <MEMORY-SECTION> 'RBA_BSWSRV_VAR_CLEARED_UNSPECIFIED' present in the arxml file ecu_config\bsw\gen\bswmd\rba_BswSrv_BSWMD.arxml.
MEMMAPGEN Message ID: AR_MEMMAP_WARN_006, WARN: Pragma configuration couldn't be found for the <MEMORY-SECTION> 'RBA_BSWSRV_VAR_CLEARED_UNSPECIFIED' present in the arxml file ecu_config\bsw\gen\bswmd\rba_BswSrv_BSWMD.arxml.
MEMMAPGEN Message ID: AR_MEMMAP_WARN_006, WARN: Pragma configuration couldn't be found for the <MEMORY-SECTION> 'RBA_BSWSRV_VAR_INIT_UNSPECIFIED' present in the arxml file ecu_config\bsw\gen\bswmd\rba_BswSrv_BSWMD.arxml.
MEMMAPGEN Message ID: AR_MEMMAP_WARN_006, WARN: Pragma configuration couldn't be found for the <MEMORY-SECTION> 'RBA_BSWSRV_VAR_INIT_UNSPECIFIED' present in the arxml file ecu_config\bsw\gen\bswmd\rba_BswSrv_BSWMD.arxml.
MEMMAPGEN_SYSTEM: Time taken by Definition 'MCU_RB_GENERIC_ARMEMMAP_PRAGMA_CONFIG_ENTRY'677ms (0s)
MEMMAPGEN_SYSTEM: ...Code Generation, template processing took 5010ms (5s).
MEMMAPGEN_SYSTEM: Ending AR memmap file generation...
MEMMAPGEN Message ID: MEMMAPGEN_SYSTEM_RUNTIME, INFO: Total time taken for AR memmap file generation: 13923ms (13s)
INFORMATION: # ICE/ARMEMMAP: Ending 
MEMMAPGEN_SYSTEM: Shutting down MEMMAPGEN...
INFORMATION: ARMemMap Headless Application: Errorlevel: 0  
Command: [C:/ETAS/RTA-CAR_12.2.0/RTA-MEMMAP_12.2.0/eclipse/MemMapGen.exe, -vm, C:\ETAS\RTA-CAR_12.2.0\ISOLAR-AB_12.2.1\javalibs\jdk/bin/java.exe, --prj_root, C:/ETAS/RTA-CAR_12.2.0/RTA-CAR/Workspace_ETAS_RTA_CAR_12.2.0/workspace/Basic_Workflow, -consoleLog, --optionsfile, C:/ETAS/RTA-CAR_12.2.0/RTA-CAR/Workspace_ETAS_RTA_CAR_12.2.0/workspace/Basic_Workflow/src/memmap/memmap.opt]
Execution of action RTA-MEMMAP successfully completed
********************************************************************************
********************************************************************************
Post build execution has started at 10:50:32:017 hh:mm:ss:ms 
********************************************************************************
Execute action: RtaMemMapPostProcessor 
********************************************************************************
Execution of action RtaMemMapPostProcessor successfully completed
********************************************************************************

********************************************************************************
Pre Build Summary 
********************************************************************************
- RtaMemMapPreProcessor --> Success (Executed for 00:00:00:423 hh:mm:ss:ms)
Build Summary 
********************************************************************************
- RTA-MEMMAP --> Success (Executed for 00:00:30:239 hh:mm:ss:ms)
********************************************************************************
Post Build Summary 
********************************************************************************
- RtaMemMapPostProcessor --> Success (Executed for 00:00:00:031 hh:mm:ss:ms)
Time taken for the complete build: 00:00:32:192
