Start at 29.02.2024 15:14:54
RTA-OS Code Generator 
Version 12.2.0.35369, Copyright © ETAS 2023
Warning: No ECU information found when reading input file 'C:/ETAS/RTA-CAR_12.2.0/RTA-CAR/workspace/NewProjectFromScratch/ecu_config/bsw/ecucvalues/BswM_EcucValues.arxml'.
Warning: No ECU information found when reading input file 'C:/ETAS/RTA-CAR_12.2.0/RTA-CAR/workspace/NewProjectFromScratch/ecu_config/bsw/ecucvalues/BswM_ModeMapping.arxml'.
Warning: No ECU information found when reading input file 'C:/ETAS/RTA-CAR_12.2.0/RTA-CAR/workspace/NewProjectFromScratch/ecu_config/bsw/ecucvalues/EcuM_EcucValues.arxml'.
Warning: No ECU information found when reading input file 'C:/ETAS/RTA-CAR_12.2.0/RTA-CAR/workspace/NewProjectFromScratch/ecu_config/bsw/gen/ComM_EOC.arxml'.
Warning: No ECU information found when reading input file 'C:/ETAS/RTA-CAR_12.2.0/RTA-CAR/workspace/NewProjectFromScratch/ecu_config/bsw/gen/Com_EOC.arxml'.
Warning: No ECU information found when reading input file 'C:/ETAS/RTA-CAR_12.2.0/RTA-CAR/workspace/NewProjectFromScratch/ecu_config/bsw/gen/bswmd/Bfx_BSWMD.arxml'.
Warning: No ECU information found when reading input file 'C:/ETAS/RTA-CAR_12.2.0/RTA-CAR/workspace/NewProjectFromScratch/ecu_config/bsw/gen/bswmd/BswM_Cfg_BSWMD.arxml'.
Warning: No ECU information found when reading input file 'C:/ETAS/RTA-CAR_12.2.0/RTA-CAR/workspace/NewProjectFromScratch/ecu_config/bsw/gen/bswmd/CanIf_BSWMD.arxml'.
Warning: No ECU information found when reading input file 'C:/ETAS/RTA-CAR_12.2.0/RTA-CAR/workspace/NewProjectFromScratch/ecu_config/bsw/gen/bswmd/CanIf_Cfg_BSWMD.arxml'.
Warning: No ECU information found when reading input file 'C:/ETAS/RTA-CAR_12.2.0/RTA-CAR/workspace/NewProjectFromScratch/ecu_config/bsw/gen/bswmd/CanIf_EOC.arxml'.
Warning: No ECU information found when reading input file 'C:/ETAS/RTA-CAR_12.2.0/RTA-CAR/workspace/NewProjectFromScratch/ecu_config/bsw/gen/bswmd/CanSM_BSWMD.arxml'.
Warning: No ECU information found when reading input file 'C:/ETAS/RTA-CAR_12.2.0/RTA-CAR/workspace/NewProjectFromScratch/ecu_config/bsw/gen/bswmd/CanSM_Cfg_BSWMD.arxml'.
Warning: No ECU information found when reading input file 'C:/ETAS/RTA-CAR_12.2.0/RTA-CAR/workspace/NewProjectFromScratch/ecu_config/bsw/gen/bswmd/CanSM_EOC.arxml'.
Warning: No ECU information found when reading input file 'C:/ETAS/RTA-CAR_12.2.0/RTA-CAR/workspace/NewProjectFromScratch/ecu_config/bsw/gen/bswmd/ComM_Cfg_BSWMD.arxml'.
Warning: No ECU information found when reading input file 'C:/ETAS/RTA-CAR_12.2.0/RTA-CAR/workspace/NewProjectFromScratch/ecu_config/bsw/gen/bswmd/Com_Cfg_BSWMD.arxml'.
Warning: No ECU information found when reading input file 'C:/ETAS/RTA-CAR_12.2.0/RTA-CAR/workspace/NewProjectFromScratch/ecu_config/bsw/gen/bswmd/EcuM_BSWMD.arxml'.
Warning: No ECU information found when reading input file 'C:/ETAS/RTA-CAR_12.2.0/RTA-CAR/workspace/NewProjectFromScratch/ecu_config/bsw/gen/bswmd/EcuM_Cfg_BSWMD.arxml'.
Warning: No ECU information found when reading input file 'C:/ETAS/RTA-CAR_12.2.0/RTA-CAR/workspace/NewProjectFromScratch/ecu_config/bsw/gen/bswmd/Fls_Cfg_BSWMD.arxml'.
Warning: No ECU information found when reading input file 'C:/ETAS/RTA-CAR_12.2.0/RTA-CAR/workspace/NewProjectFromScratch/ecu_config/bsw/gen/bswmd/PduR_Cfg_BSWMD.arxml'.
Warning: No ECU information found when reading input file 'C:/ETAS/RTA-CAR_12.2.0/RTA-CAR/workspace/NewProjectFromScratch/ecu_config/bsw/gen/bswmd/PduR_EOC.arxml'.
Warning: No ECU information found when reading input file 'C:/ETAS/RTA-CAR_12.2.0/RTA-CAR/workspace/NewProjectFromScratch/ecu_config/bsw/gen/bswmd/rba_BswSrv_BSWMD.arxml'.
Warning: No ECU information found when reading input file 'C:/ETAS/RTA-CAR_12.2.0/RTA-CAR/workspace/NewProjectFromScratch/ecu_config/bsw/gen/bswmd/rba_DiagLib_Cfg_BSWMD.arxml'.
Warning: No ECU information found when reading input file 'C:/ETAS/RTA-CAR_12.2.0/RTA-CAR/workspace/NewProjectFromScratch/ecu_config/bsw/gen/swcd/BswM_Cfg_SWCD.arxml'.
Warning: No ECU information found when reading input file 'C:/ETAS/RTA-CAR_12.2.0/RTA-CAR/workspace/NewProjectFromScratch/ecu_config/bsw/gen/swcd/ComM_Cfg_SWCD.arxml'.
Warning: No ECU information found when reading input file 'C:/ETAS/RTA-CAR_12.2.0/RTA-CAR/workspace/NewProjectFromScratch/ecu_config/bsw/gen/swcd/ComM_SWCD.arxml'.
Warning: No ECU information found when reading input file 'C:/ETAS/RTA-CAR_12.2.0/RTA-CAR/workspace/NewProjectFromScratch/ecu_config/bsw/gen/swcd/EcuM_Cfg_SWCD.arxml'.
Warning: No ECU information found when reading input file 'C:/ETAS/RTA-CAR_12.2.0/RTA-CAR/workspace/NewProjectFromScratch/ecu_config/bsw/gen/swcd/rba_DiagLib_Cfg_SWCD.arxml'.
Warning: No ECU information found when reading input file 'C:/ETAS/RTA-CAR_12.2.0/RTA-CAR/workspace/NewProjectFromScratch/ecu_config/bsw/integrationCfg/Can_BSWMD.arxml'.
Warning: No ECU information found when reading input file 'C:/ETAS/RTA-CAR_12.2.0/RTA-CAR/workspace/NewProjectFromScratch/ecu_config/bsw/integrationCfg/Compiler.arxml'.
Warning: No ECU information found when reading input file 'C:/ETAS/RTA-CAR_12.2.0/RTA-CAR/workspace/NewProjectFromScratch/ecu_config/bsw/integrationCfg/Fls_BSWMD.arxml'.
Warning: No ECU information found when reading input file 'C:/ETAS/RTA-CAR_12.2.0/RTA-CAR/workspace/NewProjectFromScratch/ecu_config/bsw/integrationCfg/Fls_BSWMD_EcucValues.arxml'.
Warning: No ECU information found when reading input file 'C:/ETAS/RTA-CAR_12.2.0/RTA-CAR/workspace/NewProjectFromScratch/ecu_config/bsw/integrationCfg/Platform.arxml'.
Warning: No ECU information found when reading input file 'C:/ETAS/RTA-CAR_12.2.0/RTA-CAR/workspace/NewProjectFromScratch/ecu_config/bsw/internal/bswmd_ecuc_values/CanIf_Prot_EcucValues.arxml'.
Warning: No ECU information found when reading input file 'C:/ETAS/RTA-CAR_12.2.0/RTA-CAR/workspace/NewProjectFromScratch/ecu_config/bsw/internal/bswmd_ecuc_values/CanSM_Prot_EcucValues.arxml'.
Warning: No ECU information found when reading input file 'C:/ETAS/RTA-CAR_12.2.0/RTA-CAR/workspace/NewProjectFromScratch/ecu_config/bsw/internal/bswmd_ecuc_values/ComM_Prot_EcucValues.arxml'.
Warning: No ECU information found when reading input file 'C:/ETAS/RTA-CAR_12.2.0/RTA-CAR/workspace/NewProjectFromScratch/ecu_config/bsw/internal/bswmd_ecuc_values/Com_Prot_EcucValues.arxml'.
Warning: No ECU information found when reading input file 'C:/ETAS/RTA-CAR_12.2.0/RTA-CAR/workspace/NewProjectFromScratch/ecu_config/bsw/internal/bswmd_ecuc_values/PduR_Prot_EcucValues.arxml'.
Warning: No ECU information found when reading input file 'C:/ETAS/RTA-CAR_12.2.0/RTA-CAR/workspace/NewProjectFromScratch/ecu_config/bsw/internal/rba_BswSrv_EcucValues.arxml'.
Warning: No ECU information found when reading input file 'C:/ETAS/RTA-CAR_12.2.0/RTA-CAR/workspace/NewProjectFromScratch/src/bsw/CanIf/integration/Can_GeneralTypes.arxml'.
Selected target VRTA[MinGW] V3.0.51.2700
.......
Stop at 29.02.2024 15:15:13
