Start at 16.02.2024 10:09:01
RTA-OS Code Generator 
Version 12.2.0.35369, Copyright © ETAS 2023
Warning: No ECU information found when reading input file 'C:/ETAS/RTA-CAR_12.2.0/RTA-CAR/Workspace_ETAS_RTA_CAR_12.2.0/workspace/Basic_Workflow/ecu_config/bsw/Bfx_EcucValues.arxml'.
Warning: No ECU information found when reading input file 'C:/ETAS/RTA-CAR_12.2.0/RTA-CAR/Workspace_ETAS_RTA_CAR_12.2.0/workspace/Basic_Workflow/ecu_config/bsw/Compiler_EcucValues.arxml'.
Warning: No ECU information found when reading input file 'C:/ETAS/RTA-CAR_12.2.0/RTA-CAR/Workspace_ETAS_RTA_CAR_12.2.0/workspace/Basic_Workflow/ecu_config/bsw/Det_EcucValues.arxml'.
Warning: No ECU information found when reading input file 'C:/ETAS/RTA-CAR_12.2.0/RTA-CAR/Workspace_ETAS_RTA_CAR_12.2.0/workspace/Basic_Workflow/ecu_config/bsw/Platform_EcucValues.arxml'.
Warning: No ECU information found when reading input file 'C:/ETAS/RTA-CAR_12.2.0/RTA-CAR/Workspace_ETAS_RTA_CAR_12.2.0/workspace/Basic_Workflow/ecu_config/bsw/gen/ComM_EOC.arxml'.
Warning: No ECU information found when reading input file 'C:/ETAS/RTA-CAR_12.2.0/RTA-CAR/Workspace_ETAS_RTA_CAR_12.2.0/workspace/Basic_Workflow/ecu_config/bsw/gen/Com_EOC.arxml'.
Warning: No ECU information found when reading input file 'C:/ETAS/RTA-CAR_12.2.0/RTA-CAR/Workspace_ETAS_RTA_CAR_12.2.0/workspace/Basic_Workflow/ecu_config/bsw/gen/bswmd/Bfx_BSWMD.arxml'.
Warning: No ECU information found when reading input file 'C:/ETAS/RTA-CAR_12.2.0/RTA-CAR/Workspace_ETAS_RTA_CAR_12.2.0/workspace/Basic_Workflow/ecu_config/bsw/gen/bswmd/BswM_Cfg_BSWMD.arxml'.
Warning: No ECU information found when reading input file 'C:/ETAS/RTA-CAR_12.2.0/RTA-CAR/Workspace_ETAS_RTA_CAR_12.2.0/workspace/Basic_Workflow/ecu_config/bsw/gen/bswmd/CanIf_BSWMD.arxml'.
Warning: No ECU information found when reading input file 'C:/ETAS/RTA-CAR_12.2.0/RTA-CAR/Workspace_ETAS_RTA_CAR_12.2.0/workspace/Basic_Workflow/ecu_config/bsw/gen/bswmd/CanIf_Cfg_BSWMD.arxml'.
Warning: No ECU information found when reading input file 'C:/ETAS/RTA-CAR_12.2.0/RTA-CAR/Workspace_ETAS_RTA_CAR_12.2.0/workspace/Basic_Workflow/ecu_config/bsw/gen/bswmd/CanIf_EOC.arxml'.
Warning: No ECU information found when reading input file 'C:/ETAS/RTA-CAR_12.2.0/RTA-CAR/Workspace_ETAS_RTA_CAR_12.2.0/workspace/Basic_Workflow/ecu_config/bsw/gen/bswmd/CanSM_BSWMD.arxml'.
Warning: No ECU information found when reading input file 'C:/ETAS/RTA-CAR_12.2.0/RTA-CAR/Workspace_ETAS_RTA_CAR_12.2.0/workspace/Basic_Workflow/ecu_config/bsw/gen/bswmd/CanSM_Cfg_BSWMD.arxml'.
Warning: No ECU information found when reading input file 'C:/ETAS/RTA-CAR_12.2.0/RTA-CAR/Workspace_ETAS_RTA_CAR_12.2.0/workspace/Basic_Workflow/ecu_config/bsw/gen/bswmd/CanSM_EOC.arxml'.
Warning: No ECU information found when reading input file 'C:/ETAS/RTA-CAR_12.2.0/RTA-CAR/Workspace_ETAS_RTA_CAR_12.2.0/workspace/Basic_Workflow/ecu_config/bsw/gen/bswmd/ComM_Cfg_BSWMD.arxml'.
Warning: No ECU information found when reading input file 'C:/ETAS/RTA-CAR_12.2.0/RTA-CAR/Workspace_ETAS_RTA_CAR_12.2.0/workspace/Basic_Workflow/ecu_config/bsw/gen/bswmd/Com_Cfg_BSWMD.arxml'.
Warning: No ECU information found when reading input file 'C:/ETAS/RTA-CAR_12.2.0/RTA-CAR/Workspace_ETAS_RTA_CAR_12.2.0/workspace/Basic_Workflow/ecu_config/bsw/gen/bswmd/Det_BSWMD.arxml'.
Warning: No ECU information found when reading input file 'C:/ETAS/RTA-CAR_12.2.0/RTA-CAR/Workspace_ETAS_RTA_CAR_12.2.0/workspace/Basic_Workflow/ecu_config/bsw/gen/bswmd/EcuM_BSWMD.arxml'.
Warning: No ECU information found when reading input file 'C:/ETAS/RTA-CAR_12.2.0/RTA-CAR/Workspace_ETAS_RTA_CAR_12.2.0/workspace/Basic_Workflow/ecu_config/bsw/gen/bswmd/EcuM_Cfg_BSWMD.arxml'.
Warning: No ECU information found when reading input file 'C:/ETAS/RTA-CAR_12.2.0/RTA-CAR/Workspace_ETAS_RTA_CAR_12.2.0/workspace/Basic_Workflow/ecu_config/bsw/gen/bswmd/PduR_Cfg_BSWMD.arxml'.
Warning: No ECU information found when reading input file 'C:/ETAS/RTA-CAR_12.2.0/RTA-CAR/Workspace_ETAS_RTA_CAR_12.2.0/workspace/Basic_Workflow/ecu_config/bsw/gen/bswmd/PduR_EOC.arxml'.
Warning: No ECU information found when reading input file 'C:/ETAS/RTA-CAR_12.2.0/RTA-CAR/Workspace_ETAS_RTA_CAR_12.2.0/workspace/Basic_Workflow/ecu_config/bsw/gen/bswmd/rba_BswSrv_BSWMD.arxml'.
Warning: No ECU information found when reading input file 'C:/ETAS/RTA-CAR_12.2.0/RTA-CAR/Workspace_ETAS_RTA_CAR_12.2.0/workspace/Basic_Workflow/ecu_config/bsw/gen/bswmd/rba_DiagLib_Cfg_BSWMD.arxml'.
Warning: No ECU information found when reading input file 'C:/ETAS/RTA-CAR_12.2.0/RTA-CAR/Workspace_ETAS_RTA_CAR_12.2.0/workspace/Basic_Workflow/ecu_config/bsw/gen/swcd/BswM_Cfg_SWCD.arxml'.
Warning: No ECU information found when reading input file 'C:/ETAS/RTA-CAR_12.2.0/RTA-CAR/Workspace_ETAS_RTA_CAR_12.2.0/workspace/Basic_Workflow/ecu_config/bsw/gen/swcd/ComM_Cfg_SWCD.arxml'.
Warning: No ECU information found when reading input file 'C:/ETAS/RTA-CAR_12.2.0/RTA-CAR/Workspace_ETAS_RTA_CAR_12.2.0/workspace/Basic_Workflow/ecu_config/bsw/gen/swcd/ComM_SWCD.arxml'.
Warning: No ECU information found when reading input file 'C:/ETAS/RTA-CAR_12.2.0/RTA-CAR/Workspace_ETAS_RTA_CAR_12.2.0/workspace/Basic_Workflow/ecu_config/bsw/gen/swcd/Det_Cfg_SWCD.arxml'.
Warning: No ECU information found when reading input file 'C:/ETAS/RTA-CAR_12.2.0/RTA-CAR/Workspace_ETAS_RTA_CAR_12.2.0/workspace/Basic_Workflow/ecu_config/bsw/gen/swcd/EcuM_Cfg_SWCD.arxml'.
Warning: No ECU information found when reading input file 'C:/ETAS/RTA-CAR_12.2.0/RTA-CAR/Workspace_ETAS_RTA_CAR_12.2.0/workspace/Basic_Workflow/ecu_config/bsw/gen/swcd/rba_DiagLib_Cfg_SWCD.arxml'.
Warning: No ECU information found when reading input file 'C:/ETAS/RTA-CAR_12.2.0/RTA-CAR/Workspace_ETAS_RTA_CAR_12.2.0/workspace/Basic_Workflow/ecu_config/bsw/internal/bswmd_ecuc_values/CanIf_Prot_EcucValues.arxml'.
Warning: No ECU information found when reading input file 'C:/ETAS/RTA-CAR_12.2.0/RTA-CAR/Workspace_ETAS_RTA_CAR_12.2.0/workspace/Basic_Workflow/ecu_config/bsw/internal/bswmd_ecuc_values/CanSM_Prot_EcucValues.arxml'.
Warning: No ECU information found when reading input file 'C:/ETAS/RTA-CAR_12.2.0/RTA-CAR/Workspace_ETAS_RTA_CAR_12.2.0/workspace/Basic_Workflow/ecu_config/bsw/internal/bswmd_ecuc_values/ComM_Prot_EcucValues.arxml'.
Warning: No ECU information found when reading input file 'C:/ETAS/RTA-CAR_12.2.0/RTA-CAR/Workspace_ETAS_RTA_CAR_12.2.0/workspace/Basic_Workflow/ecu_config/bsw/internal/bswmd_ecuc_values/Com_Prot_EcucValues.arxml'.
Warning: No ECU information found when reading input file 'C:/ETAS/RTA-CAR_12.2.0/RTA-CAR/Workspace_ETAS_RTA_CAR_12.2.0/workspace/Basic_Workflow/ecu_config/bsw/internal/bswmd_ecuc_values/PduR_Prot_EcucValues.arxml'.
Warning: No ECU information found when reading input file 'C:/ETAS/RTA-CAR_12.2.0/RTA-CAR/Workspace_ETAS_RTA_CAR_12.2.0/workspace/Basic_Workflow/ecu_config/bsw/internal/rba_BswSrv_EcucValues.arxml'.
Selected target VRTA[MinGW] V3.0.51.2700
......................................................................................................
Stop at 16.02.2024 10:09:21
Information: ScheduleTable Rte_ScheduleTable has 100 expiry points.
Information: Updated 'RTAOS.lib'

Errors: 0, Warnings: 35.
Stop at 16.02.2024 10:09:21
